{"/Users/jtoumey/Code/react/sunnies/src/Theme.tsx": {"path":"/Users/jtoumey/Code/react/sunnies/src/Theme.tsx","statementMap":{"0":{"start":{"line":17,"column":27},"end":{"line":28,"column":1}},"1":{"start":{"line":35,"column":26},"end":{"line":322,"column":1}},"2":{"start":{"line":327,"column":26},"end":{"line":337,"column":1}},"3":{"start":{"line":328,"column":1},"end":{"line":336,"column":2}},"4":{"start":{"line":329,"column":2},"end":{"line":329,"column":18}},"5":{"start":{"line":331,"column":2},"end":{"line":335,"column":4}},"6":{"start":{"line":342,"column":21},"end":{"line":348,"column":1}},"7":{"start":{"line":343,"column":1},"end":{"line":347,"column":3}}},"fnMap":{"0":{"name":"(anonymous_0)","decl":{"start":{"line":327,"column":26},"end":{"line":327,"column":27}},"loc":{"start":{"line":327,"column":49},"end":{"line":337,"column":1}},"line":327},"1":{"name":"(anonymous_1)","decl":{"start":{"line":342,"column":21},"end":{"line":342,"column":22}},"loc":{"start":{"line":342,"column":37},"end":{"line":348,"column":1}},"line":342}},"branchMap":{"0":{"loc":{"start":{"line":328,"column":1},"end":{"line":336,"column":2}},"type":"if","locations":[{"start":{"line":328,"column":1},"end":{"line":336,"column":2}},{"start":{"line":328,"column":1},"end":{"line":336,"column":2}}],"line":328}},"s":{"0":22,"1":22,"2":22,"3":36,"4":0,"5":36,"6":22,"7":36},"f":{"0":36,"1":36},"b":{"0":[0,36]},"_coverageSchema":"43e27e138ebf9cfc5966b082cf9a028302ed4184","hash":"359ec5f2f676d9feabb8a3241044cd951e304bcd"}
,"/Users/jtoumey/Code/react/sunnies/src/elements/index.tsx": {"path":"/Users/jtoumey/Code/react/sunnies/src/elements/index.tsx","statementMap":{},"fnMap":{},"branchMap":{},"s":{},"f":{},"b":{},"_coverageSchema":"43e27e138ebf9cfc5966b082cf9a028302ed4184","hash":"c59a3b83135ca06b7485a2ac250e2e6d7d3f1ae9"}
,"/Users/jtoumey/Code/react/sunnies/src/elements/Avatar/Avatar.ios.tsx": {"path":"/Users/jtoumey/Code/react/sunnies/src/elements/Avatar/Avatar.ios.tsx","statementMap":{"0":{"start":{"line":5,"column":21},"end":{"line":9,"column":1}},"1":{"start":{"line":11,"column":54},"end":{"line":33,"column":1}},"2":{"start":{"line":12,"column":18},"end":{"line":12,"column":50}},"3":{"start":{"line":14,"column":1},"end":{"line":32,"column":3}},"4":{"start":{"line":17,"column":4},"end":{"line":28,"column":6}}},"fnMap":{"0":{"name":"(anonymous_0)","decl":{"start":{"line":11,"column":54},"end":{"line":11,"column":55}},"loc":{"start":{"line":11,"column":72},"end":{"line":33,"column":1}},"line":11},"1":{"name":"(anonymous_1)","decl":{"start":{"line":16,"column":17},"end":{"line":16,"column":18}},"loc":{"start":{"line":17,"column":4},"end":{"line":28,"column":6}},"line":17}},"branchMap":{"0":{"loc":{"start":{"line":12,"column":31},"end":{"line":12,"column":49}},"type":"binary-expr","locations":[{"start":{"line":12,"column":31},"end":{"line":12,"column":41}},{"start":{"line":12,"column":45},"end":{"line":12,"column":49}}],"line":12}},"s":{"0":0,"1":0,"2":0,"3":0,"4":0},"f":{"0":0,"1":0},"b":{"0":[0,0]},"hash":"4eb76574f586d842767f0c2080e70b1eae14ab26"}
,"/Users/jtoumey/Code/react/sunnies/src/elements/Avatar/Avatar.shared.tsx": {"path":"/Users/jtoumey/Code/react/sunnies/src/elements/Avatar/Avatar.shared.tsx","statementMap":{"0":{"start":{"line":16,"column":31},"end":{"line":29,"column":1}},"1":{"start":{"line":34,"column":25},"end":{"line":44,"column":1}},"2":{"start":{"line":35,"column":1},"end":{"line":43,"column":2}},"3":{"start":{"line":37,"column":3},"end":{"line":37,"column":18}},"4":{"start":{"line":39,"column":3},"end":{"line":39,"column":18}},"5":{"start":{"line":42,"column":3},"end":{"line":42,"column":18}},"6":{"start":{"line":58,"column":26},"end":{"line":93,"column":1}},"7":{"start":{"line":64,"column":32},"end":{"line":64,"column":47}},"8":{"start":{"line":66,"column":1},"end":{"line":92,"column":2}},"9":{"start":{"line":67,"column":2},"end":{"line":67,"column":24}},"10":{"start":{"line":68,"column":8},"end":{"line":92,"column":2}},"11":{"start":{"line":70,"column":25},"end":{"line":70,"column":64}},"12":{"start":{"line":72,"column":2},"end":{"line":89,"column":4}},"13":{"start":{"line":91,"column":2},"end":{"line":91,"column":14}},"14":{"start":{"line":96,"column":30},"end":{"line":101,"column":1}},"15":{"start":{"line":98,"column":30},"end":{"line":98,"column":60}},"16":{"start":{"line":103,"column":0},"end":{"line":103,"column":46}}},"fnMap":{"0":{"name":"(anonymous_0)","decl":{"start":{"line":34,"column":25},"end":{"line":34,"column":26}},"loc":{"start":{"line":34,"column":35},"end":{"line":44,"column":1}},"line":34},"1":{"name":"(anonymous_1)","decl":{"start":{"line":58,"column":26},"end":{"line":58,"column":27}},"loc":{"start":{"line":63,"column":36},"end":{"line":93,"column":1}},"line":63},"2":{"name":"(anonymous_2)","decl":{"start":{"line":98,"column":19},"end":{"line":98,"column":20}},"loc":{"start":{"line":98,"column":30},"end":{"line":98,"column":60}},"line":98}},"branchMap":{"0":{"loc":{"start":{"line":35,"column":1},"end":{"line":43,"column":2}},"type":"switch","locations":[{"start":{"line":36,"column":2},"end":{"line":37,"column":18}},{"start":{"line":38,"column":2},"end":{"line":39,"column":18}},{"start":{"line":40,"column":2},"end":{"line":40,"column":12}},{"start":{"line":41,"column":2},"end":{"line":42,"column":18}}],"line":35},"1":{"loc":{"start":{"line":61,"column":1},"end":{"line":61,"column":12}},"type":"default-arg","locations":[{"start":{"line":61,"column":8},"end":{"line":61,"column":12}}],"line":61},"2":{"loc":{"start":{"line":66,"column":1},"end":{"line":92,"column":2}},"type":"if","locations":[{"start":{"line":66,"column":1},"end":{"line":92,"column":2}},{"start":{"line":66,"column":1},"end":{"line":92,"column":2}}],"line":66},"3":{"loc":{"start":{"line":68,"column":8},"end":{"line":92,"column":2}},"type":"if","locations":[{"start":{"line":68,"column":8},"end":{"line":92,"column":2}},{"start":{"line":68,"column":8},"end":{"line":92,"column":2}}],"line":68},"4":{"loc":{"start":{"line":70,"column":25},"end":{"line":70,"column":64}},"type":"cond-expr","locations":[{"start":{"line":70,"column":47},"end":{"line":70,"column":53}},{"start":{"line":70,"column":56},"end":{"line":70,"column":64}}],"line":70}},"s":{"0":6,"1":6,"2":18,"3":3,"4":3,"5":12,"6":6,"7":7,"8":7,"9":2,"10":5,"11":4,"12":4,"13":1,"14":6,"15":4,"16":6},"f":{"0":18,"1":7,"2":4},"b":{"0":[3,3,12,12],"1":[0],"2":[2,5],"3":[4,1],"4":[0,4]},"_coverageSchema":"43e27e138ebf9cfc5966b082cf9a028302ed4184","hash":"59e985510016f4200ae9496e4ee86cb108c01aca"}
,"/Users/jtoumey/Code/react/sunnies/src/elements/Avatar/Avatar.story.tsx": {"path":"/Users/jtoumey/Code/react/sunnies/src/elements/Avatar/Avatar.story.tsx","statementMap":{"0":{"start":{"line":5,"column":15},"end":{"line":5,"column":63}},"1":{"start":{"line":7,"column":0},"end":{"line":31,"column":4}},"2":{"start":{"line":9,"column":2},"end":{"line":14,"column":4}},"3":{"start":{"line":17,"column":2},"end":{"line":22,"column":4}},"4":{"start":{"line":25,"column":2},"end":{"line":30,"column":4}}},"fnMap":{"0":{"name":"(anonymous_0)","decl":{"start":{"line":8,"column":12},"end":{"line":8,"column":13}},"loc":{"start":{"line":8,"column":18},"end":{"line":15,"column":2}},"line":8},"1":{"name":"(anonymous_1)","decl":{"start":{"line":16,"column":12},"end":{"line":16,"column":13}},"loc":{"start":{"line":16,"column":18},"end":{"line":23,"column":2}},"line":16},"2":{"name":"(anonymous_2)","decl":{"start":{"line":24,"column":12},"end":{"line":24,"column":13}},"loc":{"start":{"line":24,"column":18},"end":{"line":31,"column":2}},"line":24}},"branchMap":{},"s":{"0":0,"1":0,"2":0,"3":0,"4":0},"f":{"0":0,"1":0,"2":0},"b":{},"hash":"3fe19574e3a86dc660164baaba3dccd21df287c2"}
,"/Users/jtoumey/Code/react/sunnies/src/elements/Avatar/Avatar.tsx": {"path":"/Users/jtoumey/Code/react/sunnies/src/elements/Avatar/Avatar.tsx","statementMap":{"0":{"start":{"line":10,"column":22},"end":{"line":34,"column":1}},"1":{"start":{"line":16,"column":22},"end":{"line":16,"column":37}},"2":{"start":{"line":18,"column":1},"end":{"line":33,"column":3}},"3":{"start":{"line":24,"column":4},"end":{"line":30,"column":6}}},"fnMap":{"0":{"name":"(anonymous_0)","decl":{"start":{"line":10,"column":22},"end":{"line":10,"column":23}},"loc":{"start":{"line":15,"column":22},"end":{"line":34,"column":1}},"line":15},"1":{"name":"(anonymous_1)","decl":{"start":{"line":23,"column":17},"end":{"line":23,"column":18}},"loc":{"start":{"line":24,"column":4},"end":{"line":30,"column":6}},"line":24}},"branchMap":{"0":{"loc":{"start":{"line":13,"column":1},"end":{"line":13,"column":17}},"type":"default-arg","locations":[{"start":{"line":13,"column":12},"end":{"line":13,"column":17}}],"line":13},"1":{"loc":{"start":{"line":14,"column":1},"end":{"line":14,"column":12}},"type":"default-arg","locations":[{"start":{"line":14,"column":8},"end":{"line":14,"column":12}}],"line":14}},"s":{"0":6,"1":7,"2":7,"3":2},"f":{"0":7,"1":2},"b":{"0":[6],"1":[4]},"_coverageSchema":"43e27e138ebf9cfc5966b082cf9a028302ed4184","hash":"7d6c89a90bb03197ffc50a28674f0d26b7e4d851"}
,"/Users/jtoumey/Code/react/sunnies/src/elements/Avatar/index.tsx": {"path":"/Users/jtoumey/Code/react/sunnies/src/elements/Avatar/index.tsx","statementMap":{},"fnMap":{},"branchMap":{},"s":{},"f":{},"b":{},"_coverageSchema":"43e27e138ebf9cfc5966b082cf9a028302ed4184","hash":"6b32a57ca4a81868be396a427ada763be081a02b"}
,"/Users/jtoumey/Code/react/sunnies/src/elements/Banner/Banner.ios.tsx": {"path":"/Users/jtoumey/Code/react/sunnies/src/elements/Banner/Banner.ios.tsx","statementMap":{},"fnMap":{},"branchMap":{},"s":{},"f":{},"b":{},"hash":"a41560c439b07b0d6a71b572a4e790edd67ea3e0"}
,"/Users/jtoumey/Code/react/sunnies/src/elements/Banner/Banner.tsx": {"path":"/Users/jtoumey/Code/react/sunnies/src/elements/Banner/Banner.tsx","statementMap":{"0":{"start":{"line":8,"column":15},"end":{"line":15,"column":1}},"1":{"start":{"line":17,"column":16},"end":{"line":20,"column":1}},"2":{"start":{"line":22,"column":20},"end":{"line":27,"column":1}},"3":{"start":{"line":29,"column":20},"end":{"line":35,"column":1}},"4":{"start":{"line":30,"column":1},"end":{"line":34,"column":3}},"5":{"start":{"line":48,"column":23},"end":{"line":52,"column":2}},"6":{"start":{"line":54,"column":9},"end":{"line":56,"column":2}},"7":{"start":{"line":58,"column":20},"end":{"line":60,"column":2}},"8":{"start":{"line":59,"column":2},"end":{"line":59,"column":37}},"9":{"start":{"line":63,"column":2},"end":{"line":63,"column":40}},"10":{"start":{"line":63,"column":28},"end":{"line":63,"column":40}},"11":{"start":{"line":64,"column":26},"end":{"line":64,"column":48}},"12":{"start":{"line":66,"column":2},"end":{"line":77,"column":4}}},"fnMap":{"0":{"name":"(anonymous_0)","decl":{"start":{"line":29,"column":20},"end":{"line":29,"column":21}},"loc":{"start":{"line":29,"column":37},"end":{"line":35,"column":1}},"line":29},"1":{"name":"(anonymous_1)","decl":{"start":{"line":58,"column":20},"end":{"line":58,"column":21}},"loc":{"start":{"line":58,"column":26},"end":{"line":60,"column":2}},"line":58},"2":{"name":"(anonymous_2)","decl":{"start":{"line":62,"column":1},"end":{"line":62,"column":2}},"loc":{"start":{"line":62,"column":10},"end":{"line":78,"column":2}},"line":62}},"branchMap":{"0":{"loc":{"start":{"line":63,"column":2},"end":{"line":63,"column":40}},"type":"if","locations":[{"start":{"line":63,"column":2},"end":{"line":63,"column":40}},{"start":{"line":63,"column":2},"end":{"line":63,"column":40}}],"line":63},"1":{"loc":{"start":{"line":73,"column":21},"end":{"line":73,"column":62}},"type":"binary-expr","locations":[{"start":{"line":73,"column":21},"end":{"line":73,"column":40}},{"start":{"line":73,"column":44},"end":{"line":73,"column":62}}],"line":73},"2":{"loc":{"start":{"line":75,"column":5},"end":{"line":75,"column":71}},"type":"binary-expr","locations":[{"start":{"line":75,"column":5},"end":{"line":75,"column":20}},{"start":{"line":75,"column":24},"end":{"line":75,"column":71}}],"line":75}},"s":{"0":6,"1":6,"2":6,"3":6,"4":2,"5":6,"6":5,"7":5,"8":1,"9":6,"10":1,"11":5,"12":5},"f":{"0":2,"1":1,"2":6},"b":{"0":[1,5],"1":[5,5],"2":[5,2]},"_coverageSchema":"43e27e138ebf9cfc5966b082cf9a028302ed4184","hash":"6dc3f002a904c3d06ec1b02d1633f48d669691d1"}
,"/Users/jtoumey/Code/react/sunnies/src/elements/Banner/index.tsx": {"path":"/Users/jtoumey/Code/react/sunnies/src/elements/Banner/index.tsx","statementMap":{},"fnMap":{},"branchMap":{},"s":{},"f":{},"b":{},"_coverageSchema":"43e27e138ebf9cfc5966b082cf9a028302ed4184","hash":"5126e73b10881cf0b501a17c94be4df12a5ed260"}
,"/Users/jtoumey/Code/react/sunnies/src/elements/BarChart/Bar.ios.tsx": {"path":"/Users/jtoumey/Code/react/sunnies/src/elements/BarChart/Bar.ios.tsx","statementMap":{},"fnMap":{},"branchMap":{},"s":{},"f":{},"b":{},"hash":"7ea8b1a71f32b2e32c609ce8ac8d6cefab72c771"}
,"/Users/jtoumey/Code/react/sunnies/src/elements/BarChart/Bar.tsx": {"path":"/Users/jtoumey/Code/react/sunnies/src/elements/BarChart/Bar.tsx","statementMap":{"0":{"start":{"line":12,"column":23},"end":{"line":12,"column":25}},"1":{"start":{"line":13,"column":23},"end":{"line":13,"column":25}},"2":{"start":{"line":14,"column":25},"end":{"line":14,"column":56}},"3":{"start":{"line":21,"column":15},"end":{"line":41,"column":1}},"4":{"start":{"line":25,"column":2},"end":{"line":25,"column":59}},"5":{"start":{"line":32,"column":23},"end":{"line":32,"column":60}},"6":{"start":{"line":38,"column":4},"end":{"line":38,"column":61}},"7":{"start":{"line":43,"column":33},"end":{"line":51,"column":1}},"8":{"start":{"line":52,"column":26},"end":{"line":61,"column":1}},"9":{"start":{"line":64,"column":21},"end":{"line":68,"column":1}},"10":{"start":{"line":69,"column":18},"end":{"line":78,"column":1}},"11":{"start":{"line":70,"column":1},"end":{"line":77,"column":16}},"12":{"start":{"line":80,"column":23},"end":{"line":105,"column":1}},"13":{"start":{"line":94,"column":13},"end":{"line":94,"column":41}},"14":{"start":{"line":95,"column":1},"end":{"line":97,"column":4}},"15":{"start":{"line":96,"column":2},"end":{"line":96,"column":52}},"16":{"start":{"line":98,"column":1},"end":{"line":104,"column":3}},"17":{"start":{"line":107,"column":24},"end":{"line":107,"column":25}},"18":{"start":{"line":108,"column":32},"end":{"line":108,"column":42}},"19":{"start":{"line":111,"column":26},"end":{"line":122,"column":1}},"20":{"start":{"line":137,"column":19},"end":{"line":192,"column":1}},"21":{"start":{"line":157,"column":27},"end":{"line":157,"column":42}},"22":{"start":{"line":164,"column":2},"end":{"line":166,"column":62}},"23":{"start":{"line":167,"column":23},"end":{"line":167,"column":62}},"24":{"start":{"line":169,"column":1},"end":{"line":191,"column":3}},"25":{"start":{"line":172,"column":23},"end":{"line":172,"column":37}},"26":{"start":{"line":173,"column":23},"end":{"line":173,"column":38}},"27":{"start":{"line":183,"column":6},"end":{"line":183,"column":51}}},"fnMap":{"0":{"name":"(anonymous_0)","decl":{"start":{"line":24,"column":15},"end":{"line":24,"column":16}},"loc":{"start":{"line":25,"column":2},"end":{"line":25,"column":59}},"line":25},"1":{"name":"(anonymous_1)","decl":{"start":{"line":32,"column":11},"end":{"line":32,"column":12}},"loc":{"start":{"line":32,"column":23},"end":{"line":32,"column":60}},"line":32},"2":{"name":"(anonymous_2)","decl":{"start":{"line":37,"column":17},"end":{"line":37,"column":18}},"loc":{"start":{"line":38,"column":4},"end":{"line":38,"column":61}},"line":38},"3":{"name":"(anonymous_3)","decl":{"start":{"line":69,"column":18},"end":{"line":69,"column":19}},"loc":{"start":{"line":70,"column":1},"end":{"line":77,"column":16}},"line":70},"4":{"name":"(anonymous_4)","decl":{"start":{"line":80,"column":23},"end":{"line":80,"column":24}},"loc":{"start":{"line":93,"column":6},"end":{"line":105,"column":1}},"line":93},"5":{"name":"(anonymous_5)","decl":{"start":{"line":95,"column":11},"end":{"line":95,"column":12}},"loc":{"start":{"line":95,"column":17},"end":{"line":97,"column":2}},"line":95},"6":{"name":"(anonymous_6)","decl":{"start":{"line":137,"column":19},"end":{"line":137,"column":20}},"loc":{"start":{"line":156,"column":6},"end":{"line":192,"column":1}},"line":156},"7":{"name":"(anonymous_7)","decl":{"start":{"line":172,"column":17},"end":{"line":172,"column":18}},"loc":{"start":{"line":172,"column":23},"end":{"line":172,"column":37}},"line":172},"8":{"name":"(anonymous_8)","decl":{"start":{"line":173,"column":17},"end":{"line":173,"column":18}},"loc":{"start":{"line":173,"column":23},"end":{"line":173,"column":38}},"line":173},"9":{"name":"(anonymous_9)","decl":{"start":{"line":182,"column":30},"end":{"line":182,"column":31}},"loc":{"start":{"line":183,"column":6},"end":{"line":183,"column":51}},"line":183}},"branchMap":{"0":{"loc":{"start":{"line":25,"column":2},"end":{"line":25,"column":59}},"type":"cond-expr","locations":[{"start":{"line":25,"column":24},"end":{"line":25,"column":40}},{"start":{"line":25,"column":43},"end":{"line":25,"column":59}}],"line":25},"1":{"loc":{"start":{"line":32,"column":23},"end":{"line":32,"column":60}},"type":"cond-expr","locations":[{"start":{"line":32,"column":39},"end":{"line":32,"column":48}},{"start":{"line":32,"column":51},"end":{"line":32,"column":60}}],"line":32},"2":{"loc":{"start":{"line":38,"column":4},"end":{"line":38,"column":61}},"type":"cond-expr","locations":[{"start":{"line":38,"column":26},"end":{"line":38,"column":42}},{"start":{"line":38,"column":45},"end":{"line":38,"column":61}}],"line":38},"3":{"loc":{"start":{"line":164,"column":2},"end":{"line":166,"column":62}},"type":"cond-expr","locations":[{"start":{"line":165,"column":5},"end":{"line":165,"column":6}},{"start":{"line":166,"column":5},"end":{"line":166,"column":62}}],"line":164},"4":{"loc":{"start":{"line":164,"column":2},"end":{"line":164,"column":40}},"type":"binary-expr","locations":[{"start":{"line":164,"column":2},"end":{"line":164,"column":21}},{"start":{"line":164,"column":25},"end":{"line":164,"column":40}}],"line":164},"5":{"loc":{"start":{"line":167,"column":23},"end":{"line":167,"column":62}},"type":"cond-expr","locations":[{"start":{"line":167,"column":44},"end":{"line":167,"column":58}},{"start":{"line":167,"column":61},"end":{"line":167,"column":62}}],"line":167},"6":{"loc":{"start":{"line":178,"column":4},"end":{"line":188,"column":4}},"type":"binary-expr","locations":[{"start":{"line":178,"column":4},"end":{"line":178,"column":18}},{"start":{"line":179,"column":4},"end":{"line":187,"column":21}}],"line":178},"7":{"loc":{"start":{"line":181,"column":14},"end":{"line":181,"column":40}},"type":"cond-expr","locations":[{"start":{"line":181,"column":35},"end":{"line":181,"column":36}},{"start":{"line":181,"column":39},"end":{"line":181,"column":40}}],"line":181},"8":{"loc":{"start":{"line":189,"column":4},"end":{"line":189,"column":68}},"type":"binary-expr","locations":[{"start":{"line":189,"column":4},"end":{"line":189,"column":9}},{"start":{"line":189,"column":13},"end":{"line":189,"column":18}},{"start":{"line":189,"column":22},"end":{"line":189,"column":68}}],"line":189}},"s":{"0":6,"1":6,"2":6,"3":6,"4":72,"5":72,"6":72,"7":6,"8":6,"9":6,"10":6,"11":18,"12":6,"13":18,"14":18,"15":18,"16":18,"17":6,"18":6,"19":6,"20":6,"21":72,"22":72,"23":72,"24":72,"25":1,"26":1,"27":18},"f":{"0":72,"1":72,"2":72,"3":18,"4":18,"5":18,"6":72,"7":1,"8":1,"9":18},"b":{"0":[18,54],"1":[22,50],"2":[18,54],"3":[0,72],"4":[72,18],"5":[37,35],"6":[72,18],"7":[9,9],"8":[72,1,1]},"_coverageSchema":"43e27e138ebf9cfc5966b082cf9a028302ed4184","hash":"e95386b47e798da99cfe71d50d1cbd4208f7c830"}
,"/Users/jtoumey/Code/react/sunnies/src/elements/BarChart/BarChart.ios.tsx": {"path":"/Users/jtoumey/Code/react/sunnies/src/elements/BarChart/BarChart.ios.tsx","statementMap":{},"fnMap":{},"branchMap":{},"s":{},"f":{},"b":{},"hash":"c0e019e57d771362bf85d3dd989e930c377d779e"}
,"/Users/jtoumey/Code/react/sunnies/src/elements/BarChart/BarChart.story.tsx": {"path":"/Users/jtoumey/Code/react/sunnies/src/elements/BarChart/BarChart.story.tsx","statementMap":{"0":{"start":{"line":7,"column":0},"end":{"line":346,"column":3}},"1":{"start":{"line":11,"column":3},"end":{"line":65,"column":5}},"2":{"start":{"line":19,"column":9},"end":{"line":19,"column":52}},"3":{"start":{"line":73,"column":3},"end":{"line":124,"column":5}},"4":{"start":{"line":132,"column":3},"end":{"line":183,"column":5}},"5":{"start":{"line":191,"column":3},"end":{"line":244,"column":5}},"6":{"start":{"line":252,"column":3},"end":{"line":299,"column":5}},"7":{"start":{"line":307,"column":3},"end":{"line":343,"column":5}}},"fnMap":{"0":{"name":"(anonymous_0)","decl":{"start":{"line":10,"column":2},"end":{"line":10,"column":3}},"loc":{"start":{"line":10,"column":8},"end":{"line":66,"column":3}},"line":10},"1":{"name":"(anonymous_1)","decl":{"start":{"line":18,"column":17},"end":{"line":18,"column":18}},"loc":{"start":{"line":18,"column":23},"end":{"line":20,"column":9}},"line":18},"2":{"name":"(anonymous_2)","decl":{"start":{"line":72,"column":2},"end":{"line":72,"column":3}},"loc":{"start":{"line":72,"column":8},"end":{"line":125,"column":3}},"line":72},"3":{"name":"(anonymous_3)","decl":{"start":{"line":131,"column":2},"end":{"line":131,"column":3}},"loc":{"start":{"line":131,"column":8},"end":{"line":184,"column":3}},"line":131},"4":{"name":"(anonymous_4)","decl":{"start":{"line":190,"column":2},"end":{"line":190,"column":3}},"loc":{"start":{"line":190,"column":8},"end":{"line":245,"column":3}},"line":190},"5":{"name":"(anonymous_5)","decl":{"start":{"line":251,"column":2},"end":{"line":251,"column":3}},"loc":{"start":{"line":251,"column":8},"end":{"line":300,"column":3}},"line":251},"6":{"name":"(anonymous_6)","decl":{"start":{"line":306,"column":2},"end":{"line":306,"column":3}},"loc":{"start":{"line":306,"column":8},"end":{"line":344,"column":3}},"line":306}},"branchMap":{},"s":{"0":0,"1":0,"2":0,"3":0,"4":0,"5":0,"6":0,"7":0},"f":{"0":0,"1":0,"2":0,"3":0,"4":0,"5":0,"6":0},"b":{},"hash":"dd12b7fe4803a903413d989cdce098d7c5b0fd37"}
,"/Users/jtoumey/Code/react/sunnies/src/elements/BarChart/BarChart.tsx": {"path":"/Users/jtoumey/Code/react/sunnies/src/elements/BarChart/BarChart.tsx","statementMap":{"0":{"start":{"line":12,"column":23},"end":{"line":14,"column":1}},"1":{"start":{"line":21,"column":1},"end":{"line":47,"column":4}},"2":{"start":{"line":22,"column":2},"end":{"line":24,"column":3}},"3":{"start":{"line":23,"column":3},"end":{"line":23,"column":10}},"4":{"start":{"line":26,"column":2},"end":{"line":26,"column":29}},"5":{"start":{"line":27,"column":2},"end":{"line":27,"column":30}},"6":{"start":{"line":29,"column":2},"end":{"line":29,"column":23}},"7":{"start":{"line":31,"column":22},"end":{"line":31,"column":56}},"8":{"start":{"line":32,"column":20},"end":{"line":32,"column":52}},"9":{"start":{"line":35,"column":26},"end":{"line":35,"column":59}},"10":{"start":{"line":36,"column":2},"end":{"line":40,"column":3}},"11":{"start":{"line":38,"column":3},"end":{"line":38,"column":48}},"12":{"start":{"line":39,"column":3},"end":{"line":39,"column":10}},"13":{"start":{"line":42,"column":27},"end":{"line":42,"column":62}},"14":{"start":{"line":43,"column":2},"end":{"line":46,"column":3}},"15":{"start":{"line":45,"column":3},"end":{"line":45,"column":50}},"16":{"start":{"line":69,"column":24},"end":{"line":142,"column":1}},"17":{"start":{"line":70,"column":20},"end":{"line":70,"column":48}},"18":{"start":{"line":71,"column":27},"end":{"line":71,"column":55}},"19":{"start":{"line":73,"column":1},"end":{"line":76,"column":3}},"20":{"start":{"line":78,"column":28},"end":{"line":78,"column":61}},"21":{"start":{"line":79,"column":35},"end":{"line":79,"column":46}},"22":{"start":{"line":80,"column":26},"end":{"line":80,"column":65}},"23":{"start":{"line":80,"column":48},"end":{"line":80,"column":58}},"24":{"start":{"line":81,"column":17},"end":{"line":81,"column":55}},"25":{"start":{"line":81,"column":38},"end":{"line":81,"column":54}},"26":{"start":{"line":82,"column":1},"end":{"line":141,"column":3}},"27":{"start":{"line":102,"column":8},"end":{"line":102,"column":55}},"28":{"start":{"line":103,"column":7},"end":{"line":116,"column":9}},"29":{"start":{"line":128,"column":26},"end":{"line":128,"column":40}},"30":{"start":{"line":131,"column":7},"end":{"line":135,"column":31}},"31":{"start":{"line":144,"column":30},"end":{"line":148,"column":1}},"32":{"start":{"line":150,"column":19},"end":{"line":156,"column":1}}},"fnMap":{"0":{"name":"useHighlightLabelPositionConstraints","decl":{"start":{"line":16,"column":9},"end":{"line":16,"column":45}},"loc":{"start":{"line":19,"column":2},"end":{"line":48,"column":1}},"line":19},"1":{"name":"(anonymous_1)","decl":{"start":{"line":21,"column":11},"end":{"line":21,"column":12}},"loc":{"start":{"line":21,"column":17},"end":{"line":47,"column":2}},"line":21},"2":{"name":"(anonymous_2)","decl":{"start":{"line":69,"column":24},"end":{"line":69,"column":25}},"loc":{"start":{"line":69,"column":73},"end":{"line":142,"column":1}},"line":69},"3":{"name":"(anonymous_3)","decl":{"start":{"line":80,"column":38},"end":{"line":80,"column":39}},"loc":{"start":{"line":80,"column":48},"end":{"line":80,"column":58}},"line":80},"4":{"name":"(anonymous_4)","decl":{"start":{"line":81,"column":28},"end":{"line":81,"column":29}},"loc":{"start":{"line":81,"column":38},"end":{"line":81,"column":54}},"line":81},"5":{"name":"(anonymous_5)","decl":{"start":{"line":97,"column":6},"end":{"line":97,"column":7}},"loc":{"start":{"line":100,"column":11},"end":{"line":117,"column":7}},"line":100},"6":{"name":"(anonymous_6)","decl":{"start":{"line":128,"column":17},"end":{"line":128,"column":18}},"loc":{"start":{"line":128,"column":26},"end":{"line":128,"column":40}},"line":128},"7":{"name":"(anonymous_7)","decl":{"start":{"line":130,"column":16},"end":{"line":130,"column":17}},"loc":{"start":{"line":131,"column":7},"end":{"line":135,"column":31}},"line":131}},"branchMap":{"0":{"loc":{"start":{"line":22,"column":2},"end":{"line":24,"column":3}},"type":"if","locations":[{"start":{"line":22,"column":2},"end":{"line":24,"column":3}},{"start":{"line":22,"column":2},"end":{"line":24,"column":3}}],"line":22},"1":{"loc":{"start":{"line":22,"column":6},"end":{"line":22,"column":30}},"type":"binary-expr","locations":[{"start":{"line":22,"column":6},"end":{"line":22,"column":17}},{"start":{"line":22,"column":21},"end":{"line":22,"column":30}}],"line":22},"2":{"loc":{"start":{"line":36,"column":2},"end":{"line":40,"column":3}},"type":"if","locations":[{"start":{"line":36,"column":2},"end":{"line":40,"column":3}},{"start":{"line":36,"column":2},"end":{"line":40,"column":3}}],"line":36},"3":{"loc":{"start":{"line":43,"column":2},"end":{"line":46,"column":3}},"type":"if","locations":[{"start":{"line":43,"column":2},"end":{"line":46,"column":3}},{"start":{"line":43,"column":2},"end":{"line":46,"column":3}}],"line":43},"4":{"loc":{"start":{"line":102,"column":8},"end":{"line":102,"column":55}},"type":"cond-expr","locations":[{"start":{"line":102,"column":25},"end":{"line":102,"column":28}},{"start":{"line":102,"column":31},"end":{"line":102,"column":55}}],"line":102},"5":{"loc":{"start":{"line":106,"column":24},"end":{"line":106,"column":51}},"type":"cond-expr","locations":[{"start":{"line":106,"column":34},"end":{"line":106,"column":35}},{"start":{"line":106,"column":38},"end":{"line":106,"column":51}}],"line":106},"6":{"loc":{"start":{"line":112,"column":26},"end":{"line":112,"column":62}},"type":"cond-expr","locations":[{"start":{"line":112,"column":43},"end":{"line":112,"column":55}},{"start":{"line":112,"column":58},"end":{"line":112,"column":62}}],"line":112},"7":{"loc":{"start":{"line":128,"column":5},"end":{"line":138,"column":5}},"type":"binary-expr","locations":[{"start":{"line":128,"column":5},"end":{"line":128,"column":52}},{"start":{"line":129,"column":5},"end":{"line":137,"column":12}}],"line":128}},"s":{"0":6,"1":31,"2":22,"3":13,"4":9,"5":9,"6":9,"7":9,"8":9,"9":9,"10":9,"11":0,"12":0,"13":9,"14":9,"15":0,"16":6,"17":31,"18":31,"19":31,"20":31,"21":31,"22":31,"23":103,"24":31,"25":31,"26":31,"27":103,"28":103,"29":103,"30":96,"31":6,"32":6},"f":{"0":31,"1":22,"2":31,"3":103,"4":31,"5":103,"6":103,"7":96},"b":{"0":[13,9],"1":[22,11],"2":[0,9],"3":[0,9],"4":[3,100],"5":[3,100],"6":[27,76],"7":[31,24]},"_coverageSchema":"43e27e138ebf9cfc5966b082cf9a028302ed4184","hash":"310649bb350595f88a065e1fb12488d10aeedf14"}
,"/Users/jtoumey/Code/react/sunnies/src/elements/BarChart/index.tsx": {"path":"/Users/jtoumey/Code/react/sunnies/src/elements/BarChart/index.tsx","statementMap":{},"fnMap":{},"branchMap":{},"s":{},"f":{},"b":{},"_coverageSchema":"43e27e138ebf9cfc5966b082cf9a028302ed4184","hash":"a704f709dfef6f4f541e58602ef67b6614e2ddad"}
,"/Users/jtoumey/Code/react/sunnies/src/elements/BorderBox/BorderBox.ios.tsx": {"path":"/Users/jtoumey/Code/react/sunnies/src/elements/BorderBox/BorderBox.ios.tsx","statementMap":{},"fnMap":{},"branchMap":{},"s":{},"f":{},"b":{},"hash":"8cc7d35e79419b638b15de9a23c1a5264af99183"}
,"/Users/jtoumey/Code/react/sunnies/src/elements/BorderBox/BorderBox.tsx": {"path":"/Users/jtoumey/Code/react/sunnies/src/elements/BorderBox/BorderBox.tsx","statementMap":{"0":{"start":{"line":10,"column":25},"end":{"line":18,"column":1}},"1":{"start":{"line":12,"column":2},"end":{"line":17,"column":3}},"2":{"start":{"line":20,"column":0},"end":{"line":20,"column":36}}},"fnMap":{"0":{"name":"(anonymous_0)","decl":{"start":{"line":11,"column":4},"end":{"line":11,"column":5}},"loc":{"start":{"line":12,"column":2},"end":{"line":17,"column":3}},"line":12}},"branchMap":{"0":{"loc":{"start":{"line":12,"column":2},"end":{"line":17,"column":3}},"type":"binary-expr","locations":[{"start":{"line":12,"column":2},"end":{"line":12,"column":7}},{"start":{"line":13,"column":2},"end":{"line":17,"column":3}}],"line":12}},"s":{"0":5,"1":3,"2":5},"f":{"0":3},"b":{"0":[3,0]},"_coverageSchema":"43e27e138ebf9cfc5966b082cf9a028302ed4184","hash":"1552d4fb66e7f94266013c2783ecd030d40e2404"}
,"/Users/jtoumey/Code/react/sunnies/src/elements/BorderBox/BorderBoxBase.tsx": {"path":"/Users/jtoumey/Code/react/sunnies/src/elements/BorderBox/BorderBoxBase.tsx","statementMap":{"0":{"start":{"line":35,"column":29},"end":{"line":44,"column":1}}},"fnMap":{},"branchMap":{},"s":{"0":5},"f":{},"b":{},"_coverageSchema":"43e27e138ebf9cfc5966b082cf9a028302ed4184","hash":"5d729407ecaec5076050716f86b9829bac23c5c4"}
,"/Users/jtoumey/Code/react/sunnies/src/elements/BorderBox/index.tsx": {"path":"/Users/jtoumey/Code/react/sunnies/src/elements/BorderBox/index.tsx","statementMap":{},"fnMap":{},"branchMap":{},"s":{},"f":{},"b":{},"_coverageSchema":"43e27e138ebf9cfc5966b082cf9a028302ed4184","hash":"9f82df4f449c98e8d73a63e41aa0bfc4794c5ded"}
,"/Users/jtoumey/Code/react/sunnies/src/elements/Box/Box.tsx": {"path":"/Users/jtoumey/Code/react/sunnies/src/elements/Box/Box.tsx","statementMap":{"0":{"start":{"line":59,"column":19},"end":{"line":75,"column":1}},"1":{"start":{"line":77,"column":0},"end":{"line":77,"column":24}}},"fnMap":{},"branchMap":{},"s":{"0":13,"1":13},"f":{},"b":{},"_coverageSchema":"43e27e138ebf9cfc5966b082cf9a028302ed4184","hash":"994a44e130e0fb582937f2632479048fe6853e55"}
,"/Users/jtoumey/Code/react/sunnies/src/elements/Box/index.tsx": {"path":"/Users/jtoumey/Code/react/sunnies/src/elements/Box/index.tsx","statementMap":{},"fnMap":{},"branchMap":{},"s":{},"f":{},"b":{},"_coverageSchema":"43e27e138ebf9cfc5966b082cf9a028302ed4184","hash":"48cbe7b8d0a16e4ad7580a8935ae81c8c7294350"}
,"/Users/jtoumey/Code/react/sunnies/src/elements/Button/Button.ios.tsx": {"path":"/Users/jtoumey/Code/react/sunnies/src/elements/Button/Button.ios.tsx","statementMap":{"0":{"start":{"line":30,"column":23},"end":{"line":34,"column":2}},"1":{"start":{"line":36,"column":9},"end":{"line":39,"column":2}},"2":{"start":{"line":42,"column":21},"end":{"line":42,"column":31}},"3":{"start":{"line":43,"column":2},"end":{"line":50,"column":3}},"4":{"start":{"line":45,"column":4},"end":{"line":45,"column":71}},"5":{"start":{"line":47,"column":4},"end":{"line":47,"column":72}},"6":{"start":{"line":49,"column":4},"end":{"line":49,"column":72}},"7":{"start":{"line":54,"column":30},"end":{"line":54,"column":40}},"8":{"start":{"line":56,"column":2},"end":{"line":58,"column":3}},"9":{"start":{"line":57,"column":3},"end":{"line":57,"column":13}},"10":{"start":{"line":60,"column":2},"end":{"line":66,"column":3}},"11":{"start":{"line":61,"column":3},"end":{"line":65,"column":5}},"12":{"start":{"line":68,"column":23},"end":{"line":68,"column":40}},"13":{"start":{"line":70,"column":2},"end":{"line":74,"column":4}},"14":{"start":{"line":78,"column":30},"end":{"line":78,"column":40}},"15":{"start":{"line":80,"column":2},"end":{"line":82,"column":3}},"16":{"start":{"line":81,"column":3},"end":{"line":81,"column":63}},"17":{"start":{"line":84,"column":2},"end":{"line":84,"column":20}},"18":{"start":{"line":87,"column":11},"end":{"line":112,"column":2}},"19":{"start":{"line":88,"column":2},"end":{"line":111,"column":3}},"20":{"start":{"line":90,"column":23},"end":{"line":90,"column":33}},"21":{"start":{"line":92,"column":3},"end":{"line":108,"column":4}},"22":{"start":{"line":93,"column":4},"end":{"line":96,"column":7}},"23":{"start":{"line":97,"column":4},"end":{"line":104,"column":6}},"24":{"start":{"line":99,"column":6},"end":{"line":102,"column":8}},"25":{"start":{"line":107,"column":4},"end":{"line":107,"column":53}},"26":{"start":{"line":110,"column":3},"end":{"line":110,"column":28}},"27":{"start":{"line":122,"column":6},"end":{"line":122,"column":16}},"28":{"start":{"line":123,"column":31},"end":{"line":123,"column":45}},"29":{"start":{"line":124,"column":24},"end":{"line":124,"column":63}},"30":{"start":{"line":125,"column":18},"end":{"line":125,"column":49}},"31":{"start":{"line":127,"column":32},"end":{"line":127,"column":42}},"32":{"start":{"line":129,"column":15},"end":{"line":129,"column":38}},"33":{"start":{"line":130,"column":13},"end":{"line":130,"column":35}},"34":{"start":{"line":132,"column":2},"end":{"line":180,"column":4}},"35":{"start":{"line":135,"column":5},"end":{"line":177,"column":32}},"36":{"start":{"line":138,"column":7},"end":{"line":141,"column":10}},"37":{"start":{"line":144,"column":7},"end":{"line":147,"column":10}},"38":{"start":{"line":186,"column":29},"end":{"line":194,"column":1}},"39":{"start":{"line":196,"column":19},"end":{"line":198,"column":1}},"40":{"start":{"line":200,"column":18},"end":{"line":207,"column":1}},"41":{"start":{"line":206,"column":18},"end":{"line":206,"column":43}},"42":{"start":{"line":209,"column":26},"end":{"line":209,"column":45}}},"fnMap":{"0":{"name":"(anonymous_0)","decl":{"start":{"line":41,"column":1},"end":{"line":41,"column":2}},"loc":{"start":{"line":41,"column":71},"end":{"line":51,"column":2}},"line":41},"1":{"name":"(anonymous_1)","decl":{"start":{"line":53,"column":1},"end":{"line":53,"column":2}},"loc":{"start":{"line":53,"column":21},"end":{"line":75,"column":2}},"line":53},"2":{"name":"(anonymous_2)","decl":{"start":{"line":77,"column":1},"end":{"line":77,"column":2}},"loc":{"start":{"line":77,"column":20},"end":{"line":85,"column":2}},"line":77},"3":{"name":"(anonymous_3)","decl":{"start":{"line":87,"column":11},"end":{"line":87,"column":12}},"loc":{"start":{"line":87,"column":21},"end":{"line":112,"column":2}},"line":87},"4":{"name":"(anonymous_4)","decl":{"start":{"line":98,"column":5},"end":{"line":98,"column":6}},"loc":{"start":{"line":99,"column":6},"end":{"line":102,"column":8}},"line":99},"5":{"name":"(anonymous_5)","decl":{"start":{"line":114,"column":1},"end":{"line":114,"column":2}},"loc":{"start":{"line":114,"column":10},"end":{"line":181,"column":2}},"line":114},"6":{"name":"(anonymous_6)","decl":{"start":{"line":134,"column":5},"end":{"line":134,"column":6}},"loc":{"start":{"line":135,"column":5},"end":{"line":177,"column":32}},"line":135},"7":{"name":"(anonymous_7)","decl":{"start":{"line":137,"column":17},"end":{"line":137,"column":18}},"loc":{"start":{"line":137,"column":23},"end":{"line":142,"column":7}},"line":137},"8":{"name":"(anonymous_8)","decl":{"start":{"line":143,"column":18},"end":{"line":143,"column":19}},"loc":{"start":{"line":143,"column":24},"end":{"line":148,"column":7}},"line":143},"9":{"name":"(anonymous_9)","decl":{"start":{"line":206,"column":10},"end":{"line":206,"column":11}},"loc":{"start":{"line":206,"column":18},"end":{"line":206,"column":43}},"line":206}},"branchMap":{"0":{"loc":{"start":{"line":43,"column":2},"end":{"line":50,"column":3}},"type":"switch","locations":[{"start":{"line":44,"column":3},"end":{"line":45,"column":71}},{"start":{"line":46,"column":3},"end":{"line":47,"column":72}},{"start":{"line":48,"column":3},"end":{"line":49,"column":72}}],"line":43},"1":{"loc":{"start":{"line":45,"column":21},"end":{"line":45,"column":37}},"type":"cond-expr","locations":[{"start":{"line":45,"column":30},"end":{"line":45,"column":32}},{"start":{"line":45,"column":35},"end":{"line":45,"column":37}}],"line":45},"2":{"loc":{"start":{"line":45,"column":54},"end":{"line":45,"column":68}},"type":"cond-expr","locations":[{"start":{"line":45,"column":63},"end":{"line":45,"column":64}},{"start":{"line":45,"column":67},"end":{"line":45,"column":68}}],"line":45},"3":{"loc":{"start":{"line":47,"column":21},"end":{"line":47,"column":37}},"type":"cond-expr","locations":[{"start":{"line":47,"column":30},"end":{"line":47,"column":32}},{"start":{"line":47,"column":35},"end":{"line":47,"column":37}}],"line":47},"4":{"loc":{"start":{"line":47,"column":55},"end":{"line":47,"column":69}},"type":"cond-expr","locations":[{"start":{"line":47,"column":64},"end":{"line":47,"column":65}},{"start":{"line":47,"column":68},"end":{"line":47,"column":69}}],"line":47},"5":{"loc":{"start":{"line":49,"column":21},"end":{"line":49,"column":37}},"type":"cond-expr","locations":[{"start":{"line":49,"column":30},"end":{"line":49,"column":32}},{"start":{"line":49,"column":35},"end":{"line":49,"column":37}}],"line":49},"6":{"loc":{"start":{"line":49,"column":55},"end":{"line":49,"column":69}},"type":"cond-expr","locations":[{"start":{"line":49,"column":64},"end":{"line":49,"column":65}},{"start":{"line":49,"column":68},"end":{"line":49,"column":69}}],"line":49},"7":{"loc":{"start":{"line":56,"column":2},"end":{"line":58,"column":3}},"type":"if","locations":[{"start":{"line":56,"column":2},"end":{"line":58,"column":3}},{"start":{"line":56,"column":2},"end":{"line":58,"column":3}}],"line":56},"8":{"loc":{"start":{"line":60,"column":2},"end":{"line":66,"column":3}},"type":"if","locations":[{"start":{"line":60,"column":2},"end":{"line":66,"column":3}},{"start":{"line":60,"column":2},"end":{"line":66,"column":3}}],"line":60},"9":{"loc":{"start":{"line":80,"column":2},"end":{"line":82,"column":3}},"type":"if","locations":[{"start":{"line":80,"column":2},"end":{"line":82,"column":3}},{"start":{"line":80,"column":2},"end":{"line":82,"column":3}}],"line":80},"10":{"loc":{"start":{"line":81,"column":10},"end":{"line":81,"column":62}},"type":"cond-expr","locations":[{"start":{"line":81,"column":39},"end":{"line":81,"column":49}},{"start":{"line":81,"column":52},"end":{"line":81,"column":62}}],"line":81},"11":{"loc":{"start":{"line":88,"column":2},"end":{"line":111,"column":3}},"type":"if","locations":[{"start":{"line":88,"column":2},"end":{"line":111,"column":3}},{"start":{"line":88,"column":2},"end":{"line":111,"column":3}}],"line":88},"12":{"loc":{"start":{"line":92,"column":3},"end":{"line":108,"column":4}},"type":"if","locations":[{"start":{"line":92,"column":3},"end":{"line":108,"column":4}},{"start":{"line":92,"column":3},"end":{"line":108,"column":4}}],"line":92},"13":{"loc":{"start":{"line":125,"column":18},"end":{"line":125,"column":49}},"type":"cond-expr","locations":[{"start":{"line":125,"column":40},"end":{"line":125,"column":43}},{"start":{"line":125,"column":46},"end":{"line":125,"column":49}}],"line":125},"14":{"loc":{"start":{"line":162,"column":17},"end":{"line":162,"column":53}},"type":"binary-expr","locations":[{"start":{"line":162,"column":17},"end":{"line":162,"column":41}},{"start":{"line":162,"column":45},"end":{"line":162,"column":53}}],"line":162},"15":{"loc":{"start":{"line":169,"column":10},"end":{"line":169,"column":46}},"type":"cond-expr","locations":[{"start":{"line":169,"column":24},"end":{"line":169,"column":35}},{"start":{"line":169,"column":38},"end":{"line":169,"column":46}}],"line":169},"16":{"loc":{"start":{"line":172,"column":9},"end":{"line":174,"column":9}},"type":"binary-expr","locations":[{"start":{"line":172,"column":9},"end":{"line":172,"column":16}},{"start":{"line":173,"column":9},"end":{"line":173,"column":69}}],"line":172},"17":{"loc":{"start":{"line":206,"column":18},"end":{"line":206,"column":43}},"type":"cond-expr","locations":[{"start":{"line":206,"column":28},"end":{"line":206,"column":34}},{"start":{"line":206,"column":37},"end":{"line":206,"column":43}}],"line":206}},"s":{"0":0,"1":0,"2":0,"3":0,"4":0,"5":0,"6":0,"7":0,"8":0,"9":0,"10":0,"11":0,"12":0,"13":0,"14":0,"15":0,"16":0,"17":0,"18":0,"19":0,"20":0,"21":0,"22":0,"23":0,"24":0,"25":0,"26":0,"27":0,"28":0,"29":0,"30":0,"31":0,"32":0,"33":0,"34":0,"35":0,"36":0,"37":0,"38":0,"39":0,"40":0,"41":0,"42":0},"f":{"0":0,"1":0,"2":0,"3":0,"4":0,"5":0,"6":0,"7":0,"8":0,"9":0},"b":{"0":[0,0,0],"1":[0,0],"2":[0,0],"3":[0,0],"4":[0,0],"5":[0,0],"6":[0,0],"7":[0,0],"8":[0,0],"9":[0,0],"10":[0,0],"11":[0,0],"12":[0,0],"13":[0,0],"14":[0,0],"15":[0,0],"16":[0,0],"17":[0,0]},"hash":"0e00e73455701ceeeb8d86872da98f193699bbe7"}
,"/Users/jtoumey/Code/react/sunnies/src/elements/Button/Button.shared.tsx": {"path":"/Users/jtoumey/Code/react/sunnies/src/elements/Button/Button.shared.tsx","statementMap":{"0":{"start":{"line":18,"column":45},"end":{"line":18,"column":59}},"1":{"start":{"line":24,"column":39},"end":{"line":24,"column":47}},"2":{"start":{"line":62,"column":5},"end":{"line":62,"column":15}},"3":{"start":{"line":64,"column":1},"end":{"line":131,"column":2}},"4":{"start":{"line":66,"column":3},"end":{"line":77,"column":5}},"5":{"start":{"line":79,"column":3},"end":{"line":90,"column":5}},"6":{"start":{"line":92,"column":3},"end":{"line":103,"column":5}},"7":{"start":{"line":105,"column":3},"end":{"line":116,"column":5}},"8":{"start":{"line":118,"column":3},"end":{"line":129,"column":5}},"9":{"start":{"line":138,"column":35},"end":{"line":158,"column":1}},"10":{"start":{"line":139,"column":37},"end":{"line":139,"column":65}},"11":{"start":{"line":141,"column":1},"end":{"line":157,"column":3}},"12":{"start":{"line":143,"column":3},"end":{"line":155,"column":10}}},"fnMap":{"0":{"name":"getColorsForVariant","decl":{"start":{"line":59,"column":16},"end":{"line":59,"column":35}},"loc":{"start":{"line":59,"column":60},"end":{"line":132,"column":1}},"line":59},"1":{"name":"(anonymous_1)","decl":{"start":{"line":138,"column":35},"end":{"line":138,"column":36}},"loc":{"start":{"line":138,"column":63},"end":{"line":158,"column":1}},"line":138},"2":{"name":"(anonymous_2)","decl":{"start":{"line":142,"column":4},"end":{"line":142,"column":5}},"loc":{"start":{"line":142,"column":10},"end":{"line":156,"column":3}},"line":142}},"branchMap":{"0":{"loc":{"start":{"line":64,"column":1},"end":{"line":131,"column":2}},"type":"switch","locations":[{"start":{"line":65,"column":2},"end":{"line":77,"column":5}},{"start":{"line":78,"column":2},"end":{"line":90,"column":5}},{"start":{"line":91,"column":2},"end":{"line":103,"column":5}},{"start":{"line":104,"column":2},"end":{"line":116,"column":5}},{"start":{"line":117,"column":2},"end":{"line":129,"column":5}},{"start":{"line":130,"column":2},"end":{"line":130,"column":10}}],"line":64}},"s":{"0":7,"1":7,"2":0,"3":0,"4":0,"5":0,"6":0,"7":0,"8":0,"9":7,"10":0,"11":0,"12":0},"f":{"0":0,"1":0,"2":0},"b":{"0":[0,0,0,0,0,0]},"_coverageSchema":"43e27e138ebf9cfc5966b082cf9a028302ed4184","hash":"83ddc2f9fb42f2e62fc5e6c504f25068ef899cb2"}
,"/Users/jtoumey/Code/react/sunnies/src/elements/Button/Button.story.tsx": {"path":"/Users/jtoumey/Code/react/sunnies/src/elements/Button/Button.story.tsx","statementMap":{"0":{"start":{"line":5,"column":0},"end":{"line":68,"column":4}},"1":{"start":{"line":7,"column":2},"end":{"line":25,"column":4}},"2":{"start":{"line":28,"column":2},"end":{"line":46,"column":4}},"3":{"start":{"line":49,"column":2},"end":{"line":67,"column":4}}},"fnMap":{"0":{"name":"(anonymous_0)","decl":{"start":{"line":6,"column":15},"end":{"line":6,"column":16}},"loc":{"start":{"line":6,"column":21},"end":{"line":26,"column":2}},"line":6},"1":{"name":"(anonymous_1)","decl":{"start":{"line":27,"column":16},"end":{"line":27,"column":17}},"loc":{"start":{"line":27,"column":22},"end":{"line":47,"column":2}},"line":27},"2":{"name":"(anonymous_2)","decl":{"start":{"line":48,"column":15},"end":{"line":48,"column":16}},"loc":{"start":{"line":48,"column":21},"end":{"line":68,"column":2}},"line":48}},"branchMap":{},"s":{"0":0,"1":0,"2":0,"3":0},"f":{"0":0,"1":0,"2":0},"b":{},"hash":"a6738e4c069e39e22ec6afe893d4927f752d6166"}
,"/Users/jtoumey/Code/react/sunnies/src/elements/Button/Button.tsx": {"path":"/Users/jtoumey/Code/react/sunnies/src/elements/Button/Button.tsx","statementMap":{"0":{"start":{"line":24,"column":23},"end":{"line":28,"column":2}},"1":{"start":{"line":31,"column":21},"end":{"line":31,"column":31}},"2":{"start":{"line":32,"column":2},"end":{"line":51,"column":3}},"3":{"start":{"line":34,"column":4},"end":{"line":38,"column":6}},"4":{"start":{"line":40,"column":4},"end":{"line":44,"column":6}},"5":{"start":{"line":46,"column":4},"end":{"line":50,"column":6}},"6":{"start":{"line":55,"column":2},"end":{"line":147,"column":3}},"7":{"start":{"line":57,"column":4},"end":{"line":75,"column":6}},"8":{"start":{"line":59,"column":25},"end":{"line":59,"column":36}},"9":{"start":{"line":61,"column":6},"end":{"line":73,"column":16}},"10":{"start":{"line":77,"column":4},"end":{"line":95,"column":6}},"11":{"start":{"line":79,"column":25},"end":{"line":79,"column":36}},"12":{"start":{"line":81,"column":6},"end":{"line":93,"column":16}},"13":{"start":{"line":97,"column":4},"end":{"line":115,"column":6}},"14":{"start":{"line":99,"column":25},"end":{"line":99,"column":36}},"15":{"start":{"line":101,"column":6},"end":{"line":113,"column":16}},"16":{"start":{"line":117,"column":4},"end":{"line":134,"column":6}},"17":{"start":{"line":119,"column":25},"end":{"line":119,"column":36}},"18":{"start":{"line":120,"column":6},"end":{"line":132,"column":16}},"19":{"start":{"line":136,"column":4},"end":{"line":145,"column":6}},"20":{"start":{"line":138,"column":25},"end":{"line":138,"column":36}},"21":{"start":{"line":139,"column":6},"end":{"line":143,"column":16}},"22":{"start":{"line":151,"column":22},"end":{"line":156,"column":3}},"23":{"start":{"line":158,"column":2},"end":{"line":158,"column":73}},"24":{"start":{"line":164,"column":23},"end":{"line":167,"column":2}},"25":{"start":{"line":169,"column":11},"end":{"line":173,"column":2}},"26":{"start":{"line":170,"column":2},"end":{"line":172,"column":3}},"27":{"start":{"line":171,"column":3},"end":{"line":171,"column":29}},"28":{"start":{"line":186,"column":6},"end":{"line":186,"column":16}},"29":{"start":{"line":188,"column":23},"end":{"line":188,"column":47}},"30":{"start":{"line":189,"column":24},"end":{"line":189,"column":50}},"31":{"start":{"line":191,"column":2},"end":{"line":225,"column":4}},"32":{"start":{"line":229,"column":20},"end":{"line":234,"column":1}},"33":{"start":{"line":236,"column":19},"end":{"line":239,"column":1}},"34":{"start":{"line":241,"column":18},"end":{"line":283,"column":1}},"35":{"start":{"line":254,"column":2},"end":{"line":258,"column":3}},"36":{"start":{"line":255,"column":3},"end":{"line":257,"column":8}},"37":{"start":{"line":261,"column":14},"end":{"line":261,"column":33}},"38":{"start":{"line":273,"column":22},"end":{"line":273,"column":33}},"39":{"start":{"line":275,"column":3},"end":{"line":280,"column":8}}},"fnMap":{"0":{"name":"(anonymous_0)","decl":{"start":{"line":30,"column":1},"end":{"line":30,"column":2}},"loc":{"start":{"line":30,"column":62},"end":{"line":52,"column":2}},"line":30},"1":{"name":"(anonymous_1)","decl":{"start":{"line":54,"column":1},"end":{"line":54,"column":2}},"loc":{"start":{"line":54,"column":14},"end":{"line":148,"column":2}},"line":54},"2":{"name":"(anonymous_2)","decl":{"start":{"line":58,"column":7},"end":{"line":58,"column":8}},"loc":{"start":{"line":58,"column":18},"end":{"line":74,"column":6}},"line":58},"3":{"name":"(anonymous_3)","decl":{"start":{"line":78,"column":7},"end":{"line":78,"column":8}},"loc":{"start":{"line":78,"column":18},"end":{"line":94,"column":6}},"line":78},"4":{"name":"(anonymous_4)","decl":{"start":{"line":98,"column":7},"end":{"line":98,"column":8}},"loc":{"start":{"line":98,"column":18},"end":{"line":114,"column":6}},"line":98},"5":{"name":"(anonymous_5)","decl":{"start":{"line":118,"column":7},"end":{"line":118,"column":8}},"loc":{"start":{"line":118,"column":18},"end":{"line":133,"column":6}},"line":118},"6":{"name":"(anonymous_6)","decl":{"start":{"line":137,"column":7},"end":{"line":137,"column":8}},"loc":{"start":{"line":137,"column":18},"end":{"line":144,"column":6}},"line":137},"7":{"name":"(anonymous_7)","decl":{"start":{"line":150,"column":1},"end":{"line":150,"column":2}},"loc":{"start":{"line":150,"column":10},"end":{"line":159,"column":2}},"line":150},"8":{"name":"(anonymous_8)","decl":{"start":{"line":169,"column":11},"end":{"line":169,"column":12}},"loc":{"start":{"line":169,"column":22},"end":{"line":173,"column":2}},"line":169},"9":{"name":"(anonymous_9)","decl":{"start":{"line":175,"column":1},"end":{"line":175,"column":2}},"loc":{"start":{"line":175,"column":10},"end":{"line":226,"column":2}},"line":175},"10":{"name":"(anonymous_10)","decl":{"start":{"line":253,"column":3},"end":{"line":253,"column":4}},"loc":{"start":{"line":253,"column":14},"end":{"line":259,"column":2}},"line":253},"11":{"name":"(anonymous_11)","decl":{"start":{"line":261,"column":3},"end":{"line":261,"column":4}},"loc":{"start":{"line":261,"column":14},"end":{"line":261,"column":33}},"line":261},"12":{"name":"(anonymous_12)","decl":{"start":{"line":272,"column":4},"end":{"line":272,"column":5}},"loc":{"start":{"line":272,"column":15},"end":{"line":281,"column":3}},"line":272}},"branchMap":{"0":{"loc":{"start":{"line":32,"column":2},"end":{"line":51,"column":3}},"type":"switch","locations":[{"start":{"line":33,"column":3},"end":{"line":38,"column":6}},{"start":{"line":39,"column":3},"end":{"line":44,"column":6}},{"start":{"line":45,"column":3},"end":{"line":50,"column":6}}],"line":32},"1":{"loc":{"start":{"line":35,"column":13},"end":{"line":35,"column":37}},"type":"cond-expr","locations":[{"start":{"line":35,"column":22},"end":{"line":35,"column":28}},{"start":{"line":35,"column":31},"end":{"line":35,"column":37}}],"line":35},"2":{"loc":{"start":{"line":37,"column":9},"end":{"line":37,"column":23}},"type":"cond-expr","locations":[{"start":{"line":37,"column":18},"end":{"line":37,"column":19}},{"start":{"line":37,"column":22},"end":{"line":37,"column":23}}],"line":37},"3":{"loc":{"start":{"line":41,"column":13},"end":{"line":41,"column":37}},"type":"cond-expr","locations":[{"start":{"line":41,"column":22},"end":{"line":41,"column":28}},{"start":{"line":41,"column":31},"end":{"line":41,"column":37}}],"line":41},"4":{"loc":{"start":{"line":43,"column":9},"end":{"line":43,"column":23}},"type":"cond-expr","locations":[{"start":{"line":43,"column":18},"end":{"line":43,"column":19}},{"start":{"line":43,"column":22},"end":{"line":43,"column":23}}],"line":43},"5":{"loc":{"start":{"line":47,"column":13},"end":{"line":47,"column":37}},"type":"cond-expr","locations":[{"start":{"line":47,"column":22},"end":{"line":47,"column":28}},{"start":{"line":47,"column":31},"end":{"line":47,"column":37}}],"line":47},"6":{"loc":{"start":{"line":49,"column":9},"end":{"line":49,"column":23}},"type":"cond-expr","locations":[{"start":{"line":49,"column":18},"end":{"line":49,"column":19}},{"start":{"line":49,"column":22},"end":{"line":49,"column":23}}],"line":49},"7":{"loc":{"start":{"line":55,"column":2},"end":{"line":147,"column":3}},"type":"switch","locations":[{"start":{"line":56,"column":3},"end":{"line":75,"column":6}},{"start":{"line":76,"column":3},"end":{"line":95,"column":6}},{"start":{"line":96,"column":3},"end":{"line":115,"column":6}},{"start":{"line":116,"column":3},"end":{"line":134,"column":6}},{"start":{"line":135,"column":3},"end":{"line":145,"column":6}},{"start":{"line":146,"column":3},"end":{"line":146,"column":11}}],"line":55},"8":{"loc":{"start":{"line":170,"column":2},"end":{"line":172,"column":3}},"type":"if","locations":[{"start":{"line":170,"column":2},"end":{"line":172,"column":3}},{"start":{"line":170,"column":2},"end":{"line":172,"column":3}}],"line":170},"9":{"loc":{"start":{"line":170,"column":6},"end":{"line":170,"column":47}},"type":"binary-expr","locations":[{"start":{"line":170,"column":6},"end":{"line":170,"column":25}},{"start":{"line":170,"column":29},"end":{"line":170,"column":47}}],"line":170},"10":{"loc":{"start":{"line":188,"column":23},"end":{"line":188,"column":47}},"type":"cond-expr","locations":[{"start":{"line":188,"column":33},"end":{"line":188,"column":42}},{"start":{"line":188,"column":45},"end":{"line":188,"column":47}}],"line":188},"11":{"loc":{"start":{"line":189,"column":24},"end":{"line":189,"column":50}},"type":"cond-expr","locations":[{"start":{"line":189,"column":35},"end":{"line":189,"column":45}},{"start":{"line":189,"column":48},"end":{"line":189,"column":50}}],"line":189},"12":{"loc":{"start":{"line":198,"column":5},"end":{"line":198,"column":56}},"type":"binary-expr","locations":[{"start":{"line":198,"column":5},"end":{"line":198,"column":12}},{"start":{"line":198,"column":16},"end":{"line":198,"column":56}}],"line":198},"13":{"loc":{"start":{"line":200,"column":5},"end":{"line":223,"column":5}},"type":"cond-expr","locations":[{"start":{"line":201,"column":5},"end":{"line":218,"column":8}},{"start":{"line":220,"column":5},"end":{"line":222,"column":12}}],"line":200},"14":{"loc":{"start":{"line":204,"column":15},"end":{"line":204,"column":33}},"type":"binary-expr","locations":[{"start":{"line":204,"column":15},"end":{"line":204,"column":21}},{"start":{"line":204,"column":25},"end":{"line":204,"column":33}}],"line":204},"15":{"loc":{"start":{"line":213,"column":15},"end":{"line":213,"column":33}},"type":"binary-expr","locations":[{"start":{"line":213,"column":15},"end":{"line":213,"column":21}},{"start":{"line":213,"column":25},"end":{"line":213,"column":33}}],"line":213},"16":{"loc":{"start":{"line":220,"column":28},"end":{"line":220,"column":46}},"type":"binary-expr","locations":[{"start":{"line":220,"column":28},"end":{"line":220,"column":34}},{"start":{"line":220,"column":38},"end":{"line":220,"column":46}}],"line":220},"17":{"loc":{"start":{"line":254,"column":2},"end":{"line":258,"column":3}},"type":"if","locations":[{"start":{"line":254,"column":2},"end":{"line":258,"column":3}},{"start":{"line":254,"column":2},"end":{"line":258,"column":3}}],"line":254}},"s":{"0":7,"1":10,"2":10,"3":1,"4":8,"5":1,"6":10,"7":9,"8":9,"9":9,"10":1,"11":1,"12":1,"13":0,"14":0,"15":0,"16":0,"17":0,"18":0,"19":0,"20":0,"21":0,"22":10,"23":10,"24":7,"25":10,"26":1,"27":0,"28":10,"29":10,"30":10,"31":10,"32":7,"33":7,"34":7,"35":10,"36":10,"37":10,"38":10,"39":10},"f":{"0":10,"1":10,"2":9,"3":1,"4":0,"5":0,"6":0,"7":10,"8":1,"9":10,"10":10,"11":10,"12":10},"b":{"0":[1,8,1],"1":[0,1],"2":[0,1],"3":[0,8],"4":[0,8],"5":[0,1],"6":[0,1],"7":[9,1,0,0,0,0],"8":[0,1],"9":[1,0],"10":[2,8],"11":[1,9],"12":[10,2],"13":[0,10],"14":[0,0],"15":[0,0],"16":[10,10],"17":[10,0]},"_coverageSchema":"43e27e138ebf9cfc5966b082cf9a028302ed4184","hash":"bea3d4a97baf96d8bcd3e96f2d7a80eb63047eb6"}
,"/Users/jtoumey/Code/react/sunnies/src/elements/Button/index.tsx": {"path":"/Users/jtoumey/Code/react/sunnies/src/elements/Button/index.tsx","statementMap":{},"fnMap":{},"branchMap":{},"s":{},"f":{},"b":{},"_coverageSchema":"43e27e138ebf9cfc5966b082cf9a028302ed4184","hash":"5c4c1796d60e39cbce631efd0e86fda1b649db64"}
,"/Users/jtoumey/Code/react/sunnies/src/elements/Checkbox/Checkbox.ios.tsx": {"path":"/Users/jtoumey/Code/react/sunnies/src/elements/Checkbox/Checkbox.ios.tsx","statementMap":{},"fnMap":{},"branchMap":{},"s":{},"f":{},"b":{},"hash":"0fedc79ae16f662c7c8babd72ce76b91228044ed"}
,"/Users/jtoumey/Code/react/sunnies/src/elements/Checkbox/Checkbox.tsx": {"path":"/Users/jtoumey/Code/react/sunnies/src/elements/Checkbox/Checkbox.tsx","statementMap":{"0":{"start":{"line":20,"column":13},"end":{"line":20,"column":14}},"1":{"start":{"line":21,"column":21},"end":{"line":21,"column":22}},"2":{"start":{"line":46,"column":14},"end":{"line":50,"column":2}},"3":{"start":{"line":47,"column":30},"end":{"line":47,"column":40}},"4":{"start":{"line":48,"column":2},"end":{"line":48,"column":51}},"5":{"start":{"line":48,"column":16},"end":{"line":48,"column":51}},"6":{"start":{"line":49,"column":2},"end":{"line":49,"column":47}},"7":{"start":{"line":49,"column":13},"end":{"line":49,"column":47}},"8":{"start":{"line":52,"column":13},"end":{"line":57,"column":2}},"9":{"start":{"line":53,"column":33},"end":{"line":53,"column":43}},"10":{"start":{"line":54,"column":2},"end":{"line":54,"column":45}},"11":{"start":{"line":54,"column":28},"end":{"line":54,"column":45}},"12":{"start":{"line":55,"column":2},"end":{"line":55,"column":32}},"13":{"start":{"line":55,"column":16},"end":{"line":55,"column":32}},"14":{"start":{"line":56,"column":2},"end":{"line":56,"column":20}},"15":{"start":{"line":60,"column":57},"end":{"line":60,"column":67}},"16":{"start":{"line":62,"column":2},"end":{"line":85,"column":4}},"17":{"start":{"line":67,"column":5},"end":{"line":67,"column":71}},"18":{"start":{"line":95,"column":25},"end":{"line":104,"column":1}},"19":{"start":{"line":100,"column":1},"end":{"line":100,"column":39}},"20":{"start":{"line":100,"column":15},"end":{"line":100,"column":39}},"21":{"start":{"line":101,"column":1},"end":{"line":101,"column":40}},"22":{"start":{"line":101,"column":15},"end":{"line":101,"column":40}},"23":{"start":{"line":102,"column":1},"end":{"line":102,"column":35}},"24":{"start":{"line":102,"column":12},"end":{"line":102,"column":35}},"25":{"start":{"line":103,"column":1},"end":{"line":103,"column":25}},"26":{"start":{"line":106,"column":29},"end":{"line":118,"column":1}},"27":{"start":{"line":110,"column":1},"end":{"line":117,"column":2}},"28":{"start":{"line":112,"column":3},"end":{"line":112,"column":26}},"29":{"start":{"line":114,"column":3},"end":{"line":114,"column":28}},"30":{"start":{"line":116,"column":3},"end":{"line":116,"column":28}},"31":{"start":{"line":120,"column":23},"end":{"line":134,"column":1}},"32":{"start":{"line":136,"column":14},"end":{"line":136,"column":26}},"33":{"start":{"line":138,"column":20},"end":{"line":157,"column":1}},"34":{"start":{"line":139,"column":16},"end":{"line":142,"column":3}},"35":{"start":{"line":143,"column":1},"end":{"line":149,"column":2}},"36":{"start":{"line":144,"column":2},"end":{"line":148,"column":4}},"37":{"start":{"line":150,"column":1},"end":{"line":156,"column":2}},"38":{"start":{"line":151,"column":2},"end":{"line":155,"column":4}},"39":{"start":{"line":164,"column":18},"end":{"line":169,"column":1}},"40":{"start":{"line":166,"column":29},"end":{"line":166,"column":51}}},"fnMap":{"0":{"name":"(anonymous_0)","decl":{"start":{"line":46,"column":14},"end":{"line":46,"column":15}},"loc":{"start":{"line":46,"column":20},"end":{"line":50,"column":2}},"line":46},"1":{"name":"(anonymous_1)","decl":{"start":{"line":52,"column":13},"end":{"line":52,"column":14}},"loc":{"start":{"line":52,"column":19},"end":{"line":57,"column":2}},"line":52},"2":{"name":"(anonymous_2)","decl":{"start":{"line":59,"column":1},"end":{"line":59,"column":2}},"loc":{"start":{"line":59,"column":10},"end":{"line":86,"column":2}},"line":59},"3":{"name":"(anonymous_3)","decl":{"start":{"line":66,"column":13},"end":{"line":66,"column":14}},"loc":{"start":{"line":67,"column":5},"end":{"line":67,"column":71}},"line":67},"4":{"name":"(anonymous_4)","decl":{"start":{"line":95,"column":25},"end":{"line":95,"column":26}},"loc":{"start":{"line":99,"column":29},"end":{"line":104,"column":1}},"line":99},"5":{"name":"(anonymous_5)","decl":{"start":{"line":106,"column":29},"end":{"line":106,"column":30}},"loc":{"start":{"line":109,"column":29},"end":{"line":118,"column":1}},"line":109},"6":{"name":"(anonymous_6)","decl":{"start":{"line":138,"column":20},"end":{"line":138,"column":21}},"loc":{"start":{"line":138,"column":55},"end":{"line":157,"column":1}},"line":138},"7":{"name":"(anonymous_7)","decl":{"start":{"line":166,"column":11},"end":{"line":166,"column":12}},"loc":{"start":{"line":166,"column":29},"end":{"line":166,"column":51}},"line":166}},"branchMap":{"0":{"loc":{"start":{"line":48,"column":2},"end":{"line":48,"column":51}},"type":"if","locations":[{"start":{"line":48,"column":2},"end":{"line":48,"column":51}},{"start":{"line":48,"column":2},"end":{"line":48,"column":51}}],"line":48},"1":{"loc":{"start":{"line":49,"column":2},"end":{"line":49,"column":47}},"type":"if","locations":[{"start":{"line":49,"column":2},"end":{"line":49,"column":47}},{"start":{"line":49,"column":2},"end":{"line":49,"column":47}}],"line":49},"2":{"loc":{"start":{"line":54,"column":2},"end":{"line":54,"column":45}},"type":"if","locations":[{"start":{"line":54,"column":2},"end":{"line":54,"column":45}},{"start":{"line":54,"column":2},"end":{"line":54,"column":45}}],"line":54},"3":{"loc":{"start":{"line":54,"column":6},"end":{"line":54,"column":26}},"type":"binary-expr","locations":[{"start":{"line":54,"column":6},"end":{"line":54,"column":14}},{"start":{"line":54,"column":18},"end":{"line":54,"column":26}}],"line":54},"4":{"loc":{"start":{"line":55,"column":2},"end":{"line":55,"column":32}},"type":"if","locations":[{"start":{"line":55,"column":2},"end":{"line":55,"column":32}},{"start":{"line":55,"column":2},"end":{"line":55,"column":32}}],"line":55},"5":{"loc":{"start":{"line":64,"column":15},"end":{"line":64,"column":31}},"type":"binary-expr","locations":[{"start":{"line":64,"column":15},"end":{"line":64,"column":20}},{"start":{"line":64,"column":24},"end":{"line":64,"column":31}}],"line":64},"6":{"loc":{"start":{"line":67,"column":5},"end":{"line":67,"column":71}},"type":"binary-expr","locations":[{"start":{"line":67,"column":5},"end":{"line":67,"column":14}},{"start":{"line":67,"column":18},"end":{"line":67,"column":37}},{"start":{"line":67,"column":41},"end":{"line":67,"column":71}}],"line":67},"7":{"loc":{"start":{"line":100,"column":1},"end":{"line":100,"column":39}},"type":"if","locations":[{"start":{"line":100,"column":1},"end":{"line":100,"column":39}},{"start":{"line":100,"column":1},"end":{"line":100,"column":39}}],"line":100},"8":{"loc":{"start":{"line":101,"column":1},"end":{"line":101,"column":40}},"type":"if","locations":[{"start":{"line":101,"column":1},"end":{"line":101,"column":40}},{"start":{"line":101,"column":1},"end":{"line":101,"column":40}}],"line":101},"9":{"loc":{"start":{"line":102,"column":1},"end":{"line":102,"column":35}},"type":"if","locations":[{"start":{"line":102,"column":1},"end":{"line":102,"column":35}},{"start":{"line":102,"column":1},"end":{"line":102,"column":35}}],"line":102},"10":{"loc":{"start":{"line":110,"column":1},"end":{"line":117,"column":2}},"type":"switch","locations":[{"start":{"line":111,"column":2},"end":{"line":112,"column":26}},{"start":{"line":113,"column":2},"end":{"line":114,"column":28}},{"start":{"line":115,"column":2},"end":{"line":116,"column":28}}],"line":110},"11":{"loc":{"start":{"line":143,"column":1},"end":{"line":149,"column":2}},"type":"if","locations":[{"start":{"line":143,"column":1},"end":{"line":149,"column":2}},{"start":{"line":143,"column":1},"end":{"line":149,"column":2}}],"line":143},"12":{"loc":{"start":{"line":143,"column":5},"end":{"line":143,"column":36}},"type":"binary-expr","locations":[{"start":{"line":143,"column":5},"end":{"line":143,"column":10}},{"start":{"line":143,"column":14},"end":{"line":143,"column":23}},{"start":{"line":143,"column":27},"end":{"line":143,"column":36}}],"line":143},"13":{"loc":{"start":{"line":150,"column":1},"end":{"line":156,"column":2}},"type":"if","locations":[{"start":{"line":150,"column":1},"end":{"line":156,"column":2}},{"start":{"line":150,"column":1},"end":{"line":156,"column":2}}],"line":150},"14":{"loc":{"start":{"line":150,"column":5},"end":{"line":150,"column":27}},"type":"binary-expr","locations":[{"start":{"line":150,"column":5},"end":{"line":150,"column":14}},{"start":{"line":150,"column":18},"end":{"line":150,"column":27}}],"line":150},"15":{"loc":{"start":{"line":166,"column":29},"end":{"line":166,"column":51}},"type":"binary-expr","locations":[{"start":{"line":166,"column":29},"end":{"line":166,"column":38}},{"start":{"line":166,"column":42},"end":{"line":166,"column":51}}],"line":166}},"s":{"0":5,"1":5,"2":0,"3":0,"4":0,"5":0,"6":0,"7":0,"8":0,"9":0,"10":0,"11":0,"12":0,"13":0,"14":0,"15":0,"16":0,"17":0,"18":5,"19":0,"20":0,"21":0,"22":0,"23":0,"24":0,"25":0,"26":5,"27":0,"28":0,"29":0,"30":0,"31":5,"32":5,"33":5,"34":0,"35":0,"36":0,"37":0,"38":0,"39":5,"40":0},"f":{"0":0,"1":0,"2":0,"3":0,"4":0,"5":0,"6":0,"7":0},"b":{"0":[0,0],"1":[0,0],"2":[0,0],"3":[0,0],"4":[0,0],"5":[0,0],"6":[0,0,0],"7":[0,0],"8":[0,0],"9":[0,0],"10":[0,0,0],"11":[0,0],"12":[0,0,0],"13":[0,0],"14":[0,0],"15":[0,0]},"_coverageSchema":"43e27e138ebf9cfc5966b082cf9a028302ed4184","hash":"1d9abd7084acf1673781f21b71af1369f1b07ee8"}
,"/Users/jtoumey/Code/react/sunnies/src/elements/Checkbox/index.tsx": {"path":"/Users/jtoumey/Code/react/sunnies/src/elements/Checkbox/index.tsx","statementMap":{},"fnMap":{},"branchMap":{},"s":{},"f":{},"b":{},"_coverageSchema":"43e27e138ebf9cfc5966b082cf9a028302ed4184","hash":"df10ecebfc398de837715af152f093eee46847ba"}
,"/Users/jtoumey/Code/react/sunnies/src/elements/Collapse/Collapse.ios.tsx": {"path":"/Users/jtoumey/Code/react/sunnies/src/elements/Collapse/Collapse.ios.tsx","statementMap":{"0":{"start":{"line":5,"column":21},"end":{"line":5,"column":35}},"1":{"start":{"line":29,"column":16},"end":{"line":34,"column":2}},"2":{"start":{"line":37,"column":2},"end":{"line":37,"column":37}},"3":{"start":{"line":40,"column":20},"end":{"line":42,"column":2}},"4":{"start":{"line":41,"column":2},"end":{"line":41,"column":24}},"5":{"start":{"line":44,"column":19},"end":{"line":64,"column":2}},"6":{"start":{"line":45,"column":2},"end":{"line":63,"column":5}},"7":{"start":{"line":46,"column":3},"end":{"line":62,"column":6}},"8":{"start":{"line":47,"column":4},"end":{"line":52,"column":5}},"9":{"start":{"line":48,"column":5},"end":{"line":50,"column":8}},"10":{"start":{"line":51,"column":5},"end":{"line":51,"column":12}},"11":{"start":{"line":55,"column":4},"end":{"line":61,"column":7}},"12":{"start":{"line":56,"column":5},"end":{"line":60,"column":8}},"13":{"start":{"line":66,"column":16},"end":{"line":87,"column":2}},"14":{"start":{"line":67,"column":19},"end":{"line":67,"column":29}},"15":{"start":{"line":73,"column":6},"end":{"line":73,"column":16}},"16":{"start":{"line":74,"column":17},"end":{"line":74,"column":45}},"17":{"start":{"line":75,"column":2},"end":{"line":83,"column":3}},"18":{"start":{"line":82,"column":3},"end":{"line":82,"column":10}},"19":{"start":{"line":84,"column":2},"end":{"line":86,"column":5}},"20":{"start":{"line":89,"column":15},"end":{"line":93,"column":2}},"21":{"start":{"line":90,"column":2},"end":{"line":92,"column":3}},"22":{"start":{"line":91,"column":3},"end":{"line":91,"column":46}},"23":{"start":{"line":96,"column":21},"end":{"line":96,"column":55}},"24":{"start":{"line":97,"column":2},"end":{"line":107,"column":3}},"25":{"start":{"line":98,"column":3},"end":{"line":106,"column":6}},"26":{"start":{"line":99,"column":4},"end":{"line":105,"column":5}},"27":{"start":{"line":101,"column":5},"end":{"line":101,"column":12}},"28":{"start":{"line":102,"column":11},"end":{"line":105,"column":5}},"29":{"start":{"line":104,"column":5},"end":{"line":104,"column":28}},"30":{"start":{"line":110,"column":15},"end":{"line":117,"column":2}},"31":{"start":{"line":111,"column":2},"end":{"line":116,"column":9}},"32":{"start":{"line":120,"column":53},"end":{"line":120,"column":63}},"33":{"start":{"line":121,"column":29},"end":{"line":121,"column":39}},"34":{"start":{"line":124,"column":2},"end":{"line":126,"column":3}},"35":{"start":{"line":125,"column":3},"end":{"line":125,"column":29}},"36":{"start":{"line":128,"column":2},"end":{"line":148,"column":4}},"37":{"start":{"line":135,"column":5},"end":{"line":135,"column":43}},"38":{"start":{"line":140,"column":5},"end":{"line":145,"column":20}}},"fnMap":{"0":{"name":"(anonymous_0)","decl":{"start":{"line":36,"column":1},"end":{"line":36,"column":2}},"loc":{"start":{"line":36,"column":21},"end":{"line":38,"column":2}},"line":36},"1":{"name":"(anonymous_1)","decl":{"start":{"line":40,"column":20},"end":{"line":40,"column":21}},"loc":{"start":{"line":40,"column":29},"end":{"line":42,"column":2}},"line":40},"2":{"name":"(anonymous_2)","decl":{"start":{"line":44,"column":19},"end":{"line":44,"column":20}},"loc":{"start":{"line":44,"column":25},"end":{"line":64,"column":2}},"line":44},"3":{"name":"(anonymous_3)","decl":{"start":{"line":45,"column":39},"end":{"line":45,"column":40}},"loc":{"start":{"line":45,"column":45},"end":{"line":63,"column":3}},"line":45},"4":{"name":"(anonymous_4)","decl":{"start":{"line":46,"column":25},"end":{"line":46,"column":26}},"loc":{"start":{"line":46,"column":31},"end":{"line":62,"column":4}},"line":46},"5":{"name":"(anonymous_5)","decl":{"start":{"line":55,"column":28},"end":{"line":55,"column":29}},"loc":{"start":{"line":55,"column":53},"end":{"line":61,"column":5}},"line":55},"6":{"name":"(anonymous_6)","decl":{"start":{"line":66,"column":16},"end":{"line":66,"column":17}},"loc":{"start":{"line":66,"column":24},"end":{"line":87,"column":2}},"line":66},"7":{"name":"(anonymous_7)","decl":{"start":{"line":89,"column":15},"end":{"line":89,"column":16}},"loc":{"start":{"line":89,"column":34},"end":{"line":93,"column":2}},"line":89},"8":{"name":"(anonymous_8)","decl":{"start":{"line":95,"column":1},"end":{"line":95,"column":2}},"loc":{"start":{"line":95,"column":38},"end":{"line":108,"column":2}},"line":95},"9":{"name":"(anonymous_9)","decl":{"start":{"line":98,"column":40},"end":{"line":98,"column":41}},"loc":{"start":{"line":98,"column":46},"end":{"line":106,"column":4}},"line":98},"10":{"name":"(anonymous_10)","decl":{"start":{"line":110,"column":15},"end":{"line":110,"column":16}},"loc":{"start":{"line":111,"column":2},"end":{"line":116,"column":9}},"line":111},"11":{"name":"(anonymous_11)","decl":{"start":{"line":119,"column":1},"end":{"line":119,"column":2}},"loc":{"start":{"line":119,"column":10},"end":{"line":149,"column":2}},"line":119},"12":{"name":"(anonymous_12)","decl":{"start":{"line":134,"column":12},"end":{"line":134,"column":13}},"loc":{"start":{"line":134,"column":18},"end":{"line":136,"column":5}},"line":134},"13":{"name":"(anonymous_13)","decl":{"start":{"line":139,"column":5},"end":{"line":139,"column":6}},"loc":{"start":{"line":140,"column":5},"end":{"line":145,"column":20}},"line":140}},"branchMap":{"0":{"loc":{"start":{"line":47,"column":4},"end":{"line":52,"column":5}},"type":"if","locations":[{"start":{"line":47,"column":4},"end":{"line":52,"column":5}},{"start":{"line":47,"column":4},"end":{"line":52,"column":5}}],"line":47},"1":{"loc":{"start":{"line":75,"column":2},"end":{"line":83,"column":3}},"type":"if","locations":[{"start":{"line":75,"column":2},"end":{"line":83,"column":3}},{"start":{"line":75,"column":2},"end":{"line":83,"column":3}}],"line":75},"2":{"loc":{"start":{"line":76,"column":3},"end":{"line":80,"column":14}},"type":"binary-expr","locations":[{"start":{"line":76,"column":3},"end":{"line":76,"column":15}},{"start":{"line":77,"column":3},"end":{"line":77,"column":8}},{"start":{"line":78,"column":3},"end":{"line":78,"column":14}},{"start":{"line":79,"column":3},"end":{"line":79,"column":28}},{"start":{"line":80,"column":3},"end":{"line":80,"column":14}}],"line":76},"3":{"loc":{"start":{"line":90,"column":2},"end":{"line":92,"column":3}},"type":"if","locations":[{"start":{"line":90,"column":2},"end":{"line":92,"column":3}},{"start":{"line":90,"column":2},"end":{"line":92,"column":3}}],"line":90},"4":{"loc":{"start":{"line":96,"column":21},"end":{"line":96,"column":55}},"type":"binary-expr","locations":[{"start":{"line":96,"column":21},"end":{"line":96,"column":35}},{"start":{"line":96,"column":39},"end":{"line":96,"column":55}}],"line":96},"5":{"loc":{"start":{"line":97,"column":2},"end":{"line":107,"column":3}},"type":"if","locations":[{"start":{"line":97,"column":2},"end":{"line":107,"column":3}},{"start":{"line":97,"column":2},"end":{"line":107,"column":3}}],"line":97},"6":{"loc":{"start":{"line":99,"column":4},"end":{"line":105,"column":5}},"type":"if","locations":[{"start":{"line":99,"column":4},"end":{"line":105,"column":5}},{"start":{"line":99,"column":4},"end":{"line":105,"column":5}}],"line":99},"7":{"loc":{"start":{"line":99,"column":8},"end":{"line":99,"column":64}},"type":"binary-expr","locations":[{"start":{"line":99,"column":8},"end":{"line":99,"column":18}},{"start":{"line":99,"column":22},"end":{"line":99,"column":38}},{"start":{"line":99,"column":42},"end":{"line":99,"column":64}}],"line":99},"8":{"loc":{"start":{"line":102,"column":11},"end":{"line":105,"column":5}},"type":"if","locations":[{"start":{"line":102,"column":11},"end":{"line":105,"column":5}},{"start":{"line":102,"column":11},"end":{"line":105,"column":5}}],"line":102},"9":{"loc":{"start":{"line":124,"column":2},"end":{"line":126,"column":3}},"type":"if","locations":[{"start":{"line":124,"column":2},"end":{"line":126,"column":3}},{"start":{"line":124,"column":2},"end":{"line":126,"column":3}}],"line":124},"10":{"loc":{"start":{"line":133,"column":18},"end":{"line":133,"column":61}},"type":"cond-expr","locations":[{"start":{"line":133,"column":43},"end":{"line":133,"column":57}},{"start":{"line":133,"column":60},"end":{"line":133,"column":61}}],"line":133},"11":{"loc":{"start":{"line":133,"column":18},"end":{"line":133,"column":40}},"type":"binary-expr","locations":[{"start":{"line":133,"column":18},"end":{"line":133,"column":22}},{"start":{"line":133,"column":26},"end":{"line":133,"column":40}}],"line":133}},"s":{"0":0,"1":0,"2":0,"3":0,"4":0,"5":0,"6":0,"7":0,"8":0,"9":0,"10":0,"11":0,"12":0,"13":0,"14":0,"15":0,"16":0,"17":0,"18":0,"19":0,"20":0,"21":0,"22":0,"23":0,"24":0,"25":0,"26":0,"27":0,"28":0,"29":0,"30":0,"31":0,"32":0,"33":0,"34":0,"35":0,"36":0,"37":0,"38":0},"f":{"0":0,"1":0,"2":0,"3":0,"4":0,"5":0,"6":0,"7":0,"8":0,"9":0,"10":0,"11":0,"12":0,"13":0},"b":{"0":[0,0],"1":[0,0],"2":[0,0,0,0,0],"3":[0,0],"4":[0,0],"5":[0,0],"6":[0,0],"7":[0,0,0],"8":[0,0],"9":[0,0],"10":[0,0],"11":[0,0]},"hash":"ad204ed92308bd97ca6eb8fc49d977b4824324b4"}
,"/Users/jtoumey/Code/react/sunnies/src/elements/Collapse/Collapse.tsx": {"path":"/Users/jtoumey/Code/react/sunnies/src/elements/Collapse/Collapse.tsx","statementMap":{"0":{"start":{"line":11,"column":37},"end":{"line":11,"column":41}},"1":{"start":{"line":13,"column":19},"end":{"line":23,"column":2}},"2":{"start":{"line":14,"column":2},"end":{"line":16,"column":3}},"3":{"start":{"line":15,"column":3},"end":{"line":15,"column":10}},"4":{"start":{"line":20,"column":2},"end":{"line":22,"column":3}},"5":{"start":{"line":21,"column":3},"end":{"line":21,"column":67}},"6":{"start":{"line":26,"column":2},"end":{"line":28,"column":3}},"7":{"start":{"line":27,"column":3},"end":{"line":27,"column":10}},"8":{"start":{"line":30,"column":2},"end":{"line":30,"column":74}},"9":{"start":{"line":34,"column":2},"end":{"line":36,"column":3}},"10":{"start":{"line":35,"column":3},"end":{"line":35,"column":10}},"11":{"start":{"line":37,"column":2},"end":{"line":57,"column":3}},"12":{"start":{"line":40,"column":22},"end":{"line":40,"column":59}},"13":{"start":{"line":41,"column":3},"end":{"line":41,"column":41}},"14":{"start":{"line":42,"column":22},"end":{"line":42,"column":50}},"15":{"start":{"line":43,"column":3},"end":{"line":43,"column":45}},"16":{"start":{"line":45,"column":3},"end":{"line":47,"column":10}},"17":{"start":{"line":46,"column":4},"end":{"line":46,"column":53}},"18":{"start":{"line":48,"column":9},"end":{"line":57,"column":3}},"19":{"start":{"line":51,"column":25},"end":{"line":51,"column":53}},"20":{"start":{"line":52,"column":3},"end":{"line":52,"column":55}},"21":{"start":{"line":54,"column":3},"end":{"line":56,"column":10}},"22":{"start":{"line":55,"column":4},"end":{"line":55,"column":41}},"23":{"start":{"line":61,"column":2},"end":{"line":61,"column":77}},"24":{"start":{"line":62,"column":2},"end":{"line":62,"column":42}},"25":{"start":{"line":67,"column":42},"end":{"line":69,"column":2}},"26":{"start":{"line":72,"column":29},"end":{"line":72,"column":39}},"27":{"start":{"line":76,"column":20},"end":{"line":76,"column":22}},"28":{"start":{"line":77,"column":2},"end":{"line":88,"column":3}},"29":{"start":{"line":79,"column":3},"end":{"line":87,"column":4}},"30":{"start":{"line":82,"column":4},"end":{"line":82,"column":28}},"31":{"start":{"line":84,"column":4},"end":{"line":86,"column":6}},"32":{"start":{"line":89,"column":2},"end":{"line":100,"column":4}},"33":{"start":{"line":91,"column":19},"end":{"line":91,"column":40}}},"fnMap":{"0":{"name":"(anonymous_0)","decl":{"start":{"line":13,"column":19},"end":{"line":13,"column":20}},"loc":{"start":{"line":13,"column":44},"end":{"line":23,"column":2}},"line":13},"1":{"name":"(anonymous_1)","decl":{"start":{"line":25,"column":1},"end":{"line":25,"column":2}},"loc":{"start":{"line":25,"column":21},"end":{"line":31,"column":2}},"line":25},"2":{"name":"(anonymous_2)","decl":{"start":{"line":33,"column":1},"end":{"line":33,"column":2}},"loc":{"start":{"line":33,"column":22},"end":{"line":58,"column":2}},"line":33},"3":{"name":"(anonymous_3)","decl":{"start":{"line":45,"column":42},"end":{"line":45,"column":43}},"loc":{"start":{"line":45,"column":48},"end":{"line":47,"column":4}},"line":45},"4":{"name":"(anonymous_4)","decl":{"start":{"line":54,"column":42},"end":{"line":54,"column":43}},"loc":{"start":{"line":54,"column":48},"end":{"line":56,"column":4}},"line":54},"5":{"name":"(anonymous_5)","decl":{"start":{"line":60,"column":1},"end":{"line":60,"column":2}},"loc":{"start":{"line":60,"column":24},"end":{"line":63,"column":2}},"line":60},"6":{"name":"(anonymous_6)","decl":{"start":{"line":71,"column":1},"end":{"line":71,"column":2}},"loc":{"start":{"line":71,"column":10},"end":{"line":101,"column":2}},"line":71},"7":{"name":"(anonymous_7)","decl":{"start":{"line":91,"column":9},"end":{"line":91,"column":10}},"loc":{"start":{"line":91,"column":19},"end":{"line":91,"column":40}},"line":91}},"branchMap":{"0":{"loc":{"start":{"line":14,"column":2},"end":{"line":16,"column":3}},"type":"if","locations":[{"start":{"line":14,"column":2},"end":{"line":16,"column":3}},{"start":{"line":14,"column":2},"end":{"line":16,"column":3}}],"line":14},"1":{"loc":{"start":{"line":20,"column":2},"end":{"line":22,"column":3}},"type":"if","locations":[{"start":{"line":20,"column":2},"end":{"line":22,"column":3}},{"start":{"line":20,"column":2},"end":{"line":22,"column":3}}],"line":20},"2":{"loc":{"start":{"line":21,"column":34},"end":{"line":21,"column":66}},"type":"cond-expr","locations":[{"start":{"line":21,"column":52},"end":{"line":21,"column":58}},{"start":{"line":21,"column":61},"end":{"line":21,"column":66}}],"line":21},"3":{"loc":{"start":{"line":26,"column":2},"end":{"line":28,"column":3}},"type":"if","locations":[{"start":{"line":26,"column":2},"end":{"line":28,"column":3}},{"start":{"line":26,"column":2},"end":{"line":28,"column":3}}],"line":26},"4":{"loc":{"start":{"line":34,"column":2},"end":{"line":36,"column":3}},"
[...]
,"/Users/jtoumey/Code/react/sunnies/src/svgs/InstitutionIcon.tsx": {"path":"/Users/jtoumey/Code/react/sunnies/src/svgs/InstitutionIcon.tsx","statementMap":{"0":{"start":{"line":6,"column":53},"end":{"line":21,"column":1}},"1":{"start":{"line":7,"column":1},"end":{"line":20,"column":3}},"2":{"start":{"line":25,"column":26},"end":{"line":25,"column":41}}},"fnMap":{"0":{"name":"(anonymous_0)","decl":{"start":{"line":6,"column":53},"end":{"line":6,"column":54}},"loc":{"start":{"line":6,"column":64},"end":{"line":21,"column":1}},"line":6}},"branchMap":{},"s":{"0":7,"1":0,"2":7},"f":{"0":0},"b":{},"_coverageSchema":"43e27e138ebf9cfc5966b082cf9a028302ed4184","hash":"eae2cec8c6c1fe5f1fd40139c301193770a1e98a"}
,"/Users/jtoumey/Code/react/sunnies/src/svgs/LoaderIcon.tsx": {"path":"/Users/jtoumey/Code/react/sunnies/src/svgs/LoaderIcon.tsx","statementMap":{"0":{"start":{"line":6,"column":48},"end":{"line":13,"column":1}},"1":{"start":{"line":7,"column":1},"end":{"line":12,"column":3}}},"fnMap":{"0":{"name":"(anonymous_0)","decl":{"start":{"line":6,"column":48},"end":{"line":6,"column":49}},"loc":{"start":{"line":6,"column":59},"end":{"line":13,"column":1}},"line":6}},"branchMap":{},"s":{"0":7,"1":0},"f":{"0":0},"b":{},"_coverageSchema":"43e27e138ebf9cfc5966b082cf9a028302ed4184","hash":"8f2821bd8345fdfeae997aee6b136033eee23fef"}
,"/Users/jtoumey/Code/react/sunnies/src/svgs/LockIcon.tsx": {"path":"/Users/jtoumey/Code/react/sunnies/src/svgs/LockIcon.tsx","statementMap":{"0":{"start":{"line":6,"column":46},"end":{"line":17,"column":1}},"1":{"start":{"line":7,"column":1},"end":{"line":16,"column":3}}},"fnMap":{"0":{"name":"(anonymous_0)","decl":{"start":{"line":6,"column":46},"end":{"line":6,"column":47}},"loc":{"start":{"line":6,"column":57},"end":{"line":17,"column":1}},"line":6}},"branchMap":{},"s":{"0":7,"1":0},"f":{"0":0},"b":{},"_coverageSchema":"43e27e138ebf9cfc5966b082cf9a028302ed4184","hash":"6c721a03fb57417ad187a45ba66b8add1bae9617"}
,"/Users/jtoumey/Code/react/sunnies/src/svgs/LogoutIcon.tsx": {"path":"/Users/jtoumey/Code/react/sunnies/src/svgs/LogoutIcon.tsx","statementMap":{"0":{"start":{"line":6,"column":48},"end":{"line":19,"column":1}},"1":{"start":{"line":7,"column":1},"end":{"line":18,"column":3}},"2":{"start":{"line":23,"column":25},"end":{"line":23,"column":35}}},"fnMap":{"0":{"name":"(anonymous_0)","decl":{"start":{"line":6,"column":48},"end":{"line":6,"column":49}},"loc":{"start":{"line":6,"column":59},"end":{"line":19,"column":1}},"line":6}},"branchMap":{},"s":{"0":7,"1":0,"2":7},"f":{"0":0},"b":{},"_coverageSchema":"43e27e138ebf9cfc5966b082cf9a028302ed4184","hash":"4a69b04e60a80531644fce8513a08c03a0df4428"}
,"/Users/jtoumey/Code/react/sunnies/src/svgs/MagnifyingGlassIcon.tsx": {"path":"/Users/jtoumey/Code/react/sunnies/src/svgs/MagnifyingGlassIcon.tsx","statementMap":{"0":{"start":{"line":6,"column":57},"end":{"line":17,"column":1}},"1":{"start":{"line":7,"column":1},"end":{"line":16,"column":3}}},"fnMap":{"0":{"name":"(anonymous_0)","decl":{"start":{"line":6,"column":57},"end":{"line":6,"column":58}},"loc":{"start":{"line":6,"column":68},"end":{"line":17,"column":1}},"line":6}},"branchMap":{},"s":{"0":7,"1":0},"f":{"0":0},"b":{},"_coverageSchema":"43e27e138ebf9cfc5966b082cf9a028302ed4184","hash":"11e3bfb64ea4a04beae8ecdccbbebb48689e425c"}
,"/Users/jtoumey/Code/react/sunnies/src/svgs/MapPinIcon.tsx": {"path":"/Users/jtoumey/Code/react/sunnies/src/svgs/MapPinIcon.tsx","statementMap":{"0":{"start":{"line":6,"column":48},"end":{"line":17,"column":1}},"1":{"start":{"line":7,"column":1},"end":{"line":16,"column":3}},"2":{"start":{"line":21,"column":28},"end":{"line":21,"column":38}}},"fnMap":{"0":{"name":"(anonymous_0)","decl":{"start":{"line":6,"column":48},"end":{"line":6,"column":49}},"loc":{"start":{"line":6,"column":59},"end":{"line":17,"column":1}},"line":6}},"branchMap":{},"s":{"0":7,"1":0,"2":7},"f":{"0":0},"b":{},"_coverageSchema":"43e27e138ebf9cfc5966b082cf9a028302ed4184","hash":"78f5f4efab667dd35cc2d74f09fc291d5799e8c2"}
,"/Users/jtoumey/Code/react/sunnies/src/svgs/MenuIcon.tsx": {"path":"/Users/jtoumey/Code/react/sunnies/src/svgs/MenuIcon.tsx","statementMap":{"0":{"start":{"line":6,"column":46},"end":{"line":15,"column":1}},"1":{"start":{"line":7,"column":1},"end":{"line":14,"column":3}}},"fnMap":{"0":{"name":"(anonymous_0)","decl":{"start":{"line":6,"column":46},"end":{"line":6,"column":47}},"loc":{"start":{"line":6,"column":57},"end":{"line":15,"column":1}},"line":6}},"branchMap":{},"s":{"0":7,"1":0},"f":{"0":0},"b":{},"_coverageSchema":"43e27e138ebf9cfc5966b082cf9a028302ed4184","hash":"b1dbecf73a9d641e1ef23265396be9c447b03641"}
,"/Users/jtoumey/Code/react/sunnies/src/svgs/MessageIcon.tsx": {"path":"/Users/jtoumey/Code/react/sunnies/src/svgs/MessageIcon.tsx","statementMap":{"0":{"start":{"line":6,"column":49},"end":{"line":17,"column":1}},"1":{"start":{"line":7,"column":1},"end":{"line":16,"column":3}}},"fnMap":{"0":{"name":"(anonymous_0)","decl":{"start":{"line":6,"column":49},"end":{"line":6,"column":50}},"loc":{"start":{"line":6,"column":60},"end":{"line":17,"column":1}},"line":6}},"branchMap":{},"s":{"0":7,"1":0},"f":{"0":0},"b":{},"_coverageSchema":"43e27e138ebf9cfc5966b082cf9a028302ed4184","hash":"d14e1fbb35c1f70abae55adf75aecfc326b7be45"}
,"/Users/jtoumey/Code/react/sunnies/src/svgs/MoreIcon.tsx": {"path":"/Users/jtoumey/Code/react/sunnies/src/svgs/MoreIcon.tsx","statementMap":{"0":{"start":{"line":6,"column":46},"end":{"line":15,"column":1}},"1":{"start":{"line":7,"column":1},"end":{"line":14,"column":3}}},"fnMap":{"0":{"name":"(anonymous_0)","decl":{"start":{"line":6,"column":46},"end":{"line":6,"column":47}},"loc":{"start":{"line":6,"column":57},"end":{"line":15,"column":1}},"line":6}},"branchMap":{},"s":{"0":7,"1":0},"f":{"0":0},"b":{},"_coverageSchema":"43e27e138ebf9cfc5966b082cf9a028302ed4184","hash":"c305aafc545295b04d159f11a123f9600ce2f4a1"}
,"/Users/jtoumey/Code/react/sunnies/src/svgs/NoImageIcon.tsx": {"path":"/Users/jtoumey/Code/react/sunnies/src/svgs/NoImageIcon.tsx","statementMap":{"0":{"start":{"line":6,"column":49},"end":{"line":22,"column":1}},"1":{"start":{"line":7,"column":1},"end":{"line":21,"column":3}}},"fnMap":{"0":{"name":"(anonymous_0)","decl":{"start":{"line":6,"column":49},"end":{"line":6,"column":50}},"loc":{"start":{"line":6,"column":60},"end":{"line":22,"column":1}},"line":6}},"branchMap":{},"s":{"0":7,"1":0},"f":{"0":0},"b":{},"_coverageSchema":"43e27e138ebf9cfc5966b082cf9a028302ed4184","hash":"6630dbac989768f40a9a085649038ea25a53e408"}
,"/Users/jtoumey/Code/react/sunnies/src/svgs/PageIcon.tsx": {"path":"/Users/jtoumey/Code/react/sunnies/src/svgs/PageIcon.tsx","statementMap":{"0":{"start":{"line":6,"column":46},"end":{"line":17,"column":1}},"1":{"start":{"line":7,"column":1},"end":{"line":16,"column":3}}},"fnMap":{"0":{"name":"(anonymous_0)","decl":{"start":{"line":6,"column":46},"end":{"line":6,"column":47}},"loc":{"start":{"line":6,"column":57},"end":{"line":17,"column":1}},"line":6}},"branchMap":{},"s":{"0":7,"1":0},"f":{"0":0},"b":{},"_coverageSchema":"43e27e138ebf9cfc5966b082cf9a028302ed4184","hash":"71c8f3e7d9cdd9e81ae3b886df2c9ca2ac2538aa"}
,"/Users/jtoumey/Code/react/sunnies/src/svgs/PageViewsIcon.tsx": {"path":"/Users/jtoumey/Code/react/sunnies/src/svgs/PageViewsIcon.tsx","statementMap":{"0":{"start":{"line":6,"column":51},"end":{"line":14,"column":1}},"1":{"start":{"line":7,"column":1},"end":{"line":13,"column":8}}},"fnMap":{"0":{"name":"(anonymous_0)","decl":{"start":{"line":6,"column":51},"end":{"line":6,"column":52}},"loc":{"start":{"line":7,"column":1},"end":{"line":13,"column":8}},"line":7}},"branchMap":{},"s":{"0":7,"1":0},"f":{"0":0},"b":{},"_coverageSchema":"43e27e138ebf9cfc5966b082cf9a028302ed4184","hash":"3b3c3df7fcd73487534845696531128286816a71"}
,"/Users/jtoumey/Code/react/sunnies/src/svgs/PublicationIcon.tsx": {"path":"/Users/jtoumey/Code/react/sunnies/src/svgs/PublicationIcon.tsx","statementMap":{"0":{"start":{"line":6,"column":53},"end":{"line":17,"column":1}},"1":{"start":{"line":7,"column":1},"end":{"line":16,"column":3}},"2":{"start":{"line":21,"column":24},"end":{"line":21,"column":39}}},"fnMap":{"0":{"name":"(anonymous_0)","decl":{"start":{"line":6,"column":53},"end":{"line":6,"column":54}},"loc":{"start":{"line":6,"column":64},"end":{"line":17,"column":1}},"line":6}},"branchMap":{},"s":{"0":7,"1":0,"2":7},"f":{"0":0},"b":{},"_coverageSchema":"43e27e138ebf9cfc5966b082cf9a028302ed4184","hash":"b22aff01b4aec8f75e2cd2ed71d7490dea4f658f"}
,"/Users/jtoumey/Code/react/sunnies/src/svgs/QuestionCircleIcon.tsx": {"path":"/Users/jtoumey/Code/react/sunnies/src/svgs/QuestionCircleIcon.tsx","statementMap":{"0":{"start":{"line":6,"column":56},"end":{"line":16,"column":1}},"1":{"start":{"line":7,"column":1},"end":{"line":15,"column":3}},"2":{"start":{"line":20,"column":24},"end":{"line":20,"column":42}}},"fnMap":{"0":{"name":"(anonymous_0)","decl":{"start":{"line":6,"column":56},"end":{"line":6,"column":57}},"loc":{"start":{"line":6,"column":67},"end":{"line":16,"column":1}},"line":6}},"branchMap":{},"s":{"0":7,"1":0,"2":7},"f":{"0":0},"b":{},"_coverageSchema":"43e27e138ebf9cfc5966b082cf9a028302ed4184","hash":"276f5a224dae41b1ee21659bb72e5c73f10c31de"}
,"/Users/jtoumey/Code/react/sunnies/src/svgs/ReloadIcon.tsx": {"path":"/Users/jtoumey/Code/react/sunnies/src/svgs/ReloadIcon.tsx","statementMap":{"0":{"start":{"line":6,"column":48},"end":{"line":17,"column":1}},"1":{"start":{"line":7,"column":1},"end":{"line":16,"column":3}}},"fnMap":{"0":{"name":"(anonymous_0)","decl":{"start":{"line":6,"column":48},"end":{"line":6,"column":49}},"loc":{"start":{"line":6,"column":59},"end":{"line":17,"column":1}},"line":6}},"branchMap":{},"s":{"0":7,"1":0},"f":{"0":0},"b":{},"_coverageSchema":"43e27e138ebf9cfc5966b082cf9a028302ed4184","hash":"9f3b58c8abf45574ca2e05c03a9d2923c56c33be"}
,"/Users/jtoumey/Code/react/sunnies/src/svgs/SettingsIcon.tsx": {"path":"/Users/jtoumey/Code/react/sunnies/src/svgs/SettingsIcon.tsx","statementMap":{"0":{"start":{"line":6,"column":50},"end":{"line":17,"column":1}},"1":{"start":{"line":7,"column":1},"end":{"line":16,"column":3}}},"fnMap":{"0":{"name":"(anonymous_0)","decl":{"start":{"line":6,"column":50},"end":{"line":6,"column":51}},"loc":{"start":{"line":6,"column":61},"end":{"line":17,"column":1}},"line":6}},"branchMap":{},"s":{"0":7,"1":0},"f":{"0":0},"b":{},"_coverageSchema":"43e27e138ebf9cfc5966b082cf9a028302ed4184","hash":"9ed4a33a88db5f3e61fcd42e1f8cd47113ec788d"}
,"/Users/jtoumey/Code/react/sunnies/src/svgs/ShareIcon.ios.tsx": {"path":"/Users/jtoumey/Code/react/sunnies/src/svgs/ShareIcon.ios.tsx","statementMap":{"0":{"start":{"line":7,"column":47},"end":{"line":17,"column":1}},"1":{"start":{"line":8,"column":1},"end":{"line":16,"column":3}}},"fnMap":{"0":{"name":"(anonymous_0)","decl":{"start":{"line":7,"column":47},"end":{"line":7,"column":48}},"loc":{"start":{"line":7,"column":58},"end":{"line":17,"column":1}},"line":7}},"branchMap":{},"s":{"0":0,"1":0},"f":{"0":0},"b":{},"hash":"083299847d30319408f88268ea921207e982ebb0"}
,"/Users/jtoumey/Code/react/sunnies/src/svgs/ShareIcon.tsx": {"path":"/Users/jtoumey/Code/react/sunnies/src/svgs/ShareIcon.tsx","statementMap":{"0":{"start":{"line":6,"column":47},"end":{"line":17,"column":1}},"1":{"start":{"line":7,"column":1},"end":{"line":16,"column":3}}},"fnMap":{"0":{"name":"(anonymous_0)","decl":{"start":{"line":6,"column":47},"end":{"line":6,"column":48}},"loc":{"start":{"line":6,"column":58},"end":{"line":17,"column":1}},"line":6}},"branchMap":{},"s":{"0":7,"1":0},"f":{"0":0},"b":{},"_coverageSchema":"43e27e138ebf9cfc5966b082cf9a028302ed4184","hash":"e1602a255dd1b0d836163afee42295fe1aae45c8"}
,"/Users/jtoumey/Code/react/sunnies/src/svgs/TagIcon.tsx": {"path":"/Users/jtoumey/Code/react/sunnies/src/svgs/TagIcon.tsx","statementMap":{"0":{"start":{"line":6,"column":45},"end":{"line":25,"column":1}},"1":{"start":{"line":7,"column":1},"end":{"line":24,"column":3}}},"fnMap":{"0":{"name":"(anonymous_0)","decl":{"start":{"line":6,"column":45},"end":{"line":6,"column":46}},"loc":{"start":{"line":6,"column":56},"end":{"line":25,"column":1}},"line":6}},"branchMap":{},"s":{"0":7,"1":0},"f":{"0":0},"b":{},"_coverageSchema":"43e27e138ebf9cfc5966b082cf9a028302ed4184","hash":"85143acecb1ffff05f3ff473148750b447f39427"}
,"/Users/jtoumey/Code/react/sunnies/src/svgs/TimerIcon.tsx": {"path":"/Users/jtoumey/Code/react/sunnies/src/svgs/TimerIcon.tsx","statementMap":{"0":{"start":{"line":6,"column":47},"end":{"line":17,"column":1}},"1":{"start":{"line":7,"column":1},"end":{"line":16,"column":3}}},"fnMap":{"0":{"name":"(anonymous_0)","decl":{"start":{"line":6,"column":47},"end":{"line":6,"column":48}},"loc":{"start":{"line":6,"column":58},"end":{"line":17,"column":1}},"line":6}},"branchMap":{},"s":{"0":7,"1":3},"f":{"0":3},"b":{},"_coverageSchema":"43e27e138ebf9cfc5966b082cf9a028302ed4184","hash":"eb6dd9906316213538178377cfe75bfa7134625f"}
,"/Users/jtoumey/Code/react/sunnies/src/svgs/TopEmergingIcon.tsx": {"path":"/Users/jtoumey/Code/react/sunnies/src/svgs/TopEmergingIcon.tsx","statementMap":{"0":{"start":{"line":6,"column":53},"end":{"line":24,"column":1}},"1":{"start":{"line":7,"column":1},"end":{"line":23,"column":3}}},"fnMap":{"0":{"name":"(anonymous_0)","decl":{"start":{"line":6,"column":53},"end":{"line":6,"column":54}},"loc":{"start":{"line":6,"column":64},"end":{"line":24,"column":1}},"line":6}},"branchMap":{},"s":{"0":7,"1":0},"f":{"0":0},"b":{},"_coverageSchema":"43e27e138ebf9cfc5966b082cf9a028302ed4184","hash":"f1c2d4eee0c61f480554b998dedf4c618458f1d8"}
,"/Users/jtoumey/Code/react/sunnies/src/svgs/TrashIcon.tsx": {"path":"/Users/jtoumey/Code/react/sunnies/src/svgs/TrashIcon.tsx","statementMap":{"0":{"start":{"line":6,"column":47},"end":{"line":17,"column":1}},"1":{"start":{"line":7,"column":1},"end":{"line":16,"column":3}}},"fnMap":{"0":{"name":"(anonymous_0)","decl":{"start":{"line":6,"column":47},"end":{"line":6,"column":48}},"loc":{"start":{"line":6,"column":58},"end":{"line":17,"column":1}},"line":6}},"branchMap":{},"s":{"0":7,"1":0},"f":{"0":0},"b":{},"_coverageSchema":"43e27e138ebf9cfc5966b082cf9a028302ed4184","hash":"94ad1c1baa528257757208444305549649f6b652"}
,"/Users/jtoumey/Code/react/sunnies/src/svgs/TwitterIcon.tsx": {"path":"/Users/jtoumey/Code/react/sunnies/src/svgs/TwitterIcon.tsx","statementMap":{"0":{"start":{"line":6,"column":49},"end":{"line":17,"column":1}},"1":{"start":{"line":7,"column":1},"end":{"line":16,"column":3}}},"fnMap":{"0":{"name":"(anonymous_0)","decl":{"start":{"line":6,"column":49},"end":{"line":6,"column":50}},"loc":{"start":{"line":6,"column":60},"end":{"line":17,"column":1}},"line":6}},"branchMap":{},"s":{"0":7,"1":0},"f":{"0":0},"b":{},"_coverageSchema":"43e27e138ebf9cfc5966b082cf9a028302ed4184","hash":"06bfc4033357f5917fb9c21bcc4359e81d130ce2"}
,"/Users/jtoumey/Code/react/sunnies/src/svgs/UserMultiIcon.tsx": {"path":"/Users/jtoumey/Code/react/sunnies/src/svgs/UserMultiIcon.tsx","statementMap":{"0":{"start":{"line":6,"column":51},"end":{"line":17,"column":1}},"1":{"start":{"line":7,"column":1},"end":{"line":16,"column":3}},"2":{"start":{"line":21,"column":25},"end":{"line":21,"column":38}}},"fnMap":{"0":{"name":"(anonymous_0)","decl":{"start":{"line":6,"column":51},"end":{"line":6,"column":52}},"loc":{"start":{"line":6,"column":62},"end":{"line":17,"column":1}},"line":6}},"branchMap":{},"s":{"0":7,"1":0,"2":7},"f":{"0":0},"b":{},"_coverageSchema":"43e27e138ebf9cfc5966b082cf9a028302ed4184","hash":"6e8b3d1b2e9d8acfacaa107a229389faed3fff4f"}
,"/Users/jtoumey/Code/react/sunnies/src/svgs/UserSingleIcon.tsx": {"path":"/Users/jtoumey/Code/react/sunnies/src/svgs/UserSingleIcon.tsx","statementMap":{"0":{"start":{"line":6,"column":52},"end":{"line":17,"column":1}},"1":{"start":{"line":7,"column":1},"end":{"line":16,"column":3}},"2":{"start":{"line":21,"column":24},"end":{"line":21,"column":38}}},"fnMap":{"0":{"name":"(anonymous_0)","decl":{"start":{"line":6,"column":52},"end":{"line":6,"column":53}},"loc":{"start":{"line":6,"column":63},"end":{"line":17,"column":1}},"line":6}},"branchMap":{},"s":{"0":7,"1":0,"2":7},"f":{"0":0},"b":{},"_coverageSchema":"43e27e138ebf9cfc5966b082cf9a028302ed4184","hash":"f11337ef614d3a289a1cc1caaf79587d55810fa2"}
,"/Users/jtoumey/Code/react/sunnies/src/svgs/WeChatIcon.ios.tsx": {"path":"/Users/jtoumey/Code/react/sunnies/src/svgs/WeChatIcon.ios.tsx","statementMap":{},"fnMap":{},"branchMap":{},"s":{},"f":{},"b":{},"hash":"f896ff16d830018c38c7c581567a9b93a8fb5faf"}
,"/Users/jtoumey/Code/react/sunnies/src/svgs/WeChatIcon.tsx": {"path":"/Users/jtoumey/Code/react/sunnies/src/svgs/WeChatIcon.tsx","statementMap":{"0":{"start":{"line":13,"column":2},"end":{"line":13,"column":15}},"1":{"start":{"line":14,"column":2},"end":{"line":16,"column":4}},"2":{"start":{"line":19,"column":20},"end":{"line":21,"column":2}},"3":{"start":{"line":20,"column":2},"end":{"line":20,"column":33}},"4":{"start":{"line":23,"column":20},"end":{"line":25,"column":2}},"5":{"start":{"line":24,"column":2},"end":{"line":24,"column":34}},"6":{"start":{"line":28,"column":2},"end":{"line":49,"column":4}},"7":{"start":{"line":53,"column":16},"end":{"line":53,"column":19}},"8":{"start":{"line":54,"column":19},"end":{"line":54,"column":27}},"9":{"start":{"line":55,"column":26},"end":{"line":55,"column":50}},"10":{"start":{"line":57,"column":18},"end":{"line":84,"column":1}},"11":{"start":{"line":86,"column":24},"end":{"line":89,"column":1}}},"fnMap":{"0":{"name":"(anonymous_0)","decl":{"start":{"line":12,"column":1},"end":{"line":12,"column":2}},"loc":{"start":{"line":12,"column":41},"end":{"line":17,"column":2}},"line":12},"1":{"name":"(anonymous_1)","decl":{"start":{"line":19,"column":20},"end":{"line":19,"column":21}},"loc":{"start":{"line":19,"column":26},"end":{"line":21,"column":2}},"line":19},"2":{"name":"(anonymous_2)","decl":{"start":{"line":23,"column":20},"end":{"line":23,"column":21}},"loc":{"start":{"line":23,"column":26},"end":{"line":25,"column":2}},"line":23},"3":{"name":"(anonymous_3)","decl":{"start":{"line":27,"column":1},"end":{"line":27,"column":2}},"loc":{"start":{"line":27,"column":10},"end":{"line":50,"column":2}},"line":27}},"branchMap":{"0":{"loc":{"start":{"line":43,"column":5},"end":{"line":47,"column":5}},"type":"binary-expr","locations":[{"start":{"line":43,"column":5},"end":{"line":43,"column":21}},{"start":{"line":44,"column":5},"end":{"line":46,"column":17}}],"line":43}},"s":{"0":0,"1":0,"2":0,"3":0,"4":0,"5":0,"6":0,"7":7,"8":7,"9":7,"10":7,"11":7},"f":{"0":0,"1":0,"2":0,"3":0},"b":{"0":[0,0]},"_coverageSchema":"43e27e138ebf9cfc5966b082cf9a028302ed4184","hash":"6571ac56eec62a7eb995c695d6e12a76c7f5dc71"}
,"/Users/jtoumey/Code/react/sunnies/src/svgs/index.tsx": {"path":"/Users/jtoumey/Code/react/sunnies/src/svgs/index.tsx","statementMap":{},"fnMap":{},"branchMap":{},"s":{},"f":{},"b":{},"_coverageSchema":"43e27e138ebf9cfc5966b082cf9a028302ed4184","hash":"5f709ad006b049edfba3a3c29845f83c0d6632cc"}
,"/Users/jtoumey/Code/react/sunnies/src/util/usePrevious.ts": {"path":"/Users/jtoumey/Code/react/sunnies/src/util/usePrevious.ts","statementMap":{"0":{"start":{"line":8,"column":13},"end":{"line":8,"column":26}},"1":{"start":{"line":9,"column":1},"end":{"line":11,"column":13}},"2":{"start":{"line":10,"column":2},"end":{"line":10,"column":22}},"3":{"start":{"line":12,"column":1},"end":{"line":12,"column":20}}},"fnMap":{"0":{"name":"usePrevious","decl":{"start":{"line":7,"column":16},"end":{"line":7,"column":27}},"loc":{"start":{"line":7,"column":35},"end":{"line":13,"column":1}},"line":7},"1":{"name":"(anonymous_1)","decl":{"start":{"line":9,"column":11},"end":{"line":9,"column":12}},"loc":{"start":{"line":9,"column":17},"end":{"line":11,"column":2}},"line":9}},"branchMap":{},"s":{"0":12,"1":12,"2":6,"3":12},"f":{"0":12,"1":6},"b":{},"_coverageSchema":"43e27e138ebf9cfc5966b082cf9a028302ed4184","hash":"d4b53b7334fcd46cebc77092f6fc9731b86318e6"}
}
