TN:
SF:/Users/jtoumey/Code/react/sunnies/src/Theme.tsx
FN:327,(anonymous_0)
FN:342,(anonymous_1)
FNF:2
FNH:2
FNDA:36,(anonymous_0)
FNDA:36,(anonymous_1)
DA:17,22
DA:35,22
DA:327,22
DA:328,36
DA:329,0
DA:331,36
DA:342,22
DA:343,36
LF:8
LH:7
BRDA:328,0,0,0
BRDA:328,0,1,36
BRF:2
BRH:1
end_of_record
TN:
SF:/Users/jtoumey/Code/react/sunnies/src/elements/index.tsx
FNF:0
FNH:0
LF:0
LH:0
BRF:0
BRH:0
end_of_record
TN:
SF:/Users/jtoumey/Code/react/sunnies/src/elements/Avatar/Avatar.ios.tsx
FN:11,(anonymous_0)
FN:16,(anonymous_1)
FNF:2
FNH:0
FNDA:0,(anonymous_0)
FNDA:0,(anonymous_1)
DA:5,0
DA:11,0
DA:12,0
DA:14,0
DA:17,0
LF:5
LH:0
BRDA:12,0,0,0
BRDA:12,0,1,0
BRF:2
BRH:0
end_of_record
TN:
SF:/Users/jtoumey/Code/react/sunnies/src/elements/Avatar/Avatar.shared.tsx
FN:34,(anonymous_0)
FN:58,(anonymous_1)
FN:98,(anonymous_2)
FNF:3
FNH:3
FNDA:18,(anonymous_0)
FNDA:7,(anonymous_1)
FNDA:4,(anonymous_2)
DA:16,6
DA:34,6
DA:35,18
DA:37,3
DA:39,3
DA:42,12
DA:58,6
DA:64,7
DA:66,7
DA:67,2
DA:68,5
DA:70,4
DA:72,4
DA:91,1
DA:96,6
DA:98,4
DA:103,6
LF:17
LH:17
BRDA:35,0,0,3
BRDA:35,0,1,3
BRDA:35,0,2,12
BRDA:35,0,3,12
BRDA:61,1,0,0
BRDA:66,2,0,2
BRDA:66,2,1,5
BRDA:68,3,0,4
BRDA:68,3,1,1
BRDA:70,4,0,0
BRDA:70,4,1,4
BRF:11
BRH:9
end_of_record
TN:
SF:/Users/jtoumey/Code/react/sunnies/src/elements/Avatar/Avatar.story.tsx
FN:8,(anonymous_0)
FN:16,(anonymous_1)
FN:24,(anonymous_2)
FNF:3
FNH:0
FNDA:0,(anonymous_0)
FNDA:0,(anonymous_1)
FNDA:0,(anonymous_2)
DA:5,0
DA:7,0
DA:9,0
DA:17,0
DA:25,0
LF:5
LH:0
BRF:0
BRH:0
end_of_record
TN:
SF:/Users/jtoumey/Code/react/sunnies/src/elements/Avatar/Avatar.tsx
FN:10,(anonymous_0)
FN:23,(anonymous_1)
FNF:2
FNH:2
FNDA:7,(anonymous_0)
FNDA:2,(anonymous_1)
DA:10,6
DA:16,7
DA:18,7
DA:24,2
LF:4
LH:4
BRDA:13,0,0,6
BRDA:14,1,0,4
BRF:2
BRH:2
end_of_record
TN:
SF:/Users/jtoumey/Code/react/sunnies/src/elements/Avatar/index.tsx
FNF:0
FNH:0
LF:0
LH:0
BRF:0
BRH:0
end_of_record
TN:
SF:/Users/jtoumey/Code/react/sunnies/src/elements/Banner/Banner.ios.tsx
FNF:0
FNH:0
LF:0
LH:0
BRF:0
BRH:0
end_of_record
TN:
SF:/Users/jtoumey/Code/react/sunnies/src/elements/Banner/Banner.tsx
FN:29,(anonymous_0)
FN:58,(anonymous_1)
FN:62,(anonymous_2)
FNF:3
FNH:3
FNDA:2,(anonymous_0)
FNDA:1,(anonymous_1)
FNDA:6,(anonymous_2)
DA:8,6
DA:17,6
DA:22,6
DA:29,6
DA:30,2
DA:48,6
DA:54,5
DA:58,5
DA:59,1
DA:63,6
DA:64,5
DA:66,5
LF:12
LH:12
BRDA:63,0,0,1
BRDA:63,0,1,5
BRDA:73,1,0,5
BRDA:73,1,1,5
BRDA:75,2,0,5
BRDA:75,2,1,2
BRF:6
BRH:6
end_of_record
TN:
SF:/Users/jtoumey/Code/react/sunnies/src/elements/Banner/index.tsx
FNF:0
FNH:0
LF:0
LH:0
BRF:0
BRH:0
end_of_record
TN:
SF:/Users/jtoumey/Code/react/sunnies/src/elements/BarChart/Bar.ios.tsx
FNF:0
FNH:0
LF:0
LH:0
BRF:0
BRH:0
end_of_record
TN:
SF:/Users/jtoumey/Code/react/sunnies/src/elements/BarChart/Bar.tsx
FN:24,(anonymous_0)
FN:32,(anonymous_1)
FN:37,(anonymous_2)
FN:69,(anonymous_3)
FN:80,(anonymous_4)
FN:95,(anonymous_5)
FN:137,(anonymous_6)
FN:172,(anonymous_7)
FN:173,(anonymous_8)
FN:182,(anonymous_9)
FNF:10
FNH:10
FNDA:72,(anonymous_0)
FNDA:72,(anonymous_1)
FNDA:72,(anonymous_2)
FNDA:18,(anonymous_3)
FNDA:18,(anonymous_4)
FNDA:18,(anonymous_5)
FNDA:72,(anonymous_6)
FNDA:1,(anonymous_7)
FNDA:1,(anonymous_8)
FNDA:18,(anonymous_9)
DA:12,6
DA:13,6
DA:14,6
DA:21,6
DA:25,72
DA:32,72
DA:38,72
DA:43,6
DA:52,6
DA:64,6
DA:69,6
DA:70,18
DA:80,6
DA:94,18
DA:95,18
DA:96,18
DA:98,18
DA:107,6
DA:108,6
DA:111,6
DA:137,6
DA:157,72
DA:164,72
DA:167,72
DA:169,72
DA:172,1
DA:173,1
DA:183,18
LF:28
LH:28
BRDA:25,0,0,18
BRDA:25,0,1,54
BRDA:32,1,0,22
BRDA:32,1,1,50
BRDA:38,2,0,18
BRDA:38,2,1,54
BRDA:164,3,0,0
BRDA:164,3,1,72
BRDA:164,4,0,72
BRDA:164,4,1,18
BRDA:167,5,0,37
BRDA:167,5,1,35
BRDA:178,6,0,72
BRDA:178,6,1,18
BRDA:181,7,0,9
BRDA:181,7,1,9
BRDA:189,8,0,72
BRDA:189,8,1,1
BRDA:189,8,2,1
BRF:19
BRH:18
end_of_record
TN:
SF:/Users/jtoumey/Code/react/sunnies/src/elements/BarChart/BarChart.ios.tsx
FNF:0
FNH:0
LF:0
LH:0
BRF:0
BRH:0
end_of_record
TN:
SF:/Users/jtoumey/Code/react/sunnies/src/elements/BarChart/BarChart.story.tsx
FN:10,(anonymous_0)
FN:18,(anonymous_1)
FN:72,(anonymous_2)
FN:131,(anonymous_3)
FN:190,(anonymous_4)
FN:251,(anonymous_5)
FN:306,(anonymous_6)
FNF:7
FNH:0
FNDA:0,(anonymous_0)
FNDA:0,(anonymous_1)
FNDA:0,(anonymous_2)
FNDA:0,(anonymous_3)
FNDA:0,(anonymous_4)
FNDA:0,(anonymous_5)
FNDA:0,(anonymous_6)
DA:7,0
DA:11,0
DA:19,0
DA:73,0
DA:132,0
DA:191,0
DA:252,0
DA:307,0
LF:8
LH:0
BRF:0
BRH:0
end_of_record
TN:
SF:/Users/jtoumey/Code/react/sunnies/src/elements/BarChart/BarChart.tsx
FN:16,useHighlightLabelPositionConstraints
FN:21,(anonymous_1)
FN:69,(anonymous_2)
FN:80,(anonymous_3)
FN:81,(anonymous_4)
FN:97,(anonymous_5)
FN:128,(anonymous_6)
FN:130,(anonymous_7)
FNF:8
FNH:8
FNDA:31,useHighlightLabelPositionConstraints
FNDA:22,(anonymous_1)
FNDA:31,(anonymous_2)
FNDA:103,(anonymous_3)
FNDA:31,(anonymous_4)
FNDA:103,(anonymous_5)
FNDA:103,(anonymous_6)
FNDA:96,(anonymous_7)
DA:12,6
DA:21,31
DA:22,22
DA:23,13
DA:26,9
DA:27,9
DA:29,9
DA:31,9
DA:32,9
DA:35,9
DA:36,9
DA:38,0
DA:39,0
DA:42,9
DA:43,9
DA:45,0
DA:69,6
DA:70,31
DA:71,31
DA:73,31
DA:78,31
DA:79,31
DA:80,103
DA:81,31
DA:82,31
DA:102,103
DA:103,103
DA:128,103
DA:131,96
DA:144,6
DA:150,6
LF:31
LH:28
BRDA:22,0,0,13
BRDA:22,0,1,9
BRDA:22,1,0,22
BRDA:22,1,1,11
BRDA:36,2,0,0
BRDA:36,2,1,9
BRDA:43,3,0,0
BRDA:43,3,1,9
BRDA:102,4,0,3
BRDA:102,4,1,100
BRDA:106,5,0,3
BRDA:106,5,1,100
BRDA:112,6,0,27
BRDA:112,6,1,76
BRDA:128,7,0,31
BRDA:128,7,1,24
BRF:16
BRH:14
end_of_record
TN:
SF:/Users/jtoumey/Code/react/sunnies/src/elements/BarChart/index.tsx
FNF:0
FNH:0
LF:0
LH:0
BRF:0
BRH:0
end_of_record
TN:
SF:/Users/jtoumey/Code/react/sunnies/src/elements/BorderBox/BorderBox.ios.tsx
FNF:0
FNH:0
LF:0
LH:0
BRF:0
BRH:0
end_of_record
TN:
SF:/Users/jtoumey/Code/react/sunnies/src/elements/BorderBox/BorderBox.tsx
FN:11,(anonymous_0)
FNF:1
FNH:1
FNDA:3,(anonymous_0)
DA:10,5
DA:12,3
DA:20,5
LF:3
LH:3
BRDA:12,0,0,3
BRDA:12,0,1,0
BRF:2
BRH:1
end_of_record
TN:
SF:/Users/jtoumey/Code/react/sunnies/src/elements/BorderBox/BorderBoxBase.tsx
FNF:0
FNH:0
DA:35,5
LF:1
LH:1
BRF:0
BRH:0
end_of_record
TN:
SF:/Users/jtoumey/Code/react/sunnies/src/elements/BorderBox/index.tsx
FNF:0
FNH:0
LF:0
LH:0
BRF:0
BRH:0
end_of_record
TN:
SF:/Users/jtoumey/Code/react/sunnies/src/elements/Box/Box.tsx
FNF:0
FNH:0
DA:59,13
DA:77,13
LF:2
LH:2
BRF:0
BRH:0
end_of_record
TN:
SF:/Users/jtoumey/Code/react/sunnies/src/elements/Box/index.tsx
FNF:0
FNH:0
LF:0
LH:0
BRF:0
BRH:0
end_of_record
TN:
SF:/Users/jtoumey/Code/react/sunnies/src/elements/Button/Button.ios.tsx
FN:41,(anonymous_0)
FN:53,(anonymous_1)
FN:77,(anonymous_2)
FN:87,(anonymous_3)
FN:98,(anonymous_4)
FN:114,(anonymous_5)
FN:134,(anonymous_6)
FN:137,(anonymous_7)
FN:143,(anonymous_8)
FN:206,(anonymous_9)
FNF:10
FNH:0
FNDA:0,(anonymous_0)
FNDA:0,(anonymous_1)
FNDA:0,(anonymous_2)
FNDA:0,(anonymous_3)
FNDA:0,(anonymous_4)
FNDA:0,(anonymous_5)
FNDA:0,(anonymous_6)
FNDA:0,(anonymous_7)
FNDA:0,(anonymous_8)
FNDA:0,(anonymous_9)
DA:30,0
DA:36,0
DA:42,0
DA:43,0
DA:45,0
DA:47,0
DA:49,0
DA:54,0
DA:56,0
DA:57,0
DA:60,0
DA:61,0
DA:68,0
DA:70,0
DA:78,0
DA:80,0
DA:81,0
DA:84,0
DA:87,0
DA:88,0
DA:90,0
DA:92,0
DA:93,0
DA:97,0
DA:99,0
DA:107,0
DA:110,0
DA:122,0
DA:123,0
DA:124,0
DA:125,0
DA:127,0
DA:129,0
DA:130,0
DA:132,0
DA:135,0
DA:138,0
DA:144,0
DA:186,0
DA:196,0
DA:200,0
DA:206,0
DA:209,0
LF:43
LH:0
BRDA:43,0,0,0
BRDA:43,0,1,0
BRDA:43,0,2,0
BRDA:45,1,0,0
BRDA:45,1,1,0
BRDA:45,2,0,0
BRDA:45,2,1,0
BRDA:47,3,0,0
BRDA:47,3,1,0
BRDA:47,4,0,0
BRDA:47,4,1,0
BRDA:49,5,0,0
BRDA:49,5,1,0
BRDA:49,6,0,0
BRDA:49,6,1,0
BRDA:56,7,0,0
BRDA:56,7,1,0
BRDA:60,8,0,0
BRDA:60,8,1,0
BRDA:80,9,0,0
BRDA:80,9,1,0
BRDA:81,10,0,0
BRDA:81,10,1,0
BRDA:88,11,0,0
BRDA:88,11,1,0
BRDA:92,12,0,0
BRDA:92,12,1,0
BRDA:125,13,0,0
BRDA:125,13,1,0
BRDA:162,14,0,0
BRDA:162,14,1,0
BRDA:169,15,0,0
BRDA:169,15,1,0
BRDA:172,16,0,0
BRDA:172,16,1,0
BRDA:206,17,0,0
BRDA:206,17,1,0
BRF:37
BRH:0
end_of_record
TN:
SF:/Users/jtoumey/Code/react/sunnies/src/elements/Button/Button.shared.tsx
FN:59,getColorsForVariant
FN:138,(anonymous_1)
FN:142,(anonymous_2)
FNF:3
FNH:0
FNDA:0,getColorsForVariant
FNDA:0,(anonymous_1)
FNDA:0,(anonymous_2)
DA:18,7
DA:24,7
DA:62,0
DA:64,0
DA:66,0
DA:79,0
DA:92,0
DA:105,0
DA:118,0
DA:138,7
DA:139,0
DA:141,0
DA:143,0
LF:13
LH:3
BRDA:64,0,0,0
BRDA:64,0,1,0
BRDA:64,0,2,0
BRDA:64,0,3,0
BRDA:64,0,4,0
BRDA:64,0,5,0
BRF:6
BRH:0
end_of_record
TN:
SF:/Users/jtoumey/Code/react/sunnies/src/elements/Button/Button.story.tsx
FN:6,(anonymous_0)
FN:27,(anonymous_1)
FN:48,(anonymous_2)
FNF:3
FNH:0
FNDA:0,(anonymous_0)
FNDA:0,(anonymous_1)
FNDA:0,(anonymous_2)
DA:5,0
DA:7,0
DA:28,0
DA:49,0
LF:4
LH:0
BRF:0
BRH:0
end_of_record
TN:
SF:/Users/jtoumey/Code/react/sunnies/src/elements/Button/Button.tsx
FN:30,(anonymous_0)
FN:54,(anonymous_1)
FN:58,(anonymous_2)
FN:78,(anonymous_3)
FN:98,(anonymous_4)
FN:118,(anonymous_5)
FN:137,(anonymous_6)
FN:150,(anonymous_7)
FN:169,(anonymous_8)
FN:175,(anonymous_9)
FN:253,(anonymous_10)
FN:261,(anonymous_11)
FN:272,(anonymous_12)
FNF:13
FNH:10
FNDA:10,(anonymous_0)
FNDA:10,(anonymous_1)
FNDA:9,(anonymous_2)
FNDA:1,(anonymous_3)
FNDA:0,(anonymous_4)
FNDA:0,(anonymous_5)
FNDA:0,(anonymous_6)
FNDA:10,(anonymous_7)
FNDA:1,(anonymous_8)
FNDA:10,(anonymous_9)
FNDA:10,(anonymous_10)
FNDA:10,(anonymous_11)
FNDA:10,(anonymous_12)
DA:24,7
DA:31,10
DA:32,10
DA:34,1
DA:40,8
DA:46,1
DA:55,10
DA:57,9
DA:59,9
DA:61,9
DA:77,1
DA:79,1
DA:81,1
DA:97,0
DA:99,0
DA:101,0
DA:117,0
DA:119,0
DA:120,0
DA:136,0
DA:138,0
DA:139,0
DA:151,10
DA:158,10
DA:164,7
DA:169,10
DA:170,1
DA:171,0
DA:186,10
DA:188,10
DA:189,10
DA:191,10
DA:229,7
DA:236,7
DA:241,7
DA:254,10
DA:255,10
DA:261,10
DA:273,10
DA:275,10
LF:40
LH:30
BRDA:32,0,0,1
BRDA:32,0,1,8
BRDA:32,0,2,1
BRDA:35,1,0,0
BRDA:35,1,1,1
BRDA:37,2,0,0
BRDA:37,2,1,1
BRDA:41,3,0,0
BRDA:41,3,1,8
BRDA:43,4,0,0
BRDA:43,4,1,8
BRDA:47,5,0,0
BRDA:47,5,1,1
BRDA:49,6,0,0
BRDA:49,6,1,1
BRDA:55,7,0,9
BRDA:55,7,1,1
BRDA:55,7,2,0
BRDA:55,7,3,0
BRDA:55,7,4,0
BRDA:55,7,5,0
BRDA:170,8,0,0
BRDA:170,8,1,1
BRDA:170,9,0,1
BRDA:170,9,1,0
BRDA:188,10,0,2
BRDA:188,10,1,8
BRDA:189,11,0,1
BRDA:189,11,1,9
BRDA:198,12,0,10
BRDA:198,12,1,2
BRDA:200,13,0,0
BRDA:200,13,1,10
BRDA:204,14,0,0
BRDA:204,14,1,0
BRDA:213,15,0,0
BRDA:213,15,1,0
BRDA:220,16,0,10
BRDA:220,16,1,10
BRDA:254,17,0,10
BRDA:254,17,1,0
BRF:41
BRH:23
end_of_record
TN:
SF:/Users/jtoumey/Code/react/sunnies/src/elements/Button/index.tsx
FNF:0
FNH:0
LF:0
LH:0
BRF:0
BRH:0
end_of_record
TN:
SF:/Users/jtoumey/Code/react/sunnies/src/elements/Checkbox/Checkbox.ios.tsx
FNF:0
FNH:0
LF:0
LH:0
BRF:0
BRH:0
end_of_record
TN:
SF:/Users/jtoumey/Code/react/sunnies/src/elements/Checkbox/Checkbox.tsx
FN:46,(anonymous_0)
FN:52,(anonymous_1)
FN:59,(anonymous_2)
FN:66,(anonymous_3)
FN:95,(anonymous_4)
FN:106,(anonymous_5)
FN:138,(anonymous_6)
FN:166,(anonymous_7)
FNF:8
FNH:0
FNDA:0,(anonymous_0)
FNDA:0,(anonymous_1)
FNDA:0,(anonymous_2)
FNDA:0,(anonymous_3)
FNDA:0,(anonymous_4)
FNDA:0,(anonymous_5)
FNDA:0,(anonymous_6)
FNDA:0,(anonymous_7)
DA:20,5
DA:21,5
DA:46,0
DA:47,0
DA:48,0
DA:49,0
DA:52,0
DA:53,0
DA:54,0
DA:55,0
DA:56,0
DA:60,0
DA:62,0
DA:67,0
DA:95,5
DA:100,0
DA:101,0
DA:102,0
DA:103,0
DA:106,5
DA:110,0
DA:112,0
DA:114,0
DA:116,0
DA:120,5
DA:136,5
DA:138,5
DA:139,0
DA:143,0
DA:144,0
DA:150,0
DA:151,0
DA:164,5
DA:166,0
LF:34
LH:8
BRDA:48,0,0,0
BRDA:48,0,1,0
BRDA:49,1,0,0
BRDA:49,1,1,0
BRDA:54,2,0,0
BRDA:54,2,1,0
BRDA:54,3,0,0
BRDA:54,3,1,0
BRDA:55,4,0,0
BRDA:55,4,1,0
BRDA:64,5,0,0
BRDA:64,5,1,0
BRDA:67,6,0,0
BRDA:67,6,1,0
BRDA:67,6,2,0
BRDA:100,7,0,0
BRDA:100,7,1,0
BRDA:101,8,0,0
BRDA:101,8,1,0
BRDA:102,9,0,0
BRDA:102,9,1,0
BRDA:110,10,0,0
BRDA:110,10,1,0
BRDA:110,10,2,0
BRDA:143,11,0,0
BRDA:143,11,1,0
BRDA:143,12,0,0
BRDA:143,12,1,0
BRDA:143,12,2,0
BRDA:150,13,0,0
BRDA:150,13,1,0
BRDA:150,14,0,0
BRDA:150,14,1,0
BRDA:166,15,0,0
BRDA:166,15,1,0
BRF:35
BRH:0
end_of_record
TN:
SF:/Users/jtoumey/Code/react/sunnies/src/elements/Checkbox/index.tsx
FNF:0
FNH:0
LF:0
LH:0
BRF:0
BRH:0
end_of_record
TN:
SF:/Users/jtoumey/Code/react/sunnies/src/elements/Collapse/Collapse.ios.tsx
FN:36,(anonymous_0)
FN:40,(anonymous_1)
FN:44,(anonymous_2)
FN:45,(anonymous_3)
FN:46,(anonymous_4)
FN:55,(anonymous_5)
FN:66,(anonymous_6)
FN:89,(anonymous_7)
FN:95,(anonymous_8)
FN:98,(anonymous_9)
FN:110,(anonymous_10)
FN:119,(anonymous_11)
FN:134,(anonymous_12)
FN:139,(anonymous_13)
FNF:14
FNH:0
FNDA:0,(anonymous_0)
FNDA:0,(anonymous_1)
FNDA:0,(anonymous_2)
FNDA:0,(anonymous_3)
FNDA:0,(anonymous_4)
FNDA:0,(anonymous_5)
FNDA:0,(anonymous_6)
FNDA:0,(anonymous_7)
FNDA:0,(anonymous_8)
FNDA:0,(anonymous_9)
FNDA:0,(anonymous_10)
FNDA:0,(anonymous_11)
FNDA:0,(anonymous_12)
FNDA:0,(anonymous_13)
DA:5,0
DA:29,0
DA:37,0
DA:40,0
DA:41,0
DA:44,0
DA:45,0
DA:46,0
DA:47,0
DA:48,0
DA:51,0
DA:55,0
DA:56,0
DA:66,0
DA:67,0
DA:73,0
DA:74,0
DA:75,0
DA:82,0
DA:84,0
DA:89,0
DA:90,0
DA:91,0
DA:96,0
DA:97,0
DA:98,0
DA:99,0
DA:101,0
DA:102,0
DA:104,0
DA:110,0
DA:111,0
DA:120,0
DA:121,0
DA:124,0
DA:125,0
DA:128,0
DA:135,0
DA:140,0
LF:39
LH:0
BRDA:47,0,0,0
BRDA:47,0,1,0
BRDA:75,1,0,0
BRDA:75,1,1,0
BRDA:76,2,0,0
BRDA:76,2,1,0
BRDA:76,2,2,0
BRDA:76,2,3,0
BRDA:76,2,4,0
BRDA:90,3,0,0
BRDA:90,3,1,0
BRDA:96,4,0,0
BRDA:96,4,1,0
BRDA:97,5,0,0
BRDA:97,5,1,0
BRDA:99,6,0,0
BRDA:99,6,1,0
BRDA:99,7,0,0
BRDA:99,7,1,0
BRDA:99,7,2,0
BRDA:102,8,0,0
BRDA:102,8,1,0
BRDA:124,9,0,0
BRDA:124,9,1,0
BRDA:133,10,0,0
BRDA:133,10,1,0
BRDA:133,11,0,0
BRDA:133,11,1,0
BRF:28
BRH:0
end_of_record
TN:
SF:/Users/jtoumey/Code/react/sunnies/src/elements/Collapse/Collapse.tsx
FN:13,(anonymous_0)
FN:25,(anonymous_1)
FN:33,(anonymous_2)
FN:45,(anonymous_3)
FN:54,(anonymous_4)
FN:60,(anonymous_5)
FN:71,(anonymous_6)
FN:91,(anonymous_7)
FNF:8
FNH:4
FNDA:0,(anonymous_0)
FNDA:17,(anonymous_1)
FNDA:14,(anonymous_2)
FNDA:0,(anonymous_3)
FNDA:0,(anonymous_4)
FNDA:0,(anonymous_5)
FNDA:31,(anonymous_6)
FNDA:45,(anonymous_7)
DA:11,17
DA:13,17
DA:14,0
DA:15,0
DA:20,0
DA:21,0
DA:26,17
DA:27,0
DA:30,17
DA:34,14
DA:35,0
DA:37,14
DA:40,0
DA:41,0
DA:42,0
DA:43,0
DA:45,0
DA:46,0
DA:48,14
DA:51,0
DA:52,0
DA:54,0
DA:55,0
DA:61,0
DA:62,0
DA:67,17
DA:72,31
DA:76,31
DA:77,31
DA:79,31
DA:82,0
DA:84,31
DA:89,31
DA:91,45
LF:34
LH:15
BRDA:14,0,0,0
BRDA:14,0,1,0
BRDA:20,1,0,0
BRDA:20,1,1,0
BRDA:21,2,0,0
BRDA:21,2,1,0
BRDA:26,3,0,0
BRDA:26,3,1,17
BRDA:34,4,0,0
BRDA:34,4,1,14
BRDA:37,5,0,0
BRDA:37,5,1,14
BRDA:37,6,0,14
BRDA:37,6,1,0
BRDA:40,7,0,0
BRDA:40,7,1,0
BRDA:48,8,0,0
BRDA:48,8,1,14
BRDA:48,9,0,14
BRDA:48,9,1,14
BRDA:77,10,0,31
BRDA:77,10,1,0
BRDA:79,11,0,0
BRDA:79,11,1,31
BRDA:85,12,0,2
BRDA:85,12,1,29
BRF:26
BRH:11
end_of_record
TN:
SF:/Users/jtoumey/Code/react/sunnies/src/elements/Collapse/index.tsx
FNF:0
FNH:0
LF:0
LH:0
BRF:0
BRH:0
end_of_record
TN:
SF:/Users/jtoumey/Code/react/sunnies/src/elements/Colors/Colors.ios.tsx
FNF:0
FNH:0
LF:0
LH:0
BRF:0
BRH:0
end_of_record
TN:
SF:/Users/jtoumey/Code/react/sunnies/src/elements/Colors/Colors.tsx
FN:18,(anonymous_0)
FN:34,(anonymous_1)
FN:36,(anonymous_2)
FN:43,(anonymous_3)
FN:50,(anonymous_4)
FNF:5
FNH:0
FNDA:0,(anonymous_0)
FNDA:0,(anonymous_1)
FNDA:0,(anonymous_2)
FNDA:0,(anonymous_3)
FNDA:0,(anonymous_4)
DA:10,5
DA:18,5
DA:19,0
DA:34,5
DA:35,0
DA:37,0
DA:43,5
DA:44,0
DA:45,0
DA:46,0
DA:47,0
DA:48,0
DA:50,5
LF:13
LH:5
BRDA:48,0,0,0
BRDA:48,0,1,0
BRF:2
BRH:0
end_of_record
TN:
SF:/Users/jtoumey/Code/react/sunnies/src/elements/Colors/index.tsx
FNF:0
FNH:0
LF:0
LH:0
BRF:0
BRH:0
end_of_record
TN:
SF:/Users/jtoumey/Code/react/sunnies/src/elements/DataVis/ChartHoverTooltip.ios.tsx
FNF:0
FNH:0
LF:0
LH:0
BRF:0
BRH:0
end_of_record
TN:
SF:/Users/jtoumey/Code/react/sunnies/src/elements/DataVis/ChartHoverTooltip.tsx
FN:13,(anonymous_0)
FNF:1
FNH:1
FNDA:3,(anonymous_0)
DA:8,8
DA:13,8
DA:14,3
DA:15,3
DA:16,3
DA:18,0
DA:19,0
DA:21,3
DA:27,8
DA:33,8
LF:10
LH:8
BRDA:16,0,0,0
BRDA:16,0,1,3
BRF:2
BRH:1
end_of_record
TN:
SF:/Users/jtoumey/Code/react/sunnies/src/elements/DataVis/ChartTooltip.tsx
FN:17,(anonymous_0)
FN:24,(anonymous_1)
FN:40,isChartTooltipProps
FN:44,(anonymous_3)
FN:45,(anonymous_4)
FN:53,(anonymous_5)
FNF:6
FNH:4
FNDA:225,(anonymous_0)
FNDA:28,(anonymous_1)
FNDA:253,isChartTooltipProps
FNDA:532,(anonymous_3)
FNDA:0,(anonymous_4)
FNDA:0,(anonymous_5)
DA:6,8
DA:17,8
DA:18,225
DA:24,8
DA:27,28
DA:42,253
DA:44,532
DA:45,0
DA:46,253
DA:53,8
DA:59,0
LF:11
LH:9
BRDA:18,0,0,0
BRDA:18,0,1,225
BRDA:27,1,0,0
BRDA:27,1,1,28
BRDA:42,2,0,253
BRDA:42,2,1,90
BRDA:42,2,2,76
BRDA:42,2,3,0
BRDA:60,3,0,0
BRDA:60,3,1,0
BRDA:61,4,0,0
BRDA:61,4,1,0
BRF:12
BRH:5
end_of_record
TN:
SF:/Users/jtoumey/Code/react/sunnies/src/elements/DataVis/MousePositionContext.tsx
FN:7,(anonymous_0)
FN:10,(anonymous_1)
FN:11,(anonymous_2)
FN:18,(anonymous_3)
FNF:4
FNH:2
FNDA:46,(anonymous_0)
FNDA:19,(anonymous_1)
FNDA:0,(anonymous_2)
FNDA:0,(anonymous_3)
DA:4,8
DA:7,8
DA:8,46
DA:10,46
DA:11,19
DA:12,0
DA:17,19
DA:18,19
DA:19,0
DA:23,46
LF:10
LH:8
BRF:0
BRH:0
end_of_record
TN:
SF:/Users/jtoumey/Code/react/sunnies/src/elements/DataVis/utils/SharedTypes.ts
FNF:0
FNH:0
LF:0
LH:0
BRF:0
BRH:0
end_of_record
TN:
SF:/Users/jtoumey/Code/react/sunnies/src/elements/DataVis/utils/useHasEnteredViewPort.ts
FN:7,(anonymous_0)
FN:9,(anonymous_1)
FN:10,(anonymous_2)
FN:19,(anonymous_3)
FNF:4
FNH:3
FNDA:55,(anonymous_0)
FNDA:19,(anonymous_1)
FNDA:19,(anonymous_2)
FNDA:0,(anonymous_3)
DA:7,8
DA:8,55
DA:9,55
DA:10,19
DA:11,19
DA:12,19
DA:13,19
DA:14,19
DA:17,19
DA:18,19
DA:19,19
DA:20,0
DA:23,55
LF:13
LH:12
BRDA:12,0,0,19
BRDA:12,0,1,0
BRF:2
BRH:1
end_of_record
TN:
SF:/Users/jtoumey/Code/react/sunnies/src/elements/DataVis/utils/useWrapperWidth.ts
FN:7,(anonymous_0)
FN:12,(anonymous_1)
FN:13,(anonymous_2)
FN:25,cleanup
FNF:4
FNH:3
FNDA:10,(anonymous_0)
FNDA:4,(anonymous_1)
FNDA:4,(anonymous_2)
FNDA:0,cleanup
DA:7,7
DA:8,10
DA:10,10
DA:12,10
DA:13,4
DA:14,4
DA:15,4
DA:19,4
DA:21,4
DA:23,4
DA:25,4
DA:26,0
DA:27,0
DA:31,10
LF:14
LH:12
BRDA:14,0,0,4
BRDA:14,0,1,0
BRF:2
BRH:1
end_of_record
TN:
SF:/Users/jtoumey/Code/react/sunnies/src/elements/DonutChart/DonutChart.ios.tsx
FNF:0
FNH:0
LF:0
LH:0
BRF:0
BRH:0
end_of_record
TN:
SF:/Users/jtoumey/Code/react/sunnies/src/elements/DonutChart/DonutChart.story.tsx
FN:10,(anonymous_0)
FN:61,(anonymous_1)
FN:116,(anonymous_2)
FN:171,(anonymous_3)
FN:219,(anonymous_4)
FN:267,(anonymous_5)
FNF:6
FNH:0
FNDA:0,(anonymous_0)
FNDA:0,(anonymous_1)
FNDA:0,(anonymous_2)
FNDA:0,(anonymous_3)
FNDA:0,(anonymous_4)
FNDA:0,(anonymous_5)
DA:8,0
DA:11,0
DA:59,0
DA:62,0
DA:114,0
DA:117,0
DA:169,0
DA:172,0
DA:217,0
DA:220,0
DA:265,0
DA:268,0
DA:319,0
LF:13
LH:0
BRF:0
BRH:0
end_of_record
TN:
SF:/Users/jtoumey/Code/react/sunnies/src/elements/DonutChart/DonutChart.tsx
FN:31,(anonymous_0)
FN:56,(anonymous_1)
FN:69,(anonymous_2)
FN:71,(anonymous_3)
FN:80,(anonymous_4)
FN:100,(anonymous_5)
FN:109,(anonymous_6)
FN:118,(anonymous_7)
FN:124,(anonymous_8)
FN:142,(anonymous_9)
FN:143,(anonymous_10)
FN:175,(anonymous_11)
FN:187,(anonymous_12)
FN:188,(anonymous_13)
FN:192,(anonymous_14)
FN:193,(anonymous_15)
FN:197,(anonymous_16)
FNF:17
FNH:17
FNDA:14,(anonymous_0)
FNDA:42,(anonymous_1)
FNDA:1562,(anonymous_2)
FNDA:42,(anonymous_3)
FNDA:42,(anonymous_4)
FNDA:14,(anonymous_5)
FNDA:14,(anonymous_6)
FNDA:502,(anonymous_7)
FNDA:1506,(anonymous_8)
FNDA:1,(anonymous_9)
FNDA:1,(anonymous_10)
FNDA:56,(anonymous_11)
FNDA:28,(anonymous_12)
FNDA:28,(anonymous_13)
FNDA:28,(anonymous_14)
FNDA:28,(anonymous_15)
FNDA:28,(anonymous_16)
DA:20,6
DA:21,6
DA:31,6
DA:35,14
DA:36,14
DA:38,14
DA:40,14
DA:42,14
DA:45,14
DA:48,14
DA:51,14
DA:53,14
DA:54,14
DA:56,42
DA:57,14
DA:59,14
DA:65,14
DA:69,1562
DA:71,14
DA:72,42
DA:73,42
DA:80,14
DA:81,42
DA:82,42
DA:83,42
DA:100,14
DA:101,14
DA:109,14
DA:114,14
DA:119,502
DA:120,4
DA:122,502
DA:123,502
DA:124,502
DA:128,1506
DA:129,1506
DA:131,1506
DA:135,0
DA:137,1506
DA:142,1
DA:143,1
DA:147,502
DA:154,14
DA:175,6
DA:176,56
DA:177,56
DA:178,42
DA:179,14
DA:180,0
DA:182,14
DA:186,6
DA:187,28
DA:188,28
DA:192,28
DA:193,28
DA:197,28
LF:56
LH:54
BRDA:33,0,0,14
BRDA:48,1,0,14
BRDA:48,1,1,0
BRDA:73,2,0,1
BRDA:73,2,1,41
BRDA:84,3,0,42
BRDA:84,3,1,28
BRDA:87,4,0,8
BRDA:87,4,1,20
BRDA:110,5,0,4
BRDA:110,5,1,10
BRDA:119,6,0,4
BRDA:119,6,1,498
BRDA:119,7,0,502
BRDA:119,7,1,122
BRDA:131,8,0,0
BRDA:131,8,1,1506
BRDA:132,9,0,1506
BRDA:132,9,1,502
BRDA:159,10,0,14
BRDA:159,10,1,14
BRDA:177,11,0,42
BRDA:177,11,1,14
BRDA:179,12,0,0
BRDA:179,12,1,14
BRDA:179,13,0,14
BRDA:179,13,1,0
BRF:27
BRH:23
end_of_record
TN:
SF:/Users/jtoumey/Code/react/sunnies/src/elements/DonutChart/index.tsx
FNF:0
FNH:0
LF:0
LH:0
BRF:0
BRH:0
end_of_record
TN:
SF:/Users/jtoumey/Code/react/sunnies/src/elements/EntityHeader/EntityHeader.ios.tsx
FN:20,(anonymous_0)
FNF:1
FNH:0
FNDA:0,(anonymous_0)
DA:20,0
DA:29,0
DA:71,0
LF:3
LH:0
BRDA:36,0,0,0
BRDA:36,0,1,0
BRDA:36,0,2,0
BRDA:50,1,0,0
BRDA:50,1,1,0
BRDA:57,2,0,0
BRDA:57,2,1,0
BRF:7
BRH:0
end_of_record
TN:
SF:/Users/jtoumey/Code/react/sunnies/src/elements/EntityHeader/EntityHeader.tsx
FN:31,(anonymous_0)
FN:72,(anonymous_1)
FNF:2
FNH:0
FNDA:0,(anonymous_0)
FNDA:0,(anonymous_1)
DA:31,5
DA:40,0
DA:43,0
DA:47,0
DA:75,0
DA:88,5
DA:92,5
LF:7
LH:3
BRDA:40,0,0,0
BRDA:40,0,1,0
BRDA:43,1,0,0
BRDA:43,1,1,0
BRDA:49,2,0,0
BRDA:49,2,1,0
BRDA:49,2,2,0
BRDA:61,3,0,0
BRDA:61,3,1,0
BRDA:63,4,0,0
BRDA:63,4,1,0
BRDA:65,5,0,0
BRDA:65,5,1,0
BRF:13
BRH:0
end_of_record
TN:
SF:/Users/jtoumey/Code/react/sunnies/src/elements/EntityHeader/index.tsx
FNF:0
FNH:0
LF:0
LH:0
BRF:0
BRH:0
end_of_record
TN:
SF:/Users/jtoumey/Code/react/sunnies/src/elements/Flex/Flex.tsx
FNF:0
FNH:0
DA:44,14
DA:72,14
DA:94,14
LF:3
LH:3
BRF:0
BRH:0
end_of_record
TN:
SF:/Users/jtoumey/Code/react/sunnies/src/elements/Flex/index.tsx
FNF:0
FNH:0
LF:0
LH:0
BRF:0
BRH:0
end_of_record
TN:
SF:/Users/jtoumey/Code/react/sunnies/src/elements/Grid/Grid.ios.tsx
FNF:0
FNH:0
LF:0
LH:0
BRF:0
BRH:0
end_of_record
TN:
SF:/Users/jtoumey/Code/react/sunnies/src/elements/Grid/Grid.tsx
FN:19,(anonymous_0)
FNF:1
FNH:0
FNDA:0,(anonymous_0)
DA:17,5
DA:19,0
DA:24,5
DA:30,5
DA:38,5
DA:39,5
DA:40,5
LF:7
LH:6
BRF:0
BRH:0
end_of_record
TN:
SF:/Users/jtoumey/Code/react/sunnies/src/elements/Grid/index.ts
FNF:0
FNH:0
LF:0
LH:0
BRF:0
BRH:0
end_of_record
TN:
SF:/Users/jtoumey/Code/react/sunnies/src/elements/Image/Image.ios.tsx
FNF:0
FNH:0
DA:4,0
DA:5,0
DA:8,0
DA:9,0
LF:4
LH:0
BRF:0
BRH:0
end_of_record
TN:
SF:/Users/jtoumey/Code/react/sunnies/src/elements/Image/Image.shared.tsx
FN:58,(anonymous_0)
FNF:1
FNH:0
FNDA:0,(anonymous_0)
DA:40,6
DA:57,6
DA:58,0
DA:67,6
LF:4
LH:3
BRF:0
BRH:0
end_of_record
TN:
SF:/Users/jtoumey/Code/react/sunnies/src/elements/Image/Image.tsx
FN:25,(anonymous_0)
FN:35,(anonymous_1)
FN:47,(anonymous_2)
FNF:3
FNH:0
FNDA:0,(anonymous_0)
FNDA:0,(anonymous_1)
FNDA:0,(anonymous_2)
DA:25,5
DA:30,0
DA:35,0
DA:47,5
DA:51,0
LF:5
LH:2
BRDA:26,0,0,0
BRDA:27,1,0,0
BRDA:35,2,0,0
BRDA:35,2,1,0
BRDA:48,3,0,0
BRF:5
BRH:0
end_of_record
TN:
SF:/Users/jtoumey/Code/react/sunnies/src/elements/Image/LazyImage.tsx
FN:17,(anonymous_0)
FN:41,(anonymous_1)
FN:67,(anonymous_2)
FN:106,(anonymous_3)
FNF:4
FNH:3
FNDA:486,(anonymous_0)
FNDA:1,(anonymous_1)
FNDA:2,(anonymous_2)
FNDA:0,(anonymous_3)
DA:16,6
DA:17,486
DA:20,6
DA:28,6
DA:34,6
DA:41,6
DA:42,1
DA:46,6
DA:67,6
DA:72,2
DA:83,2
DA:84,2
DA:106,0
LF:13
LH:12
BRDA:17,0,0,486
BRDA:17,0,1,480
BRDA:68,1,0,0
BRDA:69,2,0,2
BRDA:84,3,0,1
BRDA:84,3,1,1
BRDA:104,4,0,0
BRDA:104,4,1,1
BRF:8
BRH:6
end_of_record
TN:
SF:/Users/jtoumey/Code/react/sunnies/src/elements/Image/index.tsx
FNF:0
FNH:0
LF:0
LH:0
BRF:0
BRH:0
end_of_record
TN:
SF:/Users/jtoumey/Code/react/sunnies/src/elements/Input/Input.ios.tsx
FNF:0
FNH:0
LF:0
LH:0
BRF:0
BRH:0
end_of_record
TN:
SF:/Users/jtoumey/Code/react/sunnies/src/elements/Input/Input.tsx
FN:19,(anonymous_0)
FN:58,(anonymous_1)
FN:71,(anonymous_2)
FN:73,(anonymous_3)
FN:81,(anonymous_4)
FN:86,(anonymous_5)
FNF:6
FNH:6
FNDA:5,(anonymous_0)
FNDA:25,(anonymous_1)
FNDA:5,(anonymous_2)
FNDA:5,(anonymous_3)
FNDA:5,(anonymous_4)
FNDA:5,(anonymous_5)
DA:19,6
DA:27,5
DA:58,6
DA:59,25
DA:60,21
DA:61,15
DA:62,10
DA:63,5
DA:66,6
DA:72,5
DA:73,5
DA:82,5
DA:87,5
DA:90,6
DA:92,6
DA:95,6
LF:16
LH:16
BRDA:29,0,0,5
BRDA:29,0,1,2
BRDA:32,1,0,2
BRDA:32,1,1,1
BRDA:35,2,0,5
BRDA:35,2,1,1
BRDA:41,3,0,5
BRDA:41,3,1,1
BRDA:58,4,0,9
BRDA:59,5,0,4
BRDA:59,5,1,21
BRDA:60,6,0,6
BRDA:60,6,1,15
BRDA:61,7,0,5
BRDA:61,7,1,10
BRDA:62,8,0,5
BRDA:62,8,1,5
BRDA:72,9,0,0
BRDA:72,9,1,5
BRF:19
BRH:18
end_of_record
TN:
SF:/Users/jtoumey/Code/react/sunnies/src/elements/Input/index.tsx
FNF:0
FNH:0
LF:0
LH:0
BRF:0
BRH:0
end_of_record
TN:
SF:/Users/jtoumey/Code/react/sunnies/src/elements/Join/Join.story.tsx
FN:7,(anonymous_0)
FN:11,(anonymous_1)
FN:15,(anonymous_2)
FN:17,(anonymous_3)
FN:20,(anonymous_4)
FN:26,(anonymous_5)
FN:32,(anonymous_6)
FN:40,(anonymous_7)
FN:47,(anonymous_8)
FNF:9
FNH:0
FNDA:0,(anonymous_0)
FNDA:0,(anonymous_1)
FNDA:0,(anonymous_2)
FNDA:0,(anonymous_3)
FNDA:0,(anonymous_4)
FNDA:0,(anonymous_5)
FNDA:0,(anonymous_6)
FNDA:0,(anonymous_7)
FNDA:0,(anonymous_8)
DA:7,0
DA:8,0
DA:11,0
DA:12,0
DA:15,0
DA:17,0
DA:21,0
DA:27,0
DA:31,0
DA:33,0
DA:41,0
DA:48,0
LF:12
LH:0
BRF:0
BRH:0
end_of_record
TN:
SF:/Users/jtoumey/Code/react/sunnies/src/elements/Join/Join.tsx
FN:27,(anonymous_0)
FN:30,(anonymous_1)
FNF:2
FNH:2
FNDA:18,(anonymous_0)
FNDA:40,(anonymous_1)
DA:27,7
DA:28,18
DA:30,18
DA:31,40
DA:37,40
DA:38,22
DA:46,40
LF:7
LH:7
BRDA:37,0,0,22
BRDA:37,0,1,18
BRDA:39,1,0,22
BRDA:39,1,1,22
BRF:4
BRH:4
end_of_record
TN:
SF:/Users/jtoumey/Code/react/sunnies/src/elements/Join/index.tsx
FNF:0
FNH:0
LF:0
LH:0
BRF:0
BRH:0
end_of_record
TN:
SF:/Users/jtoumey/Code/react/sunnies/src/elements/LabeledRange/LabeledRange.ios.tsx
FNF:0
FNH:0
LF:0
LH:0
BRF:0
BRH:0
end_of_record
TN:
SF:/Users/jtoumey/Code/react/sunnies/src/elements/LabeledRange/LabeledRange.tsx
FN:33,(anonymous_0)
FN:41,(anonymous_1)
FN:45,(anonymous_2)
FN:49,(anonymous_3)
FN:60,(anonymous_4)
FN:92,(anonymous_5)
FNF:6
FNH:0
FNDA:0,(anonymous_0)
FNDA:0,(anonymous_1)
FNDA:0,(anonymous_2)
FNDA:0,(anonymous_3)
FNDA:0,(anonymous_4)
FNDA:0,(anonymous_5)
DA:24,5
DA:28,0
DA:34,0
DA:35,0
DA:41,0
DA:42,0
DA:46,0
DA:50,0
DA:51,0
DA:53,0
DA:54,0
DA:56,0
DA:61,0
DA:62,0
DA:63,0
DA:64,0
DA:93,0
DA:103,5
DA:110,5
DA:114,5
LF:20
LH:4
BRDA:46,0,0,0
BRDA:46,0,1,0
BRDA:53,1,0,0
BRDA:53,1,1,0
BRDA:63,2,0,0
BRDA:63,2,1,0
BRDA:67,3,0,0
BRDA:67,3,1,0
BRDA:77,4,0,0
BRDA:77,4,1,0
BRF:10
BRH:0
end_of_record
TN:
SF:/Users/jtoumey/Code/react/sunnies/src/elements/LabeledRange/index.tsx
FNF:0
FNH:0
LF:0
LH:0
BRF:0
BRH:0
end_of_record
TN:
SF:/Users/jtoumey/Code/react/sunnies/src/elements/LineChart/Line.tsx
FN:8,(anonymous_0)
FNF:1
FNH:1
FNDA:917,(anonymous_0)
DA:8,6
DA:9,917
LF:2
LH:2
BRF:0
BRH:0
end_of_record
TN:
SF:/Users/jtoumey/Code/react/sunnies/src/elements/LineChart/LineChart.ios.tsx
FNF:0
FNH:0
LF:0
LH:0
BRF:0
BRH:0
end_of_record
TN:
SF:/Users/jtoumey/Code/react/sunnies/src/elements/LineChart/LineChart.story.tsx
FN:10,(anonymous_0)
FN:79,(anonymous_1)
FNF:2
FNH:0
FNDA:0,(anonymous_0)
FNDA:0,(anonymous_1)
DA:7,0
DA:11,0
DA:80,0
LF:3
LH:0
BRF:0
BRH:0
end_of_record
TN:
SF:/Users/jtoumey/Code/react/sunnies/src/elements/LineChart/LineChart.tsx
FN:25,(anonymous_0)
FN:43,(anonymous_1)
FN:62,(anonymous_2)
FN:64,(anonymous_3)
FN:91,(anonymous_4)
FN:100,(anonymous_5)
FN:101,(anonymous_6)
FN:126,(anonymous_7)
FN:130,(anonymous_8)
FNF:9
FNH:9
FNDA:10,(anonymous_0)
FNDA:18,(anonymous_1)
FNDA:18,(anonymous_2)
FNDA:18,(anonymous_3)
FNDA:18,(anonymous_4)
FNDA:1,(anonymous_5)
FNDA:1,(anonymous_6)
FNDA:18,(anonymous_7)
FNDA:18,(anonymous_8)
DA:14,6
DA:15,6
DA:25,6
DA:29,10
DA:31,10
DA:33,10
DA:35,10
DA:37,10
DA:44,18
DA:62,18
DA:65,18
DA:91,6
DA:97,18
DA:98,18
DA:100,1
DA:101,1
DA:112,6
DA:125,6
DA:126,18
DA:130,18
DA:134,6
LF:21
LH:21
BRDA:27,0,0,10
BRDA:40,1,0,10
BRDA:40,1,1,6
BRDA:62,2,0,6
BRDA:62,2,1,6
BRDA:102,3,0,1
BRDA:102,3,1,17
BRDA:104,4,0,18
BRDA:104,4,1,1
BRDA:126,5,0,6
BRDA:126,5,1,12
BRDA:130,6,0,12
BRDA:130,6,1,6
BRDA:130,7,0,18
BRDA:130,7,1,12
BRF:15
BRH:15
end_of_record
TN:
SF:/Users/jtoumey/Code/react/sunnies/src/elements/LineChart/LineChartSVG.tsx
FN:24,(anonymous_0)
FN:32,(anonymous_1)
FN:33,(anonymous_2)
FN:35,(anonymous_3)
FN:42,(anonymous_4)
FN:43,(anonymous_5)
FN:58,(anonymous_6)
FN:63,(anonymous_7)
FNF:8
FNH:8
FNDA:6,(anonymous_0)
FNDA:18,(anonymous_1)
FNDA:18,(anonymous_2)
FNDA:18,(anonymous_3)
FNDA:5502,(anonymous_4)
FNDA:5502,(anonymous_5)
FNDA:917,(anonymous_6)
FNDA:2751,(anonymous_7)
DA:24,6
DA:32,18
DA:33,18
DA:35,18
DA:36,6
DA:38,6
DA:39,6
DA:42,5502
DA:43,5502
DA:45,6
DA:48,6
DA:59,917
DA:60,917
DA:64,2751
DA:84,6
LF:15
LH:15
BRDA:42,0,0,5502
BRDA:42,0,1,0
BRDA:55,1,0,6
BRDA:55,1,1,0
BRF:4
BRH:2
end_of_record
TN:
SF:/Users/jtoumey/Code/react/sunnies/src/elements/LineChart/Point.tsx
FN:8,(anonymous_0)
FNF:1
FNH:1
FNDA:2751,(anonymous_0)
DA:8,6
DA:19,2751
LF:2
LH:2
BRDA:25,0,0,1
BRDA:25,0,1,2750
BRF:2
BRH:2
end_of_record
TN:
SF:/Users/jtoumey/Code/react/sunnies/src/elements/LineChart/index.tsx
FNF:0
FNH:0
LF:0
LH:0
BRF:0
BRH:0
end_of_record
TN:
SF:/Users/jtoumey/Code/react/sunnies/src/elements/Link/Link.ios.tsx
FNF:0
FNH:0
LF:0
LH:0
BRF:0
BRH:0
end_of_record
TN:
SF:/Users/jtoumey/Code/react/sunnies/src/elements/Link/Link.tsx
FN:23,(anonymous_0)
FN:33,(anonymous_1)
FN:45,(anonymous_2)
FN:47,(anonymous_3)
FN:48,(anonymous_4)
FNF:5
FNH:0
FNDA:0,(anonymous_0)
FNDA:0,(anonymous_1)
FNDA:0,(anonymous_2)
FNDA:0,(anonymous_3)
FNDA:0,(anonymous_4)
DA:23,5
DA:28,0
DA:29,0
DA:30,0
DA:33,5
DA:34,0
DA:35,0
DA:42,5
DA:45,0
DA:47,0
DA:49,0
DA:57,5
DA:59,5
LF:13
LH:5
BRDA:28,0,0,0
BRDA:28,0,1,0
BRDA:30,1,0,0
BRDA:30,1,1,0
BRDA:34,2,0,0
BRDA:34,2,1,0
BRDA:49,3,0,0
BRDA:49,3,1,0
BRF:8
BRH:0
end_of_record
TN:
SF:/Users/jtoumey/Code/react/sunnies/src/elements/Link/index.tsx
FNF:0
FNH:0
LF:0
LH:0
BRF:0
BRH:0
end_of_record
TN:
SF:/Users/jtoumey/Code/react/sunnies/src/elements/Menu/Menu.ios.tsx
FNF:0
FNH:0
LF:0
LH:0
BRF:0
BRH:0
end_of_record
TN:
SF:/Users/jtoumey/Code/react/sunnies/src/elements/Menu/Menu.tsx
FN:21,(anonymous_0)
FN:62,(anonymous_1)
FNF:2
FNH:0
FNDA:0,(anonymous_0)
FNDA:0,(anonymous_1)
DA:21,5
DA:27,0
DA:48,5
DA:62,5
DA:67,0
DA:78,5
LF:6
LH:4
BRDA:24,0,0,0
BRDA:31,1,0,0
BRDA:31,1,1,0
BRDA:41,2,0,0
BRDA:41,2,1,0
BRF:5
BRH:0
end_of_record
TN:
SF:/Users/jtoumey/Code/react/sunnies/src/elements/Menu/index.tsx
FNF:0
FNH:0
LF:0
LH:0
BRF:0
BRH:0
end_of_record
TN:
SF:/Users/jtoumey/Code/react/sunnies/src/elements/Message/Message.tsx
FN:30,(anonymous_0)
FNF:1
FNH:0
FNDA:0,(anonymous_0)
DA:20,5
DA:30,5
DA:35,0
LF:3
LH:2
BRDA:32,0,0,0
BRF:1
BRH:0
end_of_record
TN:
SF:/Users/jtoumey/Code/react/sunnies/src/elements/Message/index.tsx
FNF:0
FNH:0
LF:0
LH:0
BRF:0
BRH:0
end_of_record
TN:
SF:/Users/jtoumey/Code/react/sunnies/src/elements/Modal/Modal.ios.tsx
FNF:0
FNH:0
LF:0
LH:0
BRF:0
BRH:0
end_of_record
TN:
SF:/Users/jtoumey/Code/react/sunnies/src/elements/Modal/Modal.tsx
FN:44,(anonymous_0)
FN:70,(anonymous_1)
FN:76,(anonymous_2)
FN:83,(anonymous_3)
FN:88,(anonymous_4)
FN:107,(anonymous_5)
FN:120,(anonymous_6)
FN:130,(anonymous_7)
FN:169,(anonymous_8)
FN:199,(anonymous_9)
FN:200,(anonymous_10)
FN:215,(anonymous_11)
FN:221,(anonymous_12)
FN:234,(anonymous_13)
FNF:14
FNH:11
FNDA:12,(anonymous_0)
FNDA:6,(anonymous_1)
FNDA:6,(anonymous_2)
FNDA:0,(anonymous_3)
FNDA:6,(anonymous_4)
FNDA:0,(anonymous_5)
FNDA:0,(anonymous_6)
FNDA:12,(anonymous_7)
FNDA:1,(anonymous_8)
FNDA:6,(anonymous_9)
FNDA:6,(anonymous_10)
FNDA:6,(anonymous_11)
FNDA:6,(anonymous_12)
FNDA:6,(anonymous_13)
DA:38,6
DA:44,6
DA:54,12
DA:58,12
DA:63,12
DA:64,12
DA:65,12
DA:67,12
DA:68,12
DA:70,12
DA:71,6
DA:72,6
DA:76,12
DA:77,6
DA:78,6
DA:81,0
DA:83,0
DA:88,12
DA:89,6
DA:90,6
DA:92,6
DA:94,6
DA:95,6
DA:96,6
DA:102,0
DA:103,0
DA:104,0
DA:108,0
DA:113,0
DA:114,0
DA:120,12
DA:122,0
DA:124,0
DA:130,12
DA:131,12
DA:163,12
DA:169,1
DA:181,6
DA:190,6
DA:199,6
DA:200,6
DA:203,6
DA:210,6
DA:215,6
DA:221,6
DA:230,6
DA:234,6
DA:237,6
DA:244,6
DA:248,6
LF:50
LH:40
BRDA:71,0,0,6
BRDA:71,0,1,0
BRDA:71,1,0,6
BRDA:71,1,1,6
BRDA:77,2,0,6
BRDA:77,2,1,0
BRDA:89,3,0,6
BRDA:89,3,1,0
BRDA:134,4,0,12
BRDA:134,4,1,2
BRDA:142,5,0,12
BRDA:142,5,1,2
BRDA:154,6,0,12
BRDA:154,6,1,2
BRDA:165,7,0,12
BRDA:165,7,1,6
BRDA:199,8,0,6
BRDA:199,8,1,0
BRDA:200,9,0,6
BRDA:200,9,1,0
BRDA:215,10,0,0
BRDA:215,10,1,6
BRDA:221,11,0,0
BRDA:221,11,1,6
BRDA:234,12,0,1
BRDA:234,12,1,5
BRF:26
BRH:19
end_of_record
TN:
SF:/Users/jtoumey/Code/react/sunnies/src/elements/Modal/index.tsx
FNF:0
FNH:0
LF:0
LH:0
BRF:0
BRH:0
end_of_record
TN:
SF:/Users/jtoumey/Code/react/sunnies/src/elements/Pagination/Pagination.ios.tsx
FNF:0
FNH:0
LF:0
LH:0
BRF:0
BRH:0
end_of_record
TN:
SF:/Users/jtoumey/Code/react/sunnies/src/elements/Pagination/Pagination.tsx
FN:17,(anonymous_0)
FN:39,(anonymous_1)
FN:51,(anonymous_2)
FN:57,(anonymous_3)
FN:64,(anonymous_4)
FN:83,(anonymous_5)
FN:98,(anonymous_6)
FN:111,(anonymous_7)
FN:118,(anonymous_8)
FN:126,(anonymous_9)
FN:133,(anonymous_10)
FN:141,(anonymous_11)
FN:143,(anonymous_12)
FN:166,(anonymous_13)
FN:172,(anonymous_14)
FN:176,(anonymous_15)
FN:184,(anonymous_16)
FN:188,(anonymous_17)
FNF:18
FNH:18
FNDA:6,(anonymous_0)
FNDA:24,(anonymous_1)
FNDA:1,(anonymous_2)
FNDA:1,(anonymous_3)
FNDA:3,(anonymous_4)
FNDA:1,(anonymous_5)
FNDA:1,(anonymous_6)
FNDA:6,(anonymous_7)
FNDA:12,(anonymous_8)
FNDA:36,(anonymous_9)
FNDA:1,(anonymous_10)
FNDA:36,(anonymous_11)
FNDA:1,(anonymous_12)
FNDA:36,(anonymous_13)
FNDA:6,(anonymous_14)
FNDA:1,(anonymous_15)
FNDA:6,(anonymous_16)
FNDA:1,(anonymous_17)
DA:17,5
DA:23,6
DA:25,6
DA:39,24
DA:52,1
DA:53,1
DA:57,1
DA:64,5
DA:70,3
DA:72,3
DA:84,1
DA:85,1
DA:98,1
DA:110,5
DA:111,6
DA:118,5
DA:119,12
DA:126,5
DA:130,36
DA:131,36
DA:133,1
DA:141,5
DA:142,36
DA:143,1
DA:151,5
DA:157,5
DA:166,36
DA:172,5
DA:173,6
DA:176,1
DA:184,5
DA:185,6
DA:188,1
DA:196,5
DA:202,5
DA:209,5
DA:210,5
DA:211,5
LF:38
LH:38
BRDA:32,0,0,6
BRDA:32,0,1,6
BRDA:41,1,0,6
BRDA:41,1,1,6
BRDA:52,2,0,1
BRDA:52,2,1,0
BRDA:75,3,0,0
BRDA:75,3,1,3
BRDA:84,4,0,1
BRDA:84,4,1,0
BRDA:93,5,0,0
BRDA:93,5,1,3
BRDA:166,6,0,36
BRDA:166,6,1,6
BRDA:174,7,0,1
BRDA:174,7,1,5
BRDA:186,8,0,1
BRDA:186,8,1,5
BRF:18
BRH:14
end_of_record
TN:
SF:/Users/jtoumey/Code/react/sunnies/src/elements/Pagination/index.tsx
FNF:0
FNH:0
LF:0
LH:0
BRF:0
BRH:0
end_of_record
TN:
SF:/Users/jtoumey/Code/react/sunnies/src/elements/PriceRange/PriceRange.ios.tsx
FNF:0
FNH:0
LF:0
LH:0
BRF:0
BRH:0
end_of_record
TN:
SF:/Users/jtoumey/Code/react/sunnies/src/elements/PriceRange/PriceRange.tsx
FN:17,(anonymous_0)
FN:30,(anonymous_1)
FNF:2
FNH:0
FNDA:0,(anonymous_0)
FNDA:0,(anonymous_1)
DA:12,5
DA:18,0
DA:24,0
DA:25,0
DA:27,0
DA:31,0
LF:6
LH:1
BRF:0
BRH:0
end_of_record
TN:
SF:/Users/jtoumey/Code/react/sunnies/src/elements/PriceRange/index.tsx
FNF:0
FNH:0
LF:0
LH:0
BRF:0
BRH:0
end_of_record
TN:
SF:/Users/jtoumey/Code/react/sunnies/src/elements/ProgressBar/ProgressBar.ios.tsx
FNF:0
FNH:0
LF:0
LH:0
BRF:0
BRH:0
end_of_record
TN:
SF:/Users/jtoumey/Code/react/sunnies/src/elements/ProgressBar/ProgressBar.tsx
FN:18,(anonymous_0)
FNF:1
FNH:0
FNDA:0,(anonymous_0)
DA:6,5
DA:18,5
DA:19,0
LF:3
LH:2
BRDA:18,0,0,0
BRF:1
BRH:0
end_of_record
TN:
SF:/Users/jtoumey/Code/react/sunnies/src/elements/ProgressBar/index.tsx
FNF:0
FNH:0
LF:0
LH:0
BRF:0
BRH:0
end_of_record
TN:
SF:/Users/jtoumey/Code/react/sunnies/src/elements/ProgressBarTimer/ProgressBarTimer.ios.tsx
FNF:0
FNH:0
LF:0
LH:0
BRF:0
BRH:0
end_of_record
TN:
SF:/Users/jtoumey/Code/react/sunnies/src/elements/ProgressBarTimer/ProgressBarTimer.tsx
FN:12,(anonymous_0)
FNF:1
FNH:1
FNDA:3,(anonymous_0)
DA:12,5
DA:18,3
DA:22,3
DA:26,3
DA:28,3
LF:5
LH:5
BRDA:16,0,0,0
BRF:1
BRH:0
end_of_record
TN:
SF:/Users/jtoumey/Code/react/sunnies/src/elements/ProgressBarTimer/index.tsx
FNF:0
FNH:0
LF:0
LH:0
BRF:0
BRH:0
end_of_record
TN:
SF:/Users/jtoumey/Code/react/sunnies/src/elements/Radio/Radio.ios.tsx
FNF:0
FNH:0
LF:0
LH:0
BRF:0
BRH:0
end_of_record
TN:
SF:/Users/jtoumey/Code/react/sunnies/src/elements/Radio/Radio.tsx
FN:47,(anonymous_0)
FN:70,(anonymous_1)
FN:93,(anonymous_2)
FN:130,(anonymous_3)
FN:156,(anonymous_4)
FN:165,(anonymous_5)
FN:194,(anonymous_6)
FN:205,(anonymous_7)
FN:208,(anonymous_8)
FNF:9
FNH:8
FNDA:24,(anonymous_0)
FNDA:5,(anonymous_1)
FNDA:0,(anonymous_2)
FNDA:24,(anonymous_3)
FNDA:24,(anonymous_4)
FNDA:24,(anonymous_5)
FNDA:24,(anonymous_6)
FNDA:24,(anonymous_7)
FNDA:24,(anonymous_8)
DA:47,6
DA:58,24
DA:62,24
DA:64,24
DA:71,5
DA:94,0
DA:108,6
DA:130,6
DA:131,24
DA:132,24
DA:133,0
DA:139,24
DA:140,16
DA:154,6
DA:156,24
DA:161,6
DA:166,24
DA:173,6
DA:179,6
DA:194,6
DA:195,24
DA:197,1
DA:199,8
DA:201,15
DA:205,6
DA:206,24
DA:208,6
DA:211,24
DA:213,6
LF:29
LH:27
BRDA:62,0,0,24
BRDA:62,0,1,24
BRDA:71,1,0,5
BRDA:71,1,1,5
BRDA:71,1,2,5
BRDA:94,2,0,0
BRDA:94,2,1,0
BRDA:94,2,2,0
BRDA:97,3,0,0
BRDA:97,3,1,24
BRDA:99,4,0,0
BRDA:99,4,1,24
BRDA:132,5,0,0
BRDA:132,5,1,24
BRDA:132,6,0,24
BRDA:132,6,1,0
BRDA:139,7,0,16
BRDA:139,7,1,8
BRDA:156,8,0,24
BRDA:156,8,1,23
BRDA:166,9,0,24
BRDA:166,9,1,1
BRDA:195,10,0,1
BRDA:195,10,1,8
BRDA:195,10,2,15
BRDA:206,11,0,8
BRDA:206,11,1,16
BRDA:206,12,0,24
BRDA:206,12,1,8
BRDA:211,13,0,24
BRDA:211,13,1,1
BRDA:211,13,2,1
BRF:32
BRH:25
end_of_record
TN:
SF:/Users/jtoumey/Code/react/sunnies/src/elements/Radio/index.tsx
FNF:0
FNH:0
LF:0
LH:0
BRF:0
BRH:0
end_of_record
TN:
SF:/Users/jtoumey/Code/react/sunnies/src/elements/RadioGroup/RadioGroup.ios.tsx
FNF:0
FNH:0
LF:0
LH:0
BRF:0
BRH:0
end_of_record
TN:
SF:/Users/jtoumey/Code/react/sunnies/src/elements/RadioGroup/RadioGroup.tsx
FN:39,(anonymous_0)
FN:41,(anonymous_1)
FN:62,(anonymous_2)
FN:65,(anonymous_3)
FN:72,(anonymous_4)
FN:84,(anonymous_5)
FNF:6
FNH:6
FNDA:5,(anonymous_0)
FNDA:5,(anonymous_1)
FNDA:12,(anonymous_2)
FNDA:24,(anonymous_3)
FNDA:1,(anonymous_4)
FNDA:12,(anonymous_5)
DA:35,7
DA:39,7
DA:41,5
DA:42,5
DA:43,2
DA:47,5
DA:48,2
DA:49,1
DA:55,1
DA:59,4
DA:63,12
DA:66,24
DA:73,1
DA:74,1
DA:91,12
DA:92,12
LF:16
LH:16
BRDA:36,0,0,7
BRDA:36,0,1,3
BRDA:42,1,0,2
BRDA:42,1,1,3
BRDA:47,2,0,2
BRDA:47,2,1,3
BRDA:48,3,0,1
BRDA:48,3,1,1
BRDA:68,4,0,1
BRDA:68,4,1,23
BRDA:71,5,0,2
BRDA:71,5,1,22
BRF:12
BRH:12
end_of_record
TN:
SF:/Users/jtoumey/Code/react/sunnies/src/elements/RadioGroup/index.tsx
FNF:0
FNH:0
LF:0
LH:0
BRF:0
BRH:0
end_of_record
TN:
SF:/Users/jtoumey/Code/react/sunnies/src/elements/ReadMore/ReadMore.ios.tsx
FNF:0
FNH:0
LF:0
LH:0
BRF:0
BRH:0
end_of_record
TN:
SF:/Users/jtoumey/Code/react/sunnies/src/elements/ReadMore/ReadMore.tsx
FN:32,(anonymous_0)
FN:48,(anonymous_1)
FN:53,(anonymous_2)
FN:59,(anonymous_3)
FN:67,(anonymous_4)
FN:85,(anonymous_5)
FN:115,(anonymous_6)
FNF:7
FNH:7
FNDA:8,(anonymous_0)
FNDA:1,(anonymous_1)
FNDA:1,(anonymous_2)
FNDA:9,(anonymous_3)
FNDA:9,(anonymous_4)
FNDA:3,(anonymous_5)
FNDA:9,(anonymous_6)
DA:23,8
DA:27,6
DA:33,8
DA:35,8
DA:39,8
DA:40,8
DA:41,8
DA:43,8
DA:49,1
DA:54,1
DA:60,9
DA:61,6
DA:63,3
DA:68,9
DA:69,9
DA:71,9
DA:85,6
DA:86,3
DA:96,6
DA:105,6
DA:114,6
DA:115,9
DA:128,6
LF:23
LH:23
BRDA:35,0,0,8
BRDA:35,0,1,0
BRDA:41,1,0,8
BRDA:41,1,1,8
BRDA:54,2,0,1
BRDA:54,2,1,0
BRDA:60,3,0,6
BRDA:60,3,1,3
BRDA:69,4,0,9
BRDA:69,4,1,3
BRDA:79,5,0,9
BRDA:79,5,1,3
BRDA:115,6,0,6
BRDA:115,6,1,3
BRF:14
BRH:12
end_of_record
TN:
SF:/Users/jtoumey/Code/react/sunnies/src/elements/ReadMore/index.tsx
FNF:0
FNH:0
LF:0
LH:0
BRF:0
BRH:0
end_of_record
TN:
SF:/Users/jtoumey/Code/react/sunnies/src/elements/Select/Select.ios.tsx
FNF:0
FNH:0
LF:0
LH:0
BRF:0
BRH:0
end_of_record
TN:
SF:/Users/jtoumey/Code/react/sunnies/src/elements/Select/Select.story.tsx
FN:6,(anonymous_0)
FN:23,(anonymous_1)
FN:40,(anonymous_2)
FNF:3
FNH:0
FNDA:0,(anonymous_0)
FNDA:0,(anonymous_1)
FNDA:0,(anonymous_2)
DA:5,0
DA:7,0
DA:24,0
DA:41,0
LF:4
LH:0
BRF:0
BRH:0
end_of_record
TN:
SF:/Users/jtoumey/Code/react/sunnies/src/elements/Select/Select.tsx
FN:29,(anonymous_0)
FN:35,(anonymous_1)
FN:39,(anonymous_2)
FN:52,(anonymous_3)
FN:64,(anonymous_4)
FN:68,(anonymous_5)
FN:104,(anonymous_6)
FN:121,(anonymous_7)
FN:125,(anonymous_8)
FN:135,(anonymous_9)
FNF:10
FNH:4
FNDA:0,(anonymous_0)
FNDA:0,(anonymous_1)
FNDA:0,(anonymous_2)
FNDA:3,(anonymous_3)
FNDA:1,(anonymous_4)
FNDA:6,(anonymous_5)
FNDA:3,(anonymous_6)
FNDA:0,(anonymous_7)
FNDA:0,(anonymous_8)
FNDA:0,(anonymous_9)
DA:29,6
DA:30,0
DA:36,0
DA:40,0
DA:52,6
DA:53,3
DA:65,1
DA:69,6
DA:79,6
DA:99,6
DA:100,6
DA:104,3
DA:109,6
DA:121,0
DA:125,0
DA:135,0
DA:145,6
LF:17
LH:11
BRDA:36,0,0,0
BRDA:36,0,1,0
BRDA:56,1,0,3
BRDA:56,1,1,1
BRDA:65,2,0,1
BRDA:65,2,1,1
BRDA:104,3,0,0
BRDA:104,3,1,3
BRDA:121,4,0,0
BRDA:121,4,1,0
BRDA:121,4,2,0
BRDA:125,5,0,0
BRDA:125,5,1,0
BRDA:135,6,0,0
BRDA:135,6,1,0
BRF:15
BRH:5
end_of_record
TN:
SF:/Users/jtoumey/Code/react/sunnies/src/elements/Select/index.tsx
FNF:0
FNH:0
LF:0
LH:0
BRF:0
BRH:0
end_of_record
TN:
SF:/Users/jtoumey/Code/react/sunnies/src/elements/Separator/Separator.tsx
FNF:0
FNH:0
DA:13,5
DA:20,5
LF:2
LH:2
BRF:0
BRH:0
end_of_record
TN:
SF:/Users/jtoumey/Code/react/sunnies/src/elements/Separator/index.tsx
FNF:0
FNH:0
LF:0
LH:0
BRF:0
BRH:0
end_of_record
TN:
SF:/Users/jtoumey/Code/react/sunnies/src/elements/Slider/Slider.ios.tsx
FNF:0
FNH:0
LF:0
LH:0
BRF:0
BRH:0
end_of_record
TN:
SF:/Users/jtoumey/Code/react/sunnies/src/elements/Slider/Slider.tsx
FN:53,(anonymous_0)
FN:74,(anonymous_1)
FN:89,(anonymous_2)
FN:93,(anonymous_3)
FNF:4
FNH:0
FNDA:0,(anonymous_0)
FNDA:0,(anonymous_1)
FNDA:0,(anonymous_2)
FNDA:0,(anonymous_3)
DA:53,5
DA:54,0
DA:60,5
DA:75,0
DA:90,0
DA:93,0
LF:6
LH:2
BRDA:75,0,0,0
BRDA:75,0,1,0
BRDA:90,1,0,0
BRDA:90,1,1,0
BRDA:93,2,0,0
BRDA:93,2,1,0
BRF:6
BRH:0
end_of_record
TN:
SF:/Users/jtoumey/Code/react/sunnies/src/elements/Slider/index.tsx
FNF:0
FNH:0
LF:0
LH:0
BRF:0
BRH:0
end_of_record
TN:
SF:/Users/jtoumey/Code/react/sunnies/src/elements/Spacer/Spacer.tsx
FN:10,(anonymous_0)
FNF:1
FNH:1
FNDA:90,(anonymous_0)
DA:10,7
DA:11,90
DA:14,7
LF:3
LH:3
BRF:0
BRH:0
end_of_record
TN:
SF:/Users/jtoumey/Code/react/sunnies/src/elements/Spacer/index.tsx
FNF:0
FNH:0
LF:0
LH:0
BRF:0
BRH:0
end_of_record
TN:
SF:/Users/jtoumey/Code/react/sunnies/src/elements/Spinner/Spinner.ios.tsx
FN:19,(anonymous_0)
FN:24,(anonymous_1)
FN:28,(anonymous_2)
FN:35,(anonymous_3)
FN:38,(anonymous_4)
FN:61,(anonymous_5)
FNF:6
FNH:0
FNDA:0,(anonymous_0)
FNDA:0,(anonymous_1)
FNDA:0,(anonymous_2)
FNDA:0,(anonymous_3)
FNDA:0,(anonymous_4)
FNDA:0,(anonymous_5)
DA:14,0
DA:20,0
DA:21,0
DA:25,0
DA:29,0
DA:30,0
DA:35,0
DA:39,0
DA:44,0
DA:57,0
DA:62,0
DA:64,0
DA:72,0
LF:13
LH:0
BRF:0
BRH:0
end_of_record
TN:
SF:/Users/jtoumey/Code/react/sunnies/src/elements/Spinner/Spinner.shared.tsx
FN:18,(anonymous_0)
FNF:1
FNH:1
FNDA:2,(anonymous_0)
DA:18,7
DA:19,2
DA:21,2
DA:23,0
DA:28,2
DA:33,0
DA:38,0
LF:7
LH:4
BRDA:21,0,0,0
BRDA:21,0,1,2
BRDA:21,0,2,0
BRDA:21,0,3,0
BRF:4
BRH:1
end_of_record
TN:
SF:/Users/jtoumey/Code/react/sunnies/src/elements/Spinner/Spinner.tsx
FN:18,(anonymous_0)
FNF:1
FNH:1
FNDA:2,(anonymous_0)
DA:7,7
DA:14,7
DA:19,2
DA:21,2
DA:31,7
DA:37,7
LF:6
LH:6
BRF:0
BRH:0
end_of_record
TN:
SF:/Users/jtoumey/Code/react/sunnies/src/elements/Spinner/index.tsx
FNF:0
FNH:0
LF:0
LH:0
BRF:0
BRH:0
end_of_record
TN:
SF:/Users/jtoumey/Code/react/sunnies/src/elements/StackableBorderBox/StackableBorderBox.ios.tsx
FNF:0
FNH:0
LF:0
LH:0
BRF:0
BRH:0
end_of_record
TN:
SF:/Users/jtoumey/Code/react/sunnies/src/elements/StackableBorderBox/StackableBorderBox.tsx
FNF:0
FNH:0
DA:10,5
DA:30,5
LF:2
LH:2
BRF:0
BRH:0
end_of_record
TN:
SF:/Users/jtoumey/Code/react/sunnies/src/elements/StackableBorderBox/index.tsx
FNF:0
FNH:0
LF:0
LH:0
BRF:0
BRH:0
end_of_record
TN:
SF:/Users/jtoumey/Code/react/sunnies/src/elements/StaticCountdownTimer/StaticCountdownTimer.ios.tsx
FNF:0
FNH:0
LF:0
LH:0
BRF:0
BRH:0
end_of_record
TN:
SF:/Users/jtoumey/Code/react/sunnies/src/elements/StaticCountdownTimer/StaticCountdownTimer.tsx
FN:23,(anonymous_0)
FNF:1
FNH:1
FNDA:3,(anonymous_0)
DA:14,5
DA:23,5
DA:24,3
DA:26,3
DA:27,3
DA:29,3
DA:30,1
DA:31,2
DA:32,0
DA:34,2
DA:36,3
DA:37,3
DA:40,3
DA:47,3
LF:14
LH:13
BRDA:26,0,0,2
BRDA:26,0,1,1
BRDA:27,1,0,2
BRDA:27,1,1,1
BRDA:29,2,0,1
BRDA:29,2,1,2
BRDA:31,3,0,0
BRDA:31,3,1,2
BRDA:40,4,0,1
BRDA:40,4,1,2
BRF:10
BRH:9
end_of_record
TN:
SF:/Users/jtoumey/Code/react/sunnies/src/elements/StaticCountdownTimer/index.tsx
FNF:0
FNH:0
LF:0
LH:0
BRF:0
BRH:0
end_of_record
TN:
SF:/Users/jtoumey/Code/react/sunnies/src/elements/Stepper/Stepper.ios.tsx
FNF:0
FNH:0
LF:0
LH:0
BRF:0
BRH:0
end_of_record
TN:
SF:/Users/jtoumey/Code/react/sunnies/src/elements/Stepper/Stepper.tsx
FN:20,(anonymous_0)
FN:38,(anonymous_1)
FN:40,(anonymous_2)
FN:48,(anonymous_3)
FNF:4
FNH:4
FNDA:3,(anonymous_0)
FNDA:3,(anonymous_1)
FNDA:4,(anonymous_2)
FNDA:9,(anonymous_3)
DA:20,5
DA:21,3
DA:38,5
DA:40,5
DA:41,4
DA:48,5
DA:53,9
DA:55,9
DA:58,9
DA:64,9
DA:65,4
DA:68,5
DA:69,2
DA:81,3
DA:82,0
DA:86,3
DA:90,5
DA:96,5
DA:101,5
LF:19
LH:18
BRDA:53,0,0,0
BRDA:55,1,0,9
BRDA:55,1,1,3
BRDA:64,2,0,4
BRDA:64,2,1,5
BRDA:68,3,0,2
BRDA:68,3,1,3
BRDA:68,4,0,5
BRDA:68,4,1,3
BRDA:74,5,0,0
BRDA:74,5,1,2
BRDA:74,6,0,2
BRDA:74,6,1,0
BRDA:81,7,0,0
BRDA:81,7,1,3
BRF:15
BRH:11
end_of_record
TN:
SF:/Users/jtoumey/Code/react/sunnies/src/elements/Stepper/index.tsx
FNF:0
FNH:0
LF:0
LH:0
BRF:0
BRH:0
end_of_record
TN:
SF:/Users/jtoumey/Code/react/sunnies/src/elements/Tabs/Tabs.ios.tsx
FNF:0
FNH:0
LF:0
LH:0
BRF:0
BRH:0
end_of_record
TN:
SF:/Users/jtoumey/Code/react/sunnies/src/elements/Tabs/Tabs.tsx
FN:63,(anonymous_0)
FN:67,(anonymous_1)
FN:71,(anonymous_2)
FN:77,(anonymous_3)
FN:93,(anonymous_4)
FN:116,(anonymous_5)
FN:121,(anonymous_6)
FN:125,(anonymous_7)
FN:129,(anonymous_8)
FN:141,(anonymous_9)
FN:149,(anonymous_10)
FN:154,(anonymous_11)
FN:168,(anonymous_12)
FN:198,(anonymous_13)
FN:203,(anonymous_14)
FN:213,(anonymous_15)
FN:251,(anonymous_16)
FN:281,(anonymous_17)
FNF:18
FNH:17
FNDA:22,(anonymous_0)
FNDA:14,(anonymous_1)
FNDA:10,(anonymous_2)
FNDA:1,(anonymous_3)
FNDA:15,(anonymous_4)
FNDA:14,(anonymous_5)
FNDA:1,(anonymous_6)
FNDA:0,(anonymous_7)
FNDA:35,(anonymous_8)
FNDA:1,(anonymous_9)
FNDA:15,(anonymous_10)
FNDA:16,(anonymous_11)
FNDA:15,(anonymous_12)
FNDA:15,(anonymous_13)
FNDA:14,(anonymous_14)
FNDA:15,(anonymous_15)
FNDA:15,(anonymous_16)
FNDA:2,(anonymous_17)
DA:61,6
DA:63,22
DA:68,14
DA:71,14
DA:72,14
DA:77,14
DA:78,1
DA:81,1
DA:82,1
DA:90,14
DA:91,14
DA:93,14
DA:94,15
DA:95,15
DA:98,0
DA:99,0
DA:101,0
DA:102,0
DA:105,0
DA:106,0
DA:107,0
DA:109,0
DA:110,0
DA:111,0
DA:112,0
DA:113,0
DA:117,14
DA:118,14
DA:122,1
DA:126,0
DA:129,14
DA:130,35
DA:131,2
DA:133,33
DA:134,33
DA:141,1
DA:150,15
DA:151,15
DA:154,16
DA:168,6
DA:169,15
DA:199,15
DA:203,6
DA:204,14
DA:213,6
DA:214,15
DA:224,6
DA:238,6
DA:250,6
DA:251,15
DA:258,6
DA:267,6
DA:272,6
DA:276,6
DA:281,6
DA:282,2
LF:56
LH:43
BRDA:71,0,0,14
BRDA:71,0,1,8
BRDA:81,1,0,1
BRDA:81,1,1,0
BRDA:94,2,0,15
BRDA:94,2,1,0
BRDA:94,3,0,15
BRDA:94,3,1,0
BRDA:94,3,2,0
BRDA:101,4,0,0
BRDA:101,4,1,0
BRDA:130,5,0,2
BRDA:130,5,1,33
BRDA:134,6,0,15
BRDA:134,6,1,18
BRDA:150,7,0,0
BRDA:199,8,0,15
BRDA:199,8,1,11
BRDA:251,9,0,15
BRDA:251,9,1,0
BRF:20
BRH:12
end_of_record
TN:
SF:/Users/jtoumey/Code/react/sunnies/src/elements/Tabs/index.tsx
FNF:0
FNH:0
LF:0
LH:0
BRF:0
BRH:0
end_of_record
TN:
SF:/Users/jtoumey/Code/react/sunnies/src/elements/Tag/Tag.tsx
FN:16,(anonymous_0)
FN:18,(anonymous_1)
FN:33,(anonymous_2)
FN:49,(anonymous_3)
FN:52,tagBuilder
FN:54,(anonymous_5)
FNF:6
FNH:6
FNDA:504,(anonymous_0)
FNDA:504,(anonymous_1)
FNDA:6,(anonymous_2)
FNDA:20,(anonymous_3)
FNDA:20,tagBuilder
FNDA:6,(anonymous_5)
DA:15,7
DA:16,504
DA:18,504
DA:28,7
DA:33,7
DA:34,6
DA:35,6
DA:36,22
DA:37,13
DA:39,6
DA:49,7
DA:50,20
DA:53,20
DA:55,6
DA:60,20
DA:61,20
DA:64,7
DA:82,7
DA:84,7
LF:19
LH:19
BRDA:36,0,0,9
BRDA:36,0,1,13
BRDA:50,1,0,14
BRDA:50,1,1,6
BRDA:50,2,0,6
BRDA:50,2,1,6
BRDA:52,3,0,7
BRDA:54,4,0,5
BRDA:54,5,0,4
BRF:9
BRH:9
end_of_record
TN:
SF:/Users/jtoumey/Code/react/sunnies/src/elements/Tag/index.tsx
FNF:0
FNH:0
LF:0
LH:0
BRF:0
BRH:0
end_of_record
TN:
SF:/Users/jtoumey/Code/react/sunnies/src/elements/TextArea/TextArea.ios.tsx
FNF:0
FNH:0
LF:0
LH:0
BRF:0
BRH:0
end_of_record
TN:
SF:/Users/jtoumey/Code/react/sunnies/src/elements/TextArea/TextArea.tsx
FN:19,(anonymous_0)
FN:63,(anonymous_1)
FN:70,(anonymous_2)
FN:71,(anonymous_3)
FN:82,(anonymous_4)
FN:88,(anonymous_5)
FN:92,(anonymous_6)
FNF:7
FNH:7
FNDA:29,(anonymous_0)
FNDA:15,(anonymous_1)
FNDA:14,(anonymous_2)
FNDA:14,(anonymous_3)
FNDA:57,(anonymous_4)
FNDA:12,(anonymous_5)
FNDA:29,(anonymous_6)
DA:11,6
DA:19,29
DA:29,6
DA:59,15
DA:64,15
DA:65,15
DA:66,2
DA:71,14
DA:72,14
DA:73,14
DA:74,14
DA:83,57
DA:84,57
DA:85,57
DA:88,15
DA:89,12
DA:93,29
DA:94,29
DA:96,29
DA:98,29
LF:20
LH:20
BRDA:20,0,0,3
BRDA:20,0,1,26
BRDA:23,1,0,3
BRDA:23,1,1,26
BRDA:60,2,0,15
BRDA:60,2,1,13
BRDA:65,3,0,2
BRDA:65,3,1,13
BRDA:74,4,0,14
BRDA:74,4,1,14
BRDA:85,5,0,57
BRDA:85,5,1,41
BRDA:96,6,0,29
BRDA:96,6,1,28
BRDA:100,7,0,29
BRDA:100,7,1,28
BRDA:104,8,0,28
BRDA:104,8,1,1
BRDA:109,9,0,29
BRDA:109,9,1,28
BRDA:130,10,0,29
BRDA:130,10,1,15
BRDA:133,11,0,2
BRDA:133,11,1,13
BRF:24
BRH:24
end_of_record
TN:
SF:/Users/jtoumey/Code/react/sunnies/src/elements/TextArea/index.tsx
FNF:0
FNH:0
LF:0
LH:0
BRF:0
BRH:0
end_of_record
TN:
SF:/Users/jtoumey/Code/react/sunnies/src/elements/TimeRemaining/TimeRemaining.ios.tsx
FNF:0
FNH:0
LF:0
LH:0
BRF:0
BRH:0
end_of_record
TN:
SF:/Users/jtoumey/Code/react/sunnies/src/elements/TimeRemaining/TimeRemaining.tsx
FN:6,(anonymous_0)
FN:13,(anonymous_1)
FNF:2
FNH:2
FNDA:13,(anonymous_0)
FNDA:5,(anonymous_1)
DA:6,13
DA:13,5
DA:14,5
DA:19,5
DA:20,5
DA:21,5
DA:22,5
DA:24,5
LF:8
LH:8
BRDA:13,0,0,0
BRDA:26,1,0,1
BRDA:26,1,1,4
BRDA:30,2,0,4
BRDA:30,2,1,4
BRDA:31,3,0,4
BRDA:31,3,1,2
BRDA:32,4,0,4
BRDA:32,4,1,3
BRF:9
BRH:8
end_of_record
TN:
SF:/Users/jtoumey/Code/react/sunnies/src/elements/TimeRemaining/index.tsx
FNF:0
FNH:0
LF:0
LH:0
BRF:0
BRH:0
end_of_record
TN:
SF:/Users/jtoumey/Code/react/sunnies/src/elements/Toggle/Toggle.ios.tsx
FNF:0
FNH:0
LF:0
LH:0
BRF:0
BRH:0
end_of_record
TN:
SF:/Users/jtoumey/Code/react/sunnies/src/elements/Toggle/Toggle.tsx
FN:30,(anonymous_0)
FN:38,(anonymous_1)
FN:46,(anonymous_2)
FN:86,(anonymous_3)
FNF:4
FNH:4
FNDA:4,(anonymous_0)
FNDA:4,(anonymous_1)
FNDA:6,(anonymous_2)
FNDA:6,(anonymous_3)
DA:21,5
DA:25,4
DA:31,4
DA:33,4
DA:38,4
DA:39,4
DA:40,2
DA:47,6
DA:48,6
DA:50,6
DA:84,5
DA:86,6
DA:91,5
LF:13
LH:13
BRDA:39,0,0,2
BRDA:39,0,1,2
BRDA:63,1,0,6
BRDA:63,1,1,5
BRDA:66,2,0,2
BRDA:66,2,1,3
BRDA:74,3,0,6
BRDA:74,3,1,3
BRDA:74,3,2,3
BRDA:86,4,0,1
BRDA:86,4,1,5
BRF:11
BRH:11
end_of_record
TN:
SF:/Users/jtoumey/Code/react/sunnies/src/elements/Toggle/index.tsx
FNF:0
FNH:0
LF:0
LH:0
BRF:0
BRH:0
end_of_record
TN:
SF:/Users/jtoumey/Code/react/sunnies/src/elements/Tooltip/Tooltip.ios.tsx
FNF:0
FNH:0
LF:0
LH:0
BRF:0
BRH:0
end_of_record
TN:
SF:/Users/jtoumey/Code/react/sunnies/src/elements/Tooltip/Tooltip.tsx
FN:29,(anonymous_0)
FN:31,(anonymous_1)
FN:37,(anonymous_2)
FN:40,(anonymous_3)
FN:78,(anonymous_4)
FN:115,(anonymous_5)
FN:120,(anonymous_6)
FN:124,(anonymous_7)
FN:128,(anonymous_8)
FN:132,(anonymous_9)
FN:159,(anonymous_10)
FNF:11
FNH:0
FNDA:0,(anonymous_0)
FNDA:0,(anonymous_1)
FNDA:0,(anonymous_2)
FNDA:0,(anonymous_3)
FNDA:0,(anonymous_4)
FNDA:0,(anonymous_5)
FNDA:0,(anonymous_6)
FNDA:0,(anonymous_7)
FNDA:0,(anonymous_8)
FNDA:0,(anonymous_9)
FNDA:0,(anonymous_10)
DA:7,5
DA:24,5
DA:30,0
DA:32,0
DA:38,0
DA:40,0
DA:66,5
DA:71,0
DA:76,0
DA:78,0
DA:79,0
DA:80,0
DA:81,0
DA:83,0
DA:85,0
DA:86,0
DA:87,0
DA:88,0
DA:89,0
DA:91,0
DA:92,0
DA:93,0
DA:95,0
DA:96,0
DA:97,0
DA:98,0
DA:101,0
DA:102,0
DA:103,0
DA:104,0
DA:108,0
DA:116,0
DA:117,0
DA:120,0
DA:121,0
DA:124,0
DA:125,0
DA:128,0
DA:129,0
DA:134,0
DA:137,0
DA:159,5
DA:160,0
DA:162,0
DA:163,0
DA:166,0
LF:46
LH:4
BRDA:30,0,0,0
BRDA:30,0,1,0
BRDA:32,1,0,0
BRDA:32,1,1,0
BRDA:38,2,0,0
BRDA:38,2,1,0
BRDA:85,3,0,0
BRDA:85,3,1,0
BRDA:95,4,0,0
BRDA:95,4,1,0
BRDA:101,5,0,0
BRDA:101,5,1,0
BRDA:134,6,0,0
BRDA:134,6,1,0
BRDA:144,7,0,0
BRDA:144,7,1,0
BRDA:145,8,0,0
BRDA:145,8,1,0
BRDA:162,9,0,0
BRDA:162,9,1,0
BRF:20
BRH:0
end_of_record
TN:
SF:/Users/jtoumey/Code/react/sunnies/src/elements/Tooltip/index.tsx
FNF:0
FNH:0
LF:0
LH:0
BRF:0
BRH:0
end_of_record
TN:
SF:/Users/jtoumey/Code/react/sunnies/src/elements/Typography/Typography.tsx
FN:59,(anonymous_0)
FN:99,(anonymous_1)
FN:141,_fontWeight
FN:148,_selectFontFamilyType
FN:171,createStyledText
FN:176,(anonymous_5)
FN:229,(anonymous_6)
FN:259,(anonymous_7)
FNF:8
FNH:8
FNDA:429,(anonymous_0)
FNDA:429,(anonymous_1)
FNDA:430,_fontWeight
FNDA:428,_selectFontFamilyType
FNDA:54,createStyledText
FNDA:430,(anonymous_5)
FNDA:358,(anonymous_6)
FNDA:71,(anonymous_7)
DA:54,18
DA:59,18
DA:60,429
DA:61,303
DA:63,126
DA:98,18
DA:99,429
DA:142,430
DA:143,0
DA:145,430
DA:149,428
DA:175,54
DA:177,430
DA:179,429
DA:180,0
DA:182,429
DA:229,18
DA:230,358
DA:259,18
DA:260,71
DA:261,1
DA:265,70
DA:287,18
DA:289,18
DA:290,18
DA:291,18
LF:26
LH:24
BRDA:60,0,0,303
BRDA:60,0,1,126
BRDA:64,1,0,5
BRDA:64,1,1,121
BRDA:66,2,0,122
BRDA:66,2,1,4
BRDA:99,3,0,429
BRDA:99,3,1,429
BRDA:142,4,0,0
BRDA:142,4,1,430
BRDA:145,5,0,430
BRDA:145,5,1,305
BRDA:149,6,0,4
BRDA:149,6,1,424
BRDA:173,7,0,18
BRDA:179,8,0,0
BRDA:179,8,1,429
BRDA:185,9,0,429
BRDA:185,9,1,429
BRDA:195,10,0,0
BRDA:195,10,1,429
BRDA:230,11,0,1
BRDA:230,11,1,357
BRDA:230,12,0,358
BRDA:230,12,1,3
BRDA:260,13,0,1
BRDA:260,13,1,70
BRDA:260,14,0,71
BRDA:260,14,1,3
BRDA:260,14,2,3
BRF:30
BRH:27
end_of_record
TN:
SF:/Users/jtoumey/Code/react/sunnies/src/elements/Typography/determineFontSizes.ts
FN:7,determineFontSizes
FN:20,(anonymous_1)
FN:22,(anonymous_2)
FNF:3
FNH:3
FNDA:431,determineFontSizes
FNDA:6,(anonymous_1)
FNDA:6,(anonymous_2)
DA:11,431
DA:12,428
DA:13,428
DA:19,3
DA:20,6
DA:23,6
LF:6
LH:6
BRDA:11,0,0,428
BRDA:11,0,1,3
BRF:2
BRH:2
end_of_record
TN:
SF:/Users/jtoumey/Code/react/sunnies/src/elements/Typography/index.tsx
FNF:0
FNH:0
LF:0
LH:0
BRF:0
BRH:0
end_of_record
TN:
SF:/Users/jtoumey/Code/react/sunnies/src/helpers/color.ts
FN:7,(anonymous_0)
FNF:1
FNH:1
FNDA:5815,(anonymous_0)
DA:7,5815
LF:1
LH:1
BRF:0
BRH:0
end_of_record
TN:
SF:/Users/jtoumey/Code/react/sunnies/src/helpers/index.ts
FNF:0
FNH:0
LF:0
LH:0
BRF:0
BRH:0
end_of_record
TN:
SF:/Users/jtoumey/Code/react/sunnies/src/helpers/injectGlobalStyles.tsx
FN:9,injectGlobalStyles
FNF:1
FNH:0
FNDA:0,injectGlobalStyles
DA:12,0
DA:143,0
DA:145,0
DA:151,15
DA:158,15
LF:5
LH:2
BRF:0
BRH:0
end_of_record
TN:
SF:/Users/jtoumey/Code/react/sunnies/src/helpers/isReactNative.tsx
FN:5,isReactNative
FNF:1
FNH:1
FNDA:36,isReactNative
DA:6,36
DA:7,0
DA:9,36
LF:3
LH:2
BRDA:6,0,0,0
BRDA:6,0,1,36
BRDA:6,1,0,36
BRDA:6,1,1,36
BRF:4
BRH:3
end_of_record
TN:
SF:/Users/jtoumey/Code/react/sunnies/src/helpers/media.ts
FN:21,(anonymous_0)
FN:24,(anonymous_1)
FNF:2
FNH:2
FNDA:80,(anonymous_0)
FNDA:60,(anonymous_1)
DA:20,16
DA:22,80
DA:24,60
LF:3
LH:3
BRF:0
BRH:0
end_of_record
TN:
SF:/Users/jtoumey/Code/react/sunnies/src/helpers/space.ts
FN:7,(anonymous_0)
FNF:1
FNH:1
FNDA:332,(anonymous_0)
DA:7,332
LF:1
LH:1
BRF:0
BRH:0
end_of_record
TN:
SF:/Users/jtoumey/Code/react/sunnies/src/platform/primitives.ios.ts
FNF:0
FNH:0
DA:7,0
DA:13,0
DA:14,0
DA:15,0
DA:17,0
DA:18,0
LF:6
LH:0
BRF:0
BRH:0
end_of_record
TN:
SF:/Users/jtoumey/Code/react/sunnies/src/platform/primitives.ts
FNF:0
FNH:0
DA:8,23
DA:14,23
DA:15,23
DA:16,23
DA:21,23
DA:22,23
LF:6
LH:6
BRF:0
BRH:0
end_of_record
TN:
SF:/Users/jtoumey/Code/react/sunnies/src/platform/fonts/fontFamily.ios.ts
FNF:0
FNH:0
DA:6,0
LF:1
LH:0
BRF:0
BRH:0
end_of_record
TN:
SF:/Users/jtoumey/Code/react/sunnies/src/platform/fonts/fontFamily.ts
FNF:0
FNH:0
DA:3,22
DA:8,22
LF:2
LH:2
BRF:0
BRH:0
end_of_record
TN:
SF:/Users/jtoumey/Code/react/sunnies/src/platform/fonts/index.ts
FNF:0
FNH:0
LF:0
LH:0
BRF:0
BRH:0
end_of_record
TN:
SF:/Users/jtoumey/Code/react/sunnies/src/svgs/AddCircleFillIcon.tsx
FN:6,(anonymous_0)
FNF:1
FNH:0
FNDA:0,(anonymous_0)
DA:6,7
DA:7,0
DA:21,7
LF:3
LH:2
BRF:0
BRH:0
end_of_record
TN:
SF:/Users/jtoumey/Code/react/sunnies/src/svgs/AddCircleIcon.tsx
FN:6,(anonymous_0)
FNF:1
FNH:0
FNDA:0,(anonymous_0)
DA:6,7
DA:7,0
LF:2
LH:1
BRF:0
BRH:0
end_of_record
TN:
SF:/Users/jtoumey/Code/react/sunnies/src/svgs/AddIcon.tsx
FN:6,(anonymous_0)
FNF:1
FNH:0
FNDA:0,(anonymous_0)
DA:6,7
DA:7,0
LF:2
LH:1
BRF:0
BRH:0
end_of_record
TN:
SF:/Users/jtoumey/Code/react/sunnies/src/svgs/AlertIcon.tsx
FN:6,(anonymous_0)
FNF:1
FNH:0
FNDA:0,(anonymous_0)
DA:6,7
DA:7,0
LF:2
LH:1
BRF:0
BRH:0
end_of_record
TN:
SF:/Users/jtoumey/Code/react/sunnies/src/svgs/ArrowDownCircleIcon.tsx
FN:6,(anonymous_0)
FNF:1
FNH:0
FNDA:0,(anonymous_0)
DA:6,7
DA:7,0
LF:2
LH:1
BRF:0
BRH:0
end_of_record
TN:
SF:/Users/jtoumey/Code/react/sunnies/src/svgs/ArrowDownIcon.tsx
FN:6,(anonymous_0)
FNF:1
FNH:1
FNDA:3,(anonymous_0)
DA:6,7
DA:7,3
LF:2
LH:2
BRF:0
BRH:0
end_of_record
TN:
SF:/Users/jtoumey/Code/react/sunnies/src/svgs/ArrowLeftCircleIcon.tsx
FN:6,(anonymous_0)
FNF:1
FNH:0
FNDA:0,(anonymous_0)
DA:6,7
DA:7,0
LF:2
LH:1
BRF:0
BRH:0
end_of_record
TN:
SF:/Users/jtoumey/Code/react/sunnies/src/svgs/ArrowLeftIcon.tsx
FN:6,(anonymous_0)
FNF:1
FNH:1
FNDA:9,(anonymous_0)
DA:6,7
DA:7,9
LF:2
LH:2
BRF:0
BRH:0
end_of_record
TN:
SF:/Users/jtoumey/Code/react/sunnies/src/svgs/ArrowRightCircleIcon.tsx
FN:6,(anonymous_0)
FNF:1
FNH:0
FNDA:0,(anonymous_0)
DA:6,7
DA:7,0
LF:2
LH:1
BRF:0
BRH:0
end_of_record
TN:
SF:/Users/jtoumey/Code/react/sunnies/src/svgs/ArrowRightIcon.ios.tsx
FN:7,(anonymous_0)
FNF:1
FNH:0
FNDA:0,(anonymous_0)
DA:7,0
DA:8,0
LF:2
LH:0
BRF:0
BRH:0
end_of_record
TN:
SF:/Users/jtoumey/Code/react/sunnies/src/svgs/ArrowRightIcon.tsx
FN:6,(anonymous_0)
FNF:1
FNH:1
FNDA:15,(anonymous_0)
DA:6,7
DA:7,15
LF:2
LH:2
BRF:0
BRH:0
end_of_record
TN:
SF:/Users/jtoumey/Code/react/sunnies/src/svgs/ArrowUpCircleIcon.tsx
FN:6,(anonymous_0)
FNF:1
FNH:0
FNDA:0,(anonymous_0)
DA:6,7
DA:7,0
LF:2
LH:1
BRF:0
BRH:0
end_of_record
TN:
SF:/Users/jtoumey/Code/react/sunnies/src/svgs/ArrowUpIcon.tsx
FN:6,(anonymous_0)
FNF:1
FNH:1
FNDA:2,(anonymous_0)
DA:6,7
DA:7,2
LF:2
LH:2
BRF:0
BRH:0
end_of_record
TN:
SF:/Users/jtoumey/Code/react/sunnies/src/svgs/ArtsyLogoBlackIcon.tsx
FN:6,(anonymous_0)
FNF:1
FNH:1
FNDA:1,(anonymous_0)
DA:6,7
DA:7,1
DA:20,7
LF:3
LH:3
BRF:0
BRH:0
end_of_record
TN:
SF:/Users/jtoumey/Code/react/sunnies/src/svgs/ArtsyLogoWhiteIcon.tsx
FN:5,(anonymous_0)
FNF:1
FNH:0
FNDA:0,(anonymous_0)
DA:5,7
DA:6,0
LF:2
LH:1
BRF:0
BRH:0
end_of_record
TN:
SF:/Users/jtoumey/Code/react/sunnies/src/svgs/ArtsyMarkBlackIcon.tsx
FN:6,(anonymous_0)
FNF:1
FNH:0
FNDA:0,(anonymous_0)
DA:6,7
DA:7,0
DA:20,7
LF:3
LH:2
BRF:0
BRH:0
end_of_record
TN:
SF:/Users/jtoumey/Code/react/sunnies/src/svgs/ArtsyMarkWhiteIcon.tsx
FN:5,(anonymous_0)
FNF:1
FNH:0
FNDA:0,(anonymous_0)
DA:5,7
DA:6,0
LF:2
LH:1
BRF:0
BRH:0
end_of_record
TN:
SF:/Users/jtoumey/Code/react/sunnies/src/svgs/ArtworkIcon.tsx
FN:6,(anonymous_0)
FNF:1
FNH:0
FNDA:0,(anonymous_0)
DA:6,7
DA:7,0
LF:2
LH:1
BRF:0
BRH:0
end_of_record
TN:
SF:/Users/jtoumey/Code/react/sunnies/src/svgs/AuctionIcon.tsx
FN:6,(anonymous_0)
FNF:1
FNH:0
FNDA:0,(anonymous_0)
DA:6,7
DA:7,0
LF:2
LH:1
BRF:0
BRH:0
end_of_record
TN:
SF:/Users/jtoumey/Code/react/sunnies/src/svgs/BellFillIcon.tsx
FN:6,(anonymous_0)
FNF:1
FNH:0
FNDA:0,(anonymous_0)
DA:6,7
DA:7,0
LF:2
LH:1
BRF:0
BRH:0
end_of_record
TN:
SF:/Users/jtoumey/Code/react/sunnies/src/svgs/BellIcon.tsx
FN:6,(anonymous_0)
FNF:1
FNH:0
FNDA:0,(anonymous_0)
DA:6,7
DA:7,0
LF:2
LH:1
BRF:0
BRH:0
end_of_record
TN:
SF:/Users/jtoumey/Code/react/sunnies/src/svgs/BlueChipIcon.tsx
FN:6,(anonymous_0)
FNF:1
FNH:0
FNDA:0,(anonymous_0)
DA:6,7
DA:7,0
LF:2
LH:1
BRF:0
BRH:0
end_of_record
TN:
SF:/Users/jtoumey/Code/react/sunnies/src/svgs/CheckCircleFillIcon.tsx
FN:6,(anonymous_0)
FNF:1
FNH:0
FNDA:0,(anonymous_0)
DA:6,7
DA:7,0
DA:21,7
LF:3
LH:2
BRF:0
BRH:0
end_of_record
TN:
SF:/Users/jtoumey/Code/react/sunnies/src/svgs/CheckCircleIcon.tsx
FN:6,(anonymous_0)
FNF:1
FNH:0
FNDA:0,(anonymous_0)
DA:6,7
DA:7,0
DA:21,7
DA:23,7
LF:4
LH:3
BRF:0
BRH:0
end_of_record
TN:
SF:/Users/jtoumey/Code/react/sunnies/src/svgs/CheckIcon.tsx
FN:6,(anonymous_0)
FNF:1
FNH:1
FNDA:2,(anonymous_0)
DA:6,7
DA:7,2
LF:2
LH:2
BRF:0
BRH:0
end_of_record
TN:
SF:/Users/jtoumey/Code/react/sunnies/src/svgs/ChevronIcon.tsx
FN:38,(anonymous_0)
FNF:1
FNH:1
FNDA:29,(anonymous_0)
DA:19,7
DA:26,7
DA:38,7
DA:42,29
DA:43,29
LF:5
LH:5
BRDA:39,0,0,6
BRDA:42,1,0,29
BRDA:42,1,1,29
BRF:3
BRH:3
end_of_record
TN:
SF:/Users/jtoumey/Code/react/sunnies/src/svgs/CloseCircleIcon.tsx
FN:6,(anonymous_0)
FNF:1
FNH:0
FNDA:0,(anonymous_0)
DA:6,7
DA:7,0
DA:21,7
LF:3
LH:2
BRF:0
BRH:0
end_of_record
TN:
SF:/Users/jtoumey/Code/react/sunnies/src/svgs/CloseIcon.ios.tsx
FN:7,(anonymous_0)
FNF:1
FNH:0
FNDA:0,(anonymous_0)
DA:7,0
DA:8,0
LF:2
LH:0
BRF:0
BRH:0
end_of_record
TN:
SF:/Users/jtoumey/Code/react/sunnies/src/svgs/CloseIcon.tsx
FN:6,(anonymous_0)
FNF:1
FNH:1
FNDA:8,(anonymous_0)
DA:6,7
DA:7,8
LF:2
LH:2
BRF:0
BRH:0
end_of_record
TN:
SF:/Users/jtoumey/Code/react/sunnies/src/svgs/CollapseIcon.tsx
FN:6,(anonymous_0)
FNF:1
FNH:0
FNDA:0,(anonymous_0)
DA:6,7
DA:7,0
LF:2
LH:1
BRF:0
BRH:0
end_of_record
TN:
SF:/Users/jtoumey/Code/react/sunnies/src/svgs/CreditCardIcon.tsx
FN:17,(anonymous_0)
FN:28,(anonymous_1)
FN:48,(anonymous_2)
FN:62,(anonymous_3)
FN:80,(anonymous_4)
FN:103,(anonymous_5)
FNF:6
FNH:0
FNDA:0,(anonymous_0)
FNDA:0,(anonymous_1)
FNDA:0,(anonymous_2)
FNDA:0,(anonymous_3)
FNDA:0,(anonymous_4)
FNDA:0,(anonymous_5)
DA:17,7
DA:18,0
DA:20,0
DA:28,7
DA:29,0
DA:48,7
DA:49,0
DA:62,7
DA:63,0
DA:80,7
DA:81,0
DA:103,7
DA:104,0
DA:127,7
LF:14
LH:7
BRDA:18,0,0,0
BRDA:18,0,1,0
BRF:2
BRH:0
end_of_record
TN:
SF:/Users/jtoumey/Code/react/sunnies/src/svgs/DocumentIcon.tsx
FN:6,(anonymous_0)
FNF:1
FNH:0
FNDA:0,(anonymous_0)
DA:6,7
DA:7,0
LF:2
LH:1
BRF:0
BRH:0
end_of_record
TN:
SF:/Users/jtoumey/Code/react/sunnies/src/svgs/DownloadIcon.tsx
FN:6,(anonymous_0)
FNF:1
FNH:0
FNDA:0,(anonymous_0)
DA:6,7
DA:7,0
LF:2
LH:1
BRF:0
BRH:0
end_of_record
TN:
SF:/Users/jtoumey/Code/react/sunnies/src/svgs/EditIcon.tsx
FN:6,(anonymous_0)
FNF:1
FNH:0
FNDA:0,(anonymous_0)
DA:6,7
DA:7,0
LF:2
LH:1
BRF:0
BRH:0
end_of_record
TN:
SF:/Users/jtoumey/Code/react/sunnies/src/svgs/EnterIcon.tsx
FN:6,(anonymous_0)
FNF:1
FNH:0
FNDA:0,(anonymous_0)
DA:6,7
DA:7,0
LF:2
LH:1
BRF:0
BRH:0
end_of_record
TN:
SF:/Users/jtoumey/Code/react/sunnies/src/svgs/EnvelopeIcon.tsx
FN:6,(anonymous_0)
FNF:1
FNH:0
FNDA:0,(anonymous_0)
DA:6,7
DA:7,0
LF:2
LH:1
BRF:0
BRH:0
end_of_record
TN:
SF:/Users/jtoumey/Code/react/sunnies/src/svgs/EstablishedIcon.tsx
FN:6,(anonymous_0)
FNF:1
FNH:0
FNDA:0,(anonymous_0)
DA:6,7
DA:7,0
DA:21,7
LF:3
LH:2
BRF:0
BRH:0
end_of_record
TN:
SF:/Users/jtoumey/Code/react/sunnies/src/svgs/ExpandIcon.tsx
FN:6,(anonymous_0)
FNF:1
FNH:0
FNDA:0,(anonymous_0)
DA:6,7
DA:7,0
LF:2
LH:1
BRF:0
BRH:0
end_of_record
TN:
SF:/Users/jtoumey/Code/react/sunnies/src/svgs/EyeClosedIcon.tsx
FN:6,(anonymous_0)
FNF:1
FNH:0
FNDA:0,(anonymous_0)
DA:6,7
DA:7,0
DA:21,7
LF:3
LH:2
BRF:0
BRH:0
end_of_record
TN:
SF:/Users/jtoumey/Code/react/sunnies/src/svgs/EyeOpenedIcon.ios.tsx
FN:7,(anonymous_0)
FNF:1
FNH:0
FNDA:0,(anonymous_0)
DA:7,0
DA:8,0
LF:2
LH:0
BRF:0
BRH:0
end_of_record
TN:
SF:/Users/jtoumey/Code/react/sunnies/src/svgs/EyeOpenedIcon.tsx
FN:6,(anonymous_0)
FNF:1
FNH:0
FNDA:0,(anonymous_0)
DA:6,7
DA:7,0
DA:20,7
LF:3
LH:2
BRF:0
BRH:0
end_of_record
TN:
SF:/Users/jtoumey/Code/react/sunnies/src/svgs/FacebookIcon.tsx
FN:6,(anonymous_0)
FNF:1
FNH:0
FNDA:0,(anonymous_0)
DA:6,7
DA:7,0
LF:2
LH:1
BRF:0
BRH:0
end_of_record
TN:
SF:/Users/jtoumey/Code/react/sunnies/src/svgs/FairIcon.tsx
FN:6,(anonymous_0)
FNF:1
FNH:0
FNDA:0,(anonymous_0)
DA:6,7
DA:7,0
LF:2
LH:1
BRF:0
BRH:0
end_of_record
TN:
SF:/Users/jtoumey/Code/react/sunnies/src/svgs/FilterIcon.tsx
FN:6,(anonymous_0)
FNF:1
FNH:0
FNDA:0,(anonymous_0)
DA:6,7
DA:7,0
LF:2
LH:1
BRF:0
BRH:0
end_of_record
TN:
SF:/Users/jtoumey/Code/react/sunnies/src/svgs/GenomeIcon.tsx
FN:6,(anonymous_0)
FNF:1
FNH:0
FNDA:0,(anonymous_0)
DA:6,7
DA:7,0
LF:2
LH:1
BRF:0
BRH:0
end_of_record
TN:
SF:/Users/jtoumey/Code/react/sunnies/src/svgs/GraphIcon.tsx
FN:6,(anonymous_0)
FNF:1
FNH:0
FNDA:0,(anonymous_0)
DA:6,7
DA:7,0
LF:2
LH:1
BRF:0
BRH:0
end_of_record
TN:
SF:/Users/jtoumey/Code/react/sunnies/src/svgs/HeartFillIcon.ios.tsx
FN:7,(anonymous_0)
FNF:1
FNH:0
FNDA:0,(anonymous_0)
DA:7,0
DA:8,0
LF:2
LH:0
BRF:0
BRH:0
end_of_record
TN:
SF:/Users/jtoumey/Code/react/sunnies/src/svgs/HeartFillIcon.tsx
FN:6,(anonymous_0)
FNF:1
FNH:0
FNDA:0,(anonymous_0)
DA:6,7
DA:7,0
LF:2
LH:1
BRF:0
BRH:0
end_of_record
TN:
SF:/Users/jtoumey/Code/react/sunnies/src/svgs/HeartIcon.ios.tsx
FN:7,(anonymous_0)
FNF:1
FNH:0
FNDA:0,(anonymous_0)
DA:7,0
DA:8,0
LF:2
LH:0
BRF:0
BRH:0
end_of_record
TN:
SF:/Users/jtoumey/Code/react/sunnies/src/svgs/HeartIcon.tsx
FN:6,(anonymous_0)
FNF:1
FNH:0
FNDA:0,(anonymous_0)
DA:6,7
DA:7,0
LF:2
LH:1
BRF:0
BRH:0
end_of_record
TN:
SF:/Users/jtoumey/Code/react/sunnies/src/svgs/HomeIcon.tsx
FN:6,(anonymous_0)
FNF:1
FNH:0
FNDA:0,(anonymous_0)
DA:6,7
DA:7,0
LF:2
LH:1
BRF:0
BRH:0
end_of_record
TN:
SF:/Users/jtoumey/Code/react/sunnies/src/svgs/Icon.ios.tsx
FNF:0
FNH:0
DA:33,0
DA:43,0
LF:2
LH:0
BRF:0
BRH:0
end_of_record
TN:
SF:/Users/jtoumey/Code/react/sunnies/src/svgs/Icon.tsx
FNF:0
FNH:0
DA:32,7
DA:42,7
LF:2
LH:2
BRF:0
BRH:0
end_of_record
TN:
SF:/Users/jtoumey/Code/react/sunnies/src/svgs/InfoCircleIcon.tsx
FN:6,(anonymous_0)
FNF:1
FNH:0
FNDA:0,(anonymous_0)
DA:6,7
DA:7,0
LF:2
LH:1
BRF:0
BRH:0
end_of_record
TN:
SF:/Users/jtoumey/Code/react/sunnies/src/svgs/InstagramIcon.tsx
FN:6,(anonymous_0)
FNF:1
FNH:0
FNDA:0,(anonymous_0)
DA:6,7
DA:7,0
LF:2
LH:1
BRF:0
BRH:0
end_of_record
TN:
SF:/Users/jtoumey/Code/react/sunnies/src/svgs/InstitutionIcon.tsx
FN:6,(anonymous_0)
FNF:1
FNH:0
FNDA:0,(anonymous_0)
DA:6,7
DA:7,0
DA:25,7
LF:3
LH:2
BRF:0
BRH:0
end_of_record
TN:
SF:/Users/jtoumey/Code/react/sunnies/src/svgs/LoaderIcon.tsx
FN:6,(anonymous_0)
FNF:1
FNH:0
FNDA:0,(anonymous_0)
DA:6,7
DA:7,0
LF:2
LH:1
BRF:0
BRH:0
end_of_record
TN:
SF:/Users/jtoumey/Code/react/sunnies/src/svgs/LockIcon.tsx
FN:6,(anonymous_0)
FNF:1
FNH:0
FNDA:0,(anonymous_0)
DA:6,7
DA:7,0
LF:2
LH:1
BRF:0
BRH:0
end_of_record
TN:
SF:/Users/jtoumey/Code/react/sunnies/src/svgs/LogoutIcon.tsx
FN:6,(anonymous_0)
FNF:1
FNH:0
FNDA:0,(anonymous_0)
DA:6,7
DA:7,0
DA:23,7
LF:3
LH:2
BRF:0
BRH:0
end_of_record
TN:
SF:/Users/jtoumey/Code/react/sunnies/src/svgs/MagnifyingGlassIcon.tsx
FN:6,(anonymous_0)
FNF:1
FNH:0
FNDA:0,(anonymous_0)
DA:6,7
DA:7,0
LF:2
LH:1
BRF:0
BRH:0
end_of_record
TN:
SF:/Users/jtoumey/Code/react/sunnies/src/svgs/MapPinIcon.tsx
FN:6,(anonymous_0)
FNF:1
FNH:0
FNDA:0,(anonymous_0)
DA:6,7
DA:7,0
DA:21,7
LF:3
LH:2
BRF:0
BRH:0
end_of_record
TN:
SF:/Users/jtoumey/Code/react/sunnies/src/svgs/MenuIcon.tsx
FN:6,(anonymous_0)
FNF:1
FNH:0
FNDA:0,(anonymous_0)
DA:6,7
DA:7,0
LF:2
LH:1
BRF:0
BRH:0
end_of_record
TN:
SF:/Users/jtoumey/Code/react/sunnies/src/svgs/MessageIcon.tsx
FN:6,(anonymous_0)
FNF:1
FNH:0
FNDA:0,(anonymous_0)
DA:6,7
DA:7,0
LF:2
LH:1
BRF:0
BRH:0
end_of_record
TN:
SF:/Users/jtoumey/Code/react/sunnies/src/svgs/MoreIcon.tsx
FN:6,(anonymous_0)
FNF:1
FNH:0
FNDA:0,(anonymous_0)
DA:6,7
DA:7,0
LF:2
LH:1
BRF:0
BRH:0
end_of_record
TN:
SF:/Users/jtoumey/Code/react/sunnies/src/svgs/NoImageIcon.tsx
FN:6,(anonymous_0)
FNF:1
FNH:0
FNDA:0,(anonymous_0)
DA:6,7
DA:7,0
LF:2
LH:1
BRF:0
BRH:0
end_of_record
TN:
SF:/Users/jtoumey/Code/react/sunnies/src/svgs/PageIcon.tsx
FN:6,(anonymous_0)
FNF:1
FNH:0
FNDA:0,(anonymous_0)
DA:6,7
DA:7,0
LF:2
LH:1
BRF:0
BRH:0
end_of_record
TN:
SF:/Users/jtoumey/Code/react/sunnies/src/svgs/PageViewsIcon.tsx
FN:6,(anonymous_0)
FNF:1
FNH:0
FNDA:0,(anonymous_0)
DA:6,7
DA:7,0
LF:2
LH:1
BRF:0
BRH:0
end_of_record
TN:
SF:/Users/jtoumey/Code/react/sunnies/src/svgs/PublicationIcon.tsx
FN:6,(anonymous_0)
FNF:1
FNH:0
FNDA:0,(anonymous_0)
DA:6,7
DA:7,0
DA:21,7
LF:3
LH:2
BRF:0
BRH:0
end_of_record
TN:
SF:/Users/jtoumey/Code/react/sunnies/src/svgs/QuestionCircleIcon.tsx
FN:6,(anonymous_0)
FNF:1
FNH:0
FNDA:0,(anonymous_0)
DA:6,7
DA:7,0
DA:20,7
LF:3
LH:2
BRF:0
BRH:0
end_of_record
TN:
SF:/Users/jtoumey/Code/react/sunnies/src/svgs/ReloadIcon.tsx
FN:6,(anonymous_0)
FNF:1
FNH:0
FNDA:0,(anonymous_0)
DA:6,7
DA:7,0
LF:2
LH:1
BRF:0
BRH:0
end_of_record
TN:
SF:/Users/jtoumey/Code/react/sunnies/src/svgs/SettingsIcon.tsx
FN:6,(anonymous_0)
FNF:1
FNH:0
FNDA:0,(anonymous_0)
DA:6,7
DA:7,0
LF:2
LH:1
BRF:0
BRH:0
end_of_record
TN:
SF:/Users/jtoumey/Code/react/sunnies/src/svgs/ShareIcon.ios.tsx
FN:7,(anonymous_0)
FNF:1
FNH:0
FNDA:0,(anonymous_0)
DA:7,0
DA:8,0
LF:2
LH:0
BRF:0
BRH:0
end_of_record
TN:
SF:/Users/jtoumey/Code/react/sunnies/src/svgs/ShareIcon.tsx
FN:6,(anonymous_0)
FNF:1
FNH:0
FNDA:0,(anonymous_0)
DA:6,7
DA:7,0
LF:2
LH:1
BRF:0
BRH:0
end_of_record
TN:
SF:/Users/jtoumey/Code/react/sunnies/src/svgs/TagIcon.tsx
FN:6,(anonymous_0)
FNF:1
FNH:0
FNDA:0,(anonymous_0)
DA:6,7
DA:7,0
LF:2
LH:1
BRF:0
BRH:0
end_of_record
TN:
SF:/Users/jtoumey/Code/react/sunnies/src/svgs/TimerIcon.tsx
FN:6,(anonymous_0)
FNF:1
FNH:1
FNDA:3,(anonymous_0)
DA:6,7
DA:7,3
LF:2
LH:2
BRF:0
BRH:0
end_of_record
TN:
SF:/Users/jtoumey/Code/react/sunnies/src/svgs/TopEmergingIcon.tsx
FN:6,(anonymous_0)
FNF:1
FNH:0
FNDA:0,(anonymous_0)
DA:6,7
DA:7,0
LF:2
LH:1
BRF:0
BRH:0
end_of_record
TN:
SF:/Users/jtoumey/Code/react/sunnies/src/svgs/TrashIcon.tsx
FN:6,(anonymous_0)
FNF:1
FNH:0
FNDA:0,(anonymous_0)
DA:6,7
DA:7,0
LF:2
LH:1
BRF:0
BRH:0
end_of_record
TN:
SF:/Users/jtoumey/Code/react/sunnies/src/svgs/TwitterIcon.tsx
FN:6,(anonymous_0)
FNF:1
FNH:0
FNDA:0,(anonymous_0)
DA:6,7
DA:7,0
LF:2
LH:1
BRF:0
BRH:0
end_of_record
TN:
SF:/Users/jtoumey/Code/react/sunnies/src/svgs/UserMultiIcon.tsx
FN:6,(anonymous_0)
FNF:1
FNH:0
FNDA:0,(anonymous_0)
DA:6,7
DA:7,0
DA:21,7
LF:3
LH:2
BRF:0
BRH:0
end_of_record
TN:
SF:/Users/jtoumey/Code/react/sunnies/src/svgs/UserSingleIcon.tsx
FN:6,(anonymous_0)
FNF:1
FNH:0
FNDA:0,(anonymous_0)
DA:6,7
DA:7,0
DA:21,7
LF:3
LH:2
BRF:0
BRH:0
end_of_record
TN:
SF:/Users/jtoumey/Code/react/sunnies/src/svgs/WeChatIcon.ios.tsx
FNF:0
FNH:0
LF:0
LH:0
BRF:0
BRH:0
end_of_record
TN:
SF:/Users/jtoumey/Code/react/sunnies/src/svgs/WeChatIcon.tsx
FN:12,(anonymous_0)
FN:19,(anonymous_1)
FN:23,(anonymous_2)
FN:27,(anonymous_3)
FNF:4
FNH:0
FNDA:0,(anonymous_0)
FNDA:0,(anonymous_1)
FNDA:0,(anonymous_2)
FNDA:0,(anonymous_3)
DA:13,0
DA:14,0
DA:19,0
DA:20,0
DA:23,0
DA:24,0
DA:28,0
DA:53,7
DA:54,7
DA:55,7
DA:57,7
DA:86,7
LF:12
LH:5
BRDA:43,0,0,0
BRDA:43,0,1,0
BRF:2
BRH:0
end_of_record
TN:
SF:/Users/jtoumey/Code/react/sunnies/src/svgs/index.tsx
FNF:0
FNH:0
LF:0
LH:0
BRF:0
BRH:0
end_of_record
TN:
SF:/Users/jtoumey/Code/react/sunnies/src/util/usePrevious.ts
FN:7,usePrevious
FN:9,(anonymous_1)
FNF:2
FNH:2
FNDA:12,usePrevious
FNDA:6,(anonymous_1)
DA:8,12
DA:9,12
DA:10,6
DA:12,12
LF:4
LH:4
BRF:0
BRH:0
end_of_record
